All percent data in json file will be stored 0.25.. which means 25%
Total Diff from cb87d65dc32c31e5baf65e2c902d7cbd is 20367.62729961773 bringing totaldiffcount to 20367.62729961773
Total Diff from 5f72c050e6113cfbfcc964bd5eddd359 is 3719.94626428256 bringing totaldiffcount to 24087.57356390029
Total Diff from 32ee2ae7b68222ff8cc83b39a35d52d4 is 5685.6975435059 bringing totaldiffcount to 29773.27110740619
Total Diff from fb3f0673803f915287cd5ac3a3394e66 is 18187.7927892753 bringing totaldiffcount to 47961.06389668149
Total Diff from 049144b3fb2e414f5d122a2807066342 is 5773.1567108680 bringing totaldiffcount to 53734.22060754949
Total Diff from 154ee375de9d845455e79c94e1586f82 is 36273.3587032615 bringing totaldiffcount to 90007.57931081099
Total Diff from 374c61cfad513f44440f8d1df24b3488 is 13558.98804807843 bringing totaldiffcount to 103566.56735888942
Total Diff from 9d88de6ad21612828f03e30c5f261b1f is 1582.33560303603 bringing totaldiffcount to 105148.90296192545
Total Diff from 663fe6b7010ad83e4d056f00629df188 is 1447.5731103948 bringing totaldiffcount to 106596.47607232025
Total Diff from b7c805f71ca6f268ad3ae0aaa450de9f is 4381.908459951530 bringing totaldiffcount to 110978.384532271780
Total Diff from e64c6f0a50af958349a03ee08ab178f7 is 2371.46693090370 bringing totaldiffcount to 113349.851463175480
Total Diff from b1fc8162e7d4c87a9f3f02657c2a6ccb is 30998.5541770500 bringing totaldiffcount to 144348.405640225480
Total Diff from d2ba1846426099335fd80b6014e92fb9 is 1264.12136552796 bringing totaldiffcount to 145612.527005753440
Total Diff from b62cee6d4f1807941bee1bc80cc36aaa is 7351.51641624197 bringing totaldiffcount to 152964.043421995410
Total Diff from 3e4e5ee66e0105c11dff0eed0519cf2f is 4561.25006431827 bringing totaldiffcount to 157525.293486313680
Total Diff from 8f6c3ee5d5bb28b38993a36bbba99951 is 5001.2469026405 bringing totaldiffcount to 162526.540388954180
Total Diff from bfd4e6e64a9f79fd8fd01c6c4e770c81 is 59134.83411272764 bringing totaldiffcount to 221661.374501681820
Total Diff from 94caecac9ba0a36e7491227096e11d3c is 1548.6330500263 bringing totaldiffcount to 223210.007551708120
Total Diff from f34b4767ef9b5944a3c392ed4e69a7a0 is 9452.57190606877 bringing totaldiffcount to 232662.579457776890
Total Diff from 1963a6f109ea770c195a0e1afacd2eba is 47876.616784601 bringing totaldiffcount to 280539.196242377890
Total Diff from bff460f47717e7c1835843fdafd4a278 is 1317.91290663226 bringing totaldiffcount to 281857.109149010150
Total Diff from 495ab3a5de85166ef3ecb6f4f638cd29 is 107.72083348729 bringing totaldiffcount to 281964.829982497440
Total Diff from 94f5685db91571dc9427c8bcc5e18570 is 14408.82071208430 bringing totaldiffcount to 296373.650694581740
Total Diff from 2e2d8005f09feef6ecd400aedfd9cf82 is 1443.41205648728 bringing totaldiffcount to 297817.062751069020
Total Diff from b837ffae734b258adde58c5ba921fc0b is 92103.4689419213 bringing totaldiffcount to 389920.531692990320
Total Diff from 44171557b5c9afd6271e52ac0e0393ee is 20244.7941524498 bringing totaldiffcount to 410165.325845440120
Total Diff from 4563338e20bb2bc44d6ea9dc28bb70f9 is 18.090532959134 bringing totaldiffcount to 410183.416378399254
Total Diff from 82b97f9b6fe3c08af41b47f1a3a1a545 is 2696.95351977827 bringing totaldiffcount to 412880.369898177524
Total Diff from c4b0aabb0caebb594b1da76618f40146 is 9233.41703836940 bringing totaldiffcount to 422113.786936546924
Total Diff from 4a7d815d29be5adc1b7052f465f0d1ea is 65492.56405857270 bringing totaldiffcount to 487606.350995119624
Total Diff from 0cd7082d3d231f5b24adc4843103f44a is 16642.51152108209 bringing totaldiffcount to 504248.862516201714
Total Diff from 870405e5518dc80048a6ddad44d86660 is 1.872005725146 bringing totaldiffcount to 504250.734521926860
Total Diff from 661acb02264b8d5c129fa3c5103b52fb is 972.648347518613 bringing totaldiffcount to 505223.382869445473
Total Diff from a3a40e2aac773f6559941a93dbf84b0c is 1126.81532551518 bringing totaldiffcount to 506350.198194960653
Total Diff from cccb82cacfc5ae2141b841dfde457cee is 20579.3568383814930 bringing totaldiffcount to 526929.5550333421460
Total Diff from b858fcb0f02d895e8e9b7267db3600b7 is 14212.0332356400 bringing totaldiffcount to 541141.5882689821460
Total Diff from eb3e92107e6ee293fd7b9f4490e5c232 is 72508.4394519306 bringing totaldiffcount to 613650.0277209127460
Total Diff from 07065b315ac186d42fbe2e5ef734b7cb is 16014.85190363956 bringing totaldiffcount to 629664.8796245523060
Total Diff from 7a914235a608c65081b80c042d791e62 is 643.266973197781 bringing totaldiffcount to 630308.1465977500870
Total Diff from 0b3e9507b7e91d1ae13ca41262fee609 is 27539.710454797 bringing totaldiffcount to 657847.8570525470870
Total Diff from 7405df90cf38e7f7ee1b38a6990a809a is 9455.8350035667 bringing totaldiffcount to 667303.6920561137870
Total Diff from ee0737bd4e0ca6955ac8fd75eeae34ae is 17418.98712344600 bringing totaldiffcount to 684722.6791795597870
Total Diff from eff724ef3f568039248fbfedb2643b67 is 11923.1757664381 bringing totaldiffcount to 696645.8549459978870
Total Diff from e5d98ef2203fa1d1de8a6c618d4012e5 is 5763.10481383736 bringing totaldiffcount to 702408.9597598352470
Total Diff from f1cda4e1a3da3b73bbe257ae33016789 is 1962.038722126860 bringing totaldiffcount to 704370.9984819621070
Total Diff from 3081ff717f5e91cd0b47da5349bda89d is 23.0957122295 bringing totaldiffcount to 704394.0941941916070
Total Diff from d4d20c6261f943f219a6905c8eefea87 is 13.139179734996 bringing totaldiffcount to 704407.2333739266030
Total Diff from 707e43d51e302fae085b4a2a8e61f964 is 1778.52821575593 bringing totaldiffcount to 706185.7615896825330
Total Diff from 938d913651851c449ba9038fd9792f24 is 24.72445874190 bringing totaldiffcount to 706210.4860484244330
Total Diff from a2abc3473c6c04b559e930b8860eddd9 is 24454.0542059177 bringing totaldiffcount to 730664.5402543421330
Total Diff from db3cf00a057e85fa2d8fa41cebca423c is 10012.0964898246 bringing totaldiffcount to 740676.6367441667330
Total Diff from 6065aaac6cd4802993fa634eb6d5fa4c is 414.253231856179 bringing totaldiffcount to 741090.8899760229120
Total Diff from 924a190bb9827719e7c19b3107fe7fd6 is 6423.51455322749 bringing totaldiffcount to 747514.4045292504020
Total Diff from 6387eda1469f5c8f07bfd57eec3b16df is 514.231323342734 bringing totaldiffcount to 748028.6358525931360
Total Diff from 0968f3f73c358da2dd8b4854e1ede35e is 212.667704551630 bringing totaldiffcount to 748241.3035571447660
Total Diff from dc595bd113c87ce124f30db28562f2db is 304.90835169483 bringing totaldiffcount to 748546.2119088395960
Total Diff from 6f4d373809620f9e515deac5d1570a38 is 6803.8798060467 bringing totaldiffcount to 755350.0917148862960
Total Diff from 835ab55044fcfb6b251ea65316477544 is 1627.810827048796 bringing totaldiffcount to 756977.9025419350920
Total Diff from 9f9b938e36f7c76fd22ca717d1a122c5 is 5577.68150730833 bringing totaldiffcount to 762555.5840492434220
Total Diff from 824bdc496abd278d3547a74b1e187f5c is 11312.73706642978 bringing totaldiffcount to 773868.3211156732020
Total Diff from fda0739e22e485f9c8cf0fcda1ec443f is 1027.8153898521 bringing totaldiffcount to 774896.1365055253020
Total Diff from 0de87e305d5d3a9cd58bde8a9f84339b is 4965.138623729 bringing totaldiffcount to 779861.2751292543020
Total Diff from 5d69de358e4826b5b8ca94aa759636d3 is 30734.89992291772 bringing totaldiffcount to 810596.1750521720220
Total Diff from 3b506ca17b3c9fba239d8059ca4846cf is 893.04143568604 bringing totaldiffcount to 811489.2164878580620
Total Diff from 575d3a53f4ab77448fae6aa5f8f5bdbc is 1235.49105939914 bringing totaldiffcount to 812724.7075472572020
Total Diff from 4f0fecd04be3a74c46aa9678f780d028 is 4215.84732890665 bringing totaldiffcount to 816940.5548761638520
Total Diff from e853373f26dc687a2e93d3621aadda88 is 2004.2131592388093 bringing totaldiffcount to 818944.7680354026613
Total Diff from 6fef768a3a12d4fbbf71293346bb3fa2 is 3336.4674337697 bringing totaldiffcount to 822281.2354691723613
Total Diff from 33b999143e4108d2a641b03642814f64 is 1111.15294542059 bringing totaldiffcount to 823392.3884145929513
Total Diff from 0c795e2af37411d8c917822318408a46 is 21589.44751116170 bringing totaldiffcount to 844981.8359257546513
Total Diff from 2856d86897e43e601daeb1065983043b is 3910.8932603105 bringing totaldiffcount to 848892.7291860651513
Total Diff from 431d0ac8a393f828adc516d173553434 is 18686.1772671484016 bringing totaldiffcount to 867578.9064532135529
Total Diff from 7f3b364e2389d856b66ba01b1e31d580 is 22217.6542106953 bringing totaldiffcount to 889796.5606639088529
Total Diff from 43976f32f82d1a2e917a4357c4e62ebd is 11323.185619034680 bringing totaldiffcount to 901119.7462829435329
Total Diff from 1aace2ce8237f2e1639abcdb93939dd4 is 4343.12389165662 bringing totaldiffcount to 905462.8701746001529
Total Diff from 29f12dc6023619cab1c87f1f52914dfc is 5600.329186752196 bringing totaldiffcount to 911063.1993613523489
Total Diff from 114e1ae9cf888c85b84701192d4fad1e is 5361.6319640326 bringing totaldiffcount to 916424.8313253849489
Total Diff from 6fdef419a9d36926fd707131a7fd7e53 is 86.297463993840 bringing totaldiffcount to 916511.1287893787889
Total Diff from 558c3e1d4623b1b03396a066f94d9cbe is 6632.45345134305 bringing totaldiffcount to 923143.5822407218389
Total Diff from f0edea95764d211864a91664d8383f4c is 4074.2723944613 bringing totaldiffcount to 927217.8546351831389
Total Diff from 61352139ef237d88badcab4f247dbb16 is 18079.31986527000 bringing totaldiffcount to 945297.1745004531389
Total Diff from 58f5b01c2a4356551bb9c770f2ce84b6 is 1655.85900856035 bringing totaldiffcount to 946953.0335090134889
Total Diff from a0462ef12d6f11deac43fb0fb3c8e86c is 1584.72433064160 bringing totaldiffcount to 948537.7578396550889
Total Diff from 28e0ae8715768aff53e2dc971251402c is 39364.1698320600 bringing totaldiffcount to 987901.9276717150889
Total Diff from f0e488d3d7532d6e4ce6a73d75f3ae67 is 1973.827312767095 bringing totaldiffcount to 989875.7549844821839
Total Diff from 4f302e181503bc27c4b87b8507be0985 is 6348.2626432938 bringing totaldiffcount to 996224.0176277759839
Total Diff from b7889a19cf219bf01205d412b076814f is 48.7491901955 bringing totaldiffcount to 996272.7668179714839
Total Diff from b45c5017b7e7fbe7e7f0c672c78daf98 is 7545.01982904043 bringing totaldiffcount to 1003817.7866470119139
Total Diff from b7ff0838d0db24e867f689fa52422ee8 is 430.10330439525 bringing totaldiffcount to 1004247.8899514071639
Total Diff from 727aa043ebcd8eff51af41145cde178a is 15221.1050431854 bringing totaldiffcount to 1019468.9949945925639
Total Diff from f6e9b9c140a2363fd623bfe0048f2425 is 13940.34217627652 bringing totaldiffcount to 1033409.3371708690839
Total Diff from f9d951f6684cc848bf84e3f6d82a8346 is 624.61317329844 bringing totaldiffcount to 1034033.9503441675239
Total Diff from 0de9afa3b9ff3870dc5da23599750cda is 4094.65861394406 bringing totaldiffcount to 1038128.6089581115839
Total Diff from 193cd7c15933c9ca00ab79a9f92a54ed is 366.059429620784 bringing totaldiffcount to 1038494.6683877323679
Total Diff from 2bebcc51ce6b307d8410ba59a9072039 is 156289.9367518110 bringing totaldiffcount to 1194784.6051395433679
Total Diff from fe4a710fb94501cd94aabd1ed17b6a56 is 4.14294012350 bringing totaldiffcount to 1194788.7480796668679
Total Diff from 25d003249f8a48a462584bc4bf550e26 is 32534.85426421896 bringing totaldiffcount to 1227323.6023438858279
Total Diff from ce2a4b70c866643a115da634fc7f06fc is 2384.6697235022 bringing totaldiffcount to 1229708.2720673880279
Total Diff from f54f51af9ccd1bb3b38fcd02e290b997 is 4998.6102922029 bringing totaldiffcount to 1234706.8823595909279
Total Diff from 242466d114cc32914e02874e6226716e is 1177.117815960440 bringing totaldiffcount to 1235884.0001755513679
Total Diff from d53c704ef532da4a5a3ccec067a820a6 is 6813.8914649799 bringing totaldiffcount to 1242697.8916405312679
Total Diff from 4da3743bb4071d6cc28bd862d7ca99ff is 17227.9391298985 bringing totaldiffcount to 1259925.8307704297679
Total Diff from 55a0cb448335518eb401631a8c31de48 is 19032.92413183926 bringing totaldiffcount to 1278958.7549022690279
Total Diff from aa1c62826fb9c377832292169da8b6e9 is 4724.93233405403 bringing totaldiffcount to 1283683.6872363230579
Total Diff from 98c4b4e30516dabe245c354bdc32900e is 1319.86211065343 bringing totaldiffcount to 1285003.5493469764879
Total Diff from 2eac618ae38dde417921473f8f54dc8c is 18690.27050432045 bringing totaldiffcount to 1303693.8198512969379
Total Diff from 7017451628abfb338d625317d6573374 is 262.9098454194014 bringing totaldiffcount to 1303956.7296967163393
Total Diff from 08321f22a670ce593f85cee0aceed378 is 4697.10960912596 bringing totaldiffcount to 1308653.8393058422993
Total Diff from 00565aba8b273e72f5292dd54c2e9d9c is 6076.5646475712 bringing totaldiffcount to 1314730.4039534134993
Total Diff from 54404c886a6a3ffe385d86326de7a75c is 2329.91530664836 bringing totaldiffcount to 1317060.3192600618593
Total Diff from 8bec951f6364cb21bd80e8ab356d3286 is 6741.8713380988 bringing totaldiffcount to 1323802.1905981606593
Total Diff from acd2b79de6dc22546ff09cb523f32cd2 is 412.0822831643 bringing totaldiffcount to 1324214.2728813249593
Total Diff from e3609d2b817e65e79cdcba44c81e0538 is 7307.6615196541285 bringing totaldiffcount to 1331521.9344009790878
Total Diff from 632b1d5280af4929fab92eee6ed1d920 is 184.13993396276 bringing totaldiffcount to 1331706.0743349418478
Total Diff from e7f90818e3e87c0bbefe83ad3cfe27e1 is 1295663.084613599 bringing totaldiffcount to 2627369.1589485408478
Total Diff from 209cf08ce2d60e836894ef4fb991ddc9 is 43338.8042020150500 bringing totaldiffcount to 2670707.9631505558978
Total Diff from a92e1cf0903633d62283ea1f101a1af3 is 15692.9993951913 bringing totaldiffcount to 2686400.9625457471978
Total Diff from fd8bf94446105ffa781c54414e287dc6 is 3200.89447492670 bringing totaldiffcount to 2689601.8570206738978
Total Diff from 0b5ef259411ec18e8dac2be0b732fd23 is 10858.8063786408 bringing totaldiffcount to 2700460.6633993146978
Total Diff from 4255bf7a07011016e9152f2cba514f6e is 35940.0451336928 bringing totaldiffcount to 2736400.7085330074978
Total Diff from 2739e10cc6acd5fcee74199f46428534 is 877.298295431660 bringing totaldiffcount to 2737278.0068284391578
Total Diff from a0d15c67aea509d42733de8b34093a2e is 8179.9714207920 bringing totaldiffcount to 2745457.9782492311578
Total Diff from 8f4b9102b229931be807c600f9a39940 is 8877.06004510543 bringing totaldiffcount to 2754335.0382943365878
Total Diff from ee2c8c9a73e894ec812ee0c16ebabd1d is 13560.16623071340 bringing totaldiffcount to 2767895.2045250499878
Total Diff from 5188365b01e83b3244477e8c9a0062f7 is 8380.8034823222 bringing totaldiffcount to 2776276.0080073721878
Total Diff from 6ad54a9f1c4d97c9f1857b31c6a4127c is 233527.3662766960 bringing totaldiffcount to 3009803.3742840681878
Total Diff from a2e48b7a0466a6166dab13ec6ca1bff5 is 4538.98869219987 bringing totaldiffcount to 3014342.3629762680578
Total Diff from 872cdbe307ff1e691f1662cfc667a99e is 97322.22822319180 bringing totaldiffcount to 3111664.5911994598578
Total Diff from 05d490b8097437b9d6c7d6367026c0e6 is 3894.827856827160 bringing totaldiffcount to 3115559.4190562870178
Total Diff from f6eee1f53dabdb723178a21d40ff9b66 is 1023.2369822578046 bringing totaldiffcount to 3116582.6560385448224
Total Diff from 3eb05a28373fec3f42f509d5054de10f is 494.3201451491325 bringing totaldiffcount to 3117076.9761836939549
Total Diff from 2082de95f77c4a69fc878de0bb3b2af5 is 26503.057255316008 bringing totaldiffcount to 3143580.0334390099629
Total Diff from 298becdd13b132064ce8e5da4c2e6ba8 is 2688.61441287094 bringing totaldiffcount to 3146268.6478518809029
Total Diff from fbaa9ad38365baf185e3db993677dd25 is 20027.20849259821 bringing totaldiffcount to 3166295.8563444791129
Total Diff from 9f06b8972303f8a92ea6de6bbb7d3e9b is 462.12481222276 bringing totaldiffcount to 3166757.9811567018729
Total Diff from 603f1a690bd76ad283d67480e011cec8 is 27430.1801369225 bringing totaldiffcount to 3194188.1612936243729
Total Diff from 7467b330fd6b1f14d368503a950a7082 is 850.98015151256 bringing totaldiffcount to 3195039.1414451369329
Total Diff from 513af4784ff3a8a432ed01978fcf8239 is 529.07874792425 bringing totaldiffcount to 3195568.2201930611829
Total Diff from 827c107a88077e037747e4566f42b76d is 12441.46983682110 bringing totaldiffcount to 3208009.6900298822829
Total Diff from 7122bc6cf04c46488c8a72f205995dd3 is 2795.815597759976 bringing totaldiffcount to 3210805.5056276422589
Total Diff from baa2eefa36081bc3e8b9b8b90ee20d8c is 5584.22462020979 bringing totaldiffcount to 3216389.7302478520489
Total Diff from b779ac5846a4a1f8196001227ab2db78 is 1729.12729935463 bringing totaldiffcount to 3218118.8575472066789
Total Diff from 9a516e998ffbcb50012f95726aebbf7f is 32098.9336818970 bringing totaldiffcount to 3250217.7912291036789
Total Diff from f50efc75c8364e7df6c49e1c3b6c1129 is 69.07086940322 bringing totaldiffcount to 3250286.8620985068989
Total Diff from caa5544470d2cf7a2acca74d641dd2a0 is 268.60110587328 bringing totaldiffcount to 3250555.4632043801789
Total Diff from e87ef046cc85a35f3b0a195c884948e8 is 5999.5778660745 bringing totaldiffcount to 3256555.0410704546789
Total Diff from d4240940bca1728806404374628a94ce is 32647.6298521039 bringing totaldiffcount to 3289202.6709225585789
Total Diff from 204d178f9b6d4de25297c99fed0ed860 is 841456.105680441 bringing totaldiffcount to 4130658.7766029995789
Total Diff from b28ef0b6c2ceb0b0495a3d05a98593f5 is 6151.16036208044 bringing totaldiffcount to 4136809.9369650800189
Total Diff from dbb6738b88abc133a57792a5b9687eba is 42241.8671526809 bringing totaldiffcount to 4179051.8041177609189
Total Diff from 596ed713f923e45deecd99098b507bd0 is 985.525398135743 bringing totaldiffcount to 4180037.3295158966619
Total Diff from 5ed2db98a2ace029813c66265dad4286 is 3708.75371122130 bringing totaldiffcount to 4183746.0832271179619
Total Diff from f62f1c9cf854337001f5479fe4ce4115 is 6728.61937844321 bringing totaldiffcount to 4190474.7026055611719
Total Diff from d794a48fe6ac954c2fdf7f5d796493d9 is 1379.86223782015 bringing totaldiffcount to 4191854.5648433813219
Total Diff from ad9a179dc17d3fa987bd75e3b71378cd is 16276.9039043160 bringing totaldiffcount to 4208131.4687476973219
Total Diff from ae51c3c4d96c1573460b621e9c636eff is 16318.70619106785 bringing totaldiffcount to 4224450.1749387651719
Total Diff from d1fcb7b592d470788019165fe12e4aca is 563.683715765850 bringing totaldiffcount to 4225013.8586545310219
Total Diff from 97676bc073e11a591871c5c5f331f75f is 1423.767633207383 bringing totaldiffcount to 4226437.6262877384049
Total Diff from 4eda14a2be77e7d16c988d56adee4af9 is 21574.29573217848 bringing totaldiffcount to 4248011.9220199168849
Total Diff from b1346d96ccfc02780362db504f496f6b is 4646.45414035412 bringing totaldiffcount to 4252658.3761602710049
Total Diff from 17632277c6f8f92738ffbdbb647d78a3 is 490.152345950064 bringing totaldiffcount to 4253148.5285062210689
Total Diff from 37d04a47c7e73ea910ddfa345991235a is 11410.19515294782 bringing totaldiffcount to 4264558.7236591688889
Total Diff from 3cdef78ae4d5710ffa8e81f04323ba80 is 583.281899795847 bringing totaldiffcount to 4265142.0055589647359
Total Diff from 8f28c68d0416aedb02335227a8fa6bd5 is 3104.24900313063 bringing totaldiffcount to 4268246.2545620953659
Total Diff from 8a0536862241b490f9535c1e7898d4f5 is 22.935933216498 bringing totaldiffcount to 4268269.1904953118639
Total Diff from 9f8107021a0041e6f1e3281dad35edd2 is 290.661212159563 bringing totaldiffcount to 4268559.8517074714269
Total Diff from 25030afe5a7ac52cf87c1e645ad402a6 is 55.7762076329844 bringing totaldiffcount to 4268615.6279151044113
Total Diff from 3551328c7020d2916a70cfbe0e4e04dc is 1170.29025302231 bringing totaldiffcount to 4269785.9181681267213
Total Diff from 816962ec9fc7a2f957ae0f1cacbab185 is 2321.867179833210 bringing totaldiffcount to 4272107.7853479599313
Total Diff from 587d4e79693da1de3618fbc85e13dd6d is 13259.09824332240 bringing totaldiffcount to 4285366.8835912823313
Total Diff from d6ab669a47817d2be14e99bacfeb909a is 13402.770905293690 bringing totaldiffcount to 4298769.6544965760213
Total Diff from 131a0a4042a085d83d46d9b0834ac004 is 2034.6725895230 bringing totaldiffcount to 4300804.3270860990213
Total Diff from 8c8744ca3866631f621851199aa79e49 is 1222.872275244285 bringing totaldiffcount to 4302027.1993613433063
Total Diff from bcf6ab65157c4652faa77b95adf3bf5c is 91.888979365114 bringing totaldiffcount to 4302119.0883407084203
Total Diff from 8a697f1db694366187a9f39b76c69169 is 2435.84413794798 bringing totaldiffcount to 4304554.9324786564003
Total Diff from 71bd1d426829c297065d9f89a1a4c54a is 6100.857020481630 bringing totaldiffcount to 4310655.7894991380303
Total Diff from af5cf5f6c1867f07aebe79ac30271f17 is 460.658769165328 bringing totaldiffcount to 4311116.4482683033583
Total Diff from 347cc1581e31f5864a072e3d6fb92158 is 21057.12517001977 bringing totaldiffcount to 4332173.5734383231283
Total Diff from 974d2dd283bf0f3fa244b19aea3f8a4e is 7609.90524863688 bringing totaldiffcount to 4339783.4786869600083
Total Diff from 1ac793c529cd6ffa942afaef7c5068c2 is 9421.452450085157 bringing totaldiffcount to 4349204.9311370451653
Total Diff from 9e1f75d82ed70612da9ab8c896252192 is 5060.71056567386 bringing totaldiffcount to 4354265.6417027190253
Total Diff from 61d65a5b31d2e0a5125b02205b7a492e is 12606.978507784900 bringing totaldiffcount to 4366872.6202105039253
Total Diff from c0dba404454585ce1e2535559bdb9e0f is 485249.126726732 bringing totaldiffcount to 4852121.7469372359253
Total Diff from 5fbdb4cf93267901387eac47b826d9c0 is 64190.3339427683 bringing totaldiffcount to 4916312.0808800042253
Total Diff from 7ace61f1014802fe81b54a3010a9df33 is 32786.12302595422 bringing totaldiffcount to 4949098.2039059584453
Total Diff from 8f2a530cf6f73647af4c680c3471ea65 is 14086.496216423695 bringing totaldiffcount to 4963184.7001223821403
Total Diff from fdc9f8dc8c895c58c0fea2ca0ce6f33f is 3309.95948518634 bringing totaldiffcount to 4966494.6596075684803
Total Diff from efe7f0d4adf1a22cfdc489499d261376 is 21527.3812298649 bringing totaldiffcount to 4988022.0408374333803
Total Diff from f8ce1bcad9522fa360cd0aee2896430f is 2730.576668624494 bringing totaldiffcount to 4990752.6175060578743
Total Diff from 1a4cc27c96d37b72cceaff8b664e45c6 is 15184.62120548752 bringing totaldiffcount to 5005937.2387115453943
Total Diff from 89c03d27ba3d8fea5d79c11cf02e81dd is 409.1173776098051 bringing totaldiffcount to 5006346.3560891551994
Total Diff from 067bc227ca534998a56ec56c1f865e14 is 330.6482985056255 bringing totaldiffcount to 5006677.0043876608249
Total Diff from 67b6ea3ddf94791ae5fb84b575c881c1 is 8808.55634836115 bringing totaldiffcount to 5015485.5607360219749
Total Diff from fbb39e73dcda2b7b5e13410b86b789f8 is 6167.30874076250 bringing totaldiffcount to 5021652.8694767844749
Total Diff from c51a18ab192533c5d70a08d342bf7c3e is 10952.7777110614 bringing totaldiffcount to 5032605.6471878458749
Total Diff from 3300439bdaa7574d5958b8bda0c34299 is 64445.6097309915 bringing totaldiffcount to 5097051.2569188373749
Total Diff from 4a42aef5f75bdb494b33ec786815f53a is 148.4362464113208 bringing totaldiffcount to 5097199.6931652486957
Total Diff from 190f02ccf32879a29639c5c238ea6a6b is 85230.92627582201 bringing totaldiffcount to 5182430.6194410707057
Total Diff from 452606c09e62efc8df6c6b1561bbd1ad is 28209.12458815247 bringing totaldiffcount to 5210639.7440292231757
Total Diff from 917fc4e4ccc94a357915f40a20886328 is 401.784424560893 bringing totaldiffcount to 5211041.5284537840687
Total Diff from 5f4943990a0fe0ee58465d521f2caae3 is 454.4010366223750 bringing totaldiffcount to 5211495.9294904064437
Total Diff from 07f28ba3a8ec9e74401bd59779c261cb is 14076.36583157387 bringing totaldiffcount to 5225572.2953219803137
Total Diff from d2256d43384f84d75809e3c30de02c54 is 15932.14944585529 bringing totaldiffcount to 5241504.4447678356037
Total Diff from 9acbc42f6d57cef74f0f50e916173206 is 535.638946444789 bringing totaldiffcount to 5242040.0837142803927
Total Diff from 7d0d73fe026d66fd4ab8d5d8da32a611 is 219374.9585285348 bringing totaldiffcount to 5461415.0422428151927
Total Diff from 43e87b406ac2cfe501dfbee3c7745ed2 is 9715.787808819529 bringing totaldiffcount to 5471130.8300516347217
Total Diff from 411567587e0d91da48f891aef5b1e218 is 23429.617567758 bringing totaldiffcount to 5494560.4476193927217
Total Diff from fb7b6e3eac813306bf7e4292b8a7d3a4 is 1316.95111062648 bringing totaldiffcount to 5495877.3987300192017
Total Diff from a8a8dc39a19d56b22056e749bf7e183a is 70149.4653787091 bringing totaldiffcount to 5566026.8641087283017
Total Diff from d855cb1ea1303ab47749286589f245ea is 5086.048036128030 bringing totaldiffcount to 5571112.9121448563317
Total Diff from 9ff2b091f67327b7d8e5b75fb5337514 is 889.1308390950671 bringing totaldiffcount to 5572002.0429839513988
Total Diff from 17769e442b01f980d02cbab98b8688f2 is 64033.06026219285 bringing totaldiffcount to 5636035.1032461442488
Total Diff from 84add7fd7c247bbbebb8018d1405563d is 48647.70114205996 bringing totaldiffcount to 5684682.8043882042088
Total Diff from d3166ebe9c237f34eef6882054cf8b9e is 2796.166522819440 bringing totaldiffcount to 5687478.9709110236488
Total Diff from f87439dbc95e4e2b1175e3ca167d1191 is 526.56590745070 bringing totaldiffcount to 5688005.5368184743488
Total Diff from 91b10f58e6bbd78a25b0d3d29b5c2b74 is 43886.83638321038 bringing totaldiffcount to 5731892.3732016847288
Total Diff from 96c18bb4a02d15c90224a7138a540cf7 is 92698.917811557700 bringing totaldiffcount to 5824591.2910132424288
Total Diff from 6a31cdd3f49f27be94c9d665d954e3cb is 447.6947279851692 bringing totaldiffcount to 5825038.9857412275980
Total Diff from 58f338e522e87352db4aadf783022271 is 3424.28137444424 bringing totaldiffcount to 5828463.2671156718380
Total Diff from f5e5133282f34c97a70111a4a79fa110 is 17885.6281693486082 bringing totaldiffcount to 5846348.8952850204462
Total Diff from 04595c27d2b65393a238509e074c0af6 is 1.1111186823972 bringing totaldiffcount to 5846350.0064037028434
Total Diff from 906d42bcc2a97c2395b5ca63e86c9ef9 is 29766.75800839309 bringing totaldiffcount to 5876116.7644120959334
Total Diff from 86f53023d7625df057d686ad7e0ce9ee is 330721.8545540663 bringing totaldiffcount to 6206838.6189661622334
Total Diff from b6cdea9682421b12c02b4f13647731de is 304.8837172415492 bringing totaldiffcount to 6207143.5026834037826
Total Diff from ea0f18c16266883ae4cdb76668e8b709 is 13399.32496342939 bringing totaldiffcount to 6220542.8276468331726
Total Diff from d3d915defdbe52a1883248cde241abb0 is 404.37006903140 bringing totaldiffcount to 6220947.1977158645726
Total Diff from 83f63c562e77bce0915860658199349d is 2558.61405254933 bringing totaldiffcount to 6223505.8117684139026
Total Diff from f362f7a1cd00a16e9d91740a6723af01 is 2357.285050074466 bringing totaldiffcount to 6225863.0968184883686
Total Diff from 75b3da7f61d3f8713974c8edc3beee25 is 737.508876578885 bringing totaldiffcount to 6226600.6056950672536
Total Diff from 664ed3f4be02dbdf1dea36ef61e4c66f is 6016.723012122217 bringing totaldiffcount to 6232617.3287071894706
Total Diff from 81227c7087fc6f129ece1f581a0c43a7 is 9961.6380208105390 bringing totaldiffcount to 6242578.9667280000096
Total Diff from 0d7bf78aeb1dae402525a417a38b07e4 is 5164.393070210158 bringing totaldiffcount to 6247743.3597982101676
Total Diff from f697feb4e17a75eded452dee9e8eaaa0 is 9286.706497900394 bringing totaldiffcount to 6257030.0662961105616
Total Diff from 2bccce355d5e0df9d7aefc38fc2705f3 is 70264.65998521220 bringing totaldiffcount to 6327294.7262813227616
Total Diff from a6a846cf62e78f73926bac0b4c914530 is 17477.020267422638 bringing totaldiffcount to 6344771.7465487453996
Total Diff from 01d77694989d3af771ee2c2bc3cdb41b is 258.872655778776 bringing totaldiffcount to 6345030.6192045241756
Total Diff from e27c07aaa76212ef48770e2391633123 is 321.7415110180441 bringing totaldiffcount to 6345352.3607155422197
Total Diff from 3b6a56ec59eccff260f947784b4a0f36 is 89843.25847976003 bringing totaldiffcount to 6435195.6191953022497
Total Diff from a7a29947ccc7fa2ee5208c11e41fd3df is 13895.9647180629 bringing totaldiffcount to 6449091.5839133651497
Total Diff from 718dea835a4826db5b6cd84676cf4588 is 460.0158410927807 bringing totaldiffcount to 6449551.5997544579304
Total Diff from bd787bc1878ffb4df1820eb9eda8422b is 129.5660081401793 bringing totaldiffcount to 6449681.1657625981097
Total Diff from 54a8668149391039a15308696acdf9da is 313277.22248615940 bringing totaldiffcount to 6762958.3882487575097
Total Diff from 7cc14c02800fa9f735a5ac24bd97c5e1 is 27250.7752282552522 bringing totaldiffcount to 6790209.1634770127619
Total Diff from 4d7d2b52b8a613eccd9faff50f6d8324 is 6317.066479825160 bringing totaldiffcount to 6796526.2299568379219
Total Diff from 2aa2958642bc7b97af20113991e0fca6 is 6321.7885266613275 bringing totaldiffcount to 6802848.0184834992494
Total Diff from cb61a738fa12189d9f86c75499a6b010 is 32.645063986731 bringing totaldiffcount to 6802880.6635474859804
Total Diff from b643cdce38f04eeb90f6e45f03daed03 is 1098.9069944056027000 bringing totaldiffcount to 6803979.5705418915831000
Total Diff from 8ad825fc812bc4204b717d400ca7eadb is 709.0952658664540 bringing totaldiffcount to 6804688.6658077580371000
Total Diff from 41261836240e4689f414b6ad927cb4b9 is 2414.52824531635623 bringing totaldiffcount to 6807103.1940530743933300
Total Diff from ea4f828a360454b8e0037c28ab660914 is 41.63396458848933 bringing totaldiffcount to 6807144.8280176628826600
Total Diff from b8239d824b88c566b3ffd6c03b730bea is 11020.366566803821452 bringing totaldiffcount to 6818165.1945844667041120
Total Diff from 83149ae4c6040ac57dce0b4efefa8234 is 590.81090367082420 bringing totaldiffcount to 6818756.0054881375283120
Total Diff from 960cf47295873beea317d194a28e6e7b is 20055.321634161617 bringing totaldiffcount to 6838811.3271222991453120
Total Diff from 721e133c0f3cbdbf6762bed9ed8d4927 is 3012.6185317384319 bringing totaldiffcount to 6841823.9456540375772120
Total Diff from 5579559927de2ca1b5e73c6c9eb7408d is 1.0427735693381 bringing totaldiffcount to 6841824.9884276069153120
Total Diff from 752bbb4e0821d53e1e29e78602b72f3a is 65467.656736969018233 bringing totaldiffcount to 6907292.6451645759335450
Total Diff from 6c202a503c69a729d876990f5c563510 is 1.6155347109458 bringing totaldiffcount to 6907294.2606992868793450
Total Diff from 313db8349ac1664920d14058f19b2d32 is 5748.8815773925700000 bringing totaldiffcount to 6913043.1422766794493450
Total Diff from 55cd02be28521073d367f7ca38615682 is 3548.8902123603500 bringing totaldiffcount to 6916592.0324890397993450
Total Diff from 004167638daf46847501be39de7e941b is 1066.0476555957290 bringing totaldiffcount to 6917658.0801446355283450
Total Diff from b424b10aedcc61bef7479e2392b607f0 is 6081.30869886070763873 bringing totaldiffcount to 6923739.38884349623598373
Total Diff from 6b1d56acbb46d2def060db99fec4f36c is 1504.9787811438423 bringing totaldiffcount to 6925244.36762464007828373
Total Diff from 2cc383decb445b142a7794a5cac707a1 is 4883.783977279989814 bringing totaldiffcount to 6930128.15160192006809773
Total Diff from 64ac00e0f6710bb736868e49960950ed is 6092.9426088142050 bringing totaldiffcount to 6936221.09421073427309773
Total Diff from 79404d3178533611e055ec6ce217febe is 550.94545671946246 bringing totaldiffcount to 6936772.03966745373555773
Total Diff from 0371fb3bb416365874cdd31b5795c88c is 16018.155443128961628 bringing totaldiffcount to 6952790.19511058269718573
Total Diff from 61d48c317d3978c522c7eae8111730c7 is 23165.91053724489305 bringing totaldiffcount to 6975956.10564782759023573
Total Diff from 8ed1160be434dfafbf6aabc6aa518a71 is 3787.413286616191700 bringing totaldiffcount to 6979743.51893444378193573
Total Diff from cba3a1fbb5c3c3d4fd4b00c091e7afa5 is 3914.9645849748945 bringing totaldiffcount to 6983658.48351941867643573
Total Diff from 152398a158dfd951cf2f87aedf1a4a3f is 2339.513263391975 bringing totaldiffcount to 6985997.99678281065143573
Total Diff from 82c8cbf96c2e9b738dc6c9f126a21baf is 92.30892650258681 bringing totaldiffcount to 6986090.30570931323824573
Total Diff from 9932a00a946bd5be594b37fbd515bd65 is 12681.7409031816324995 bringing totaldiffcount to 6998772.04661249487074523
Total Diff from 533f90958cb11d863a64f8ef0aa07212 is .40404391736663725 bringing totaldiffcount to 6998772.45065641223738248
Total Diff from ac7490e8706e8c4042d9b1279e9d69e3 is 22772.151469863722 bringing totaldiffcount to 7021544.60212627595938248
Total Diff from 5d58e56f0bfe24d335c1cc9d87ad49e4 is .736746498809251 bringing totaldiffcount to 7021545.33887277476863348
Total Diff from 5c47610502cb415680e5a1ab3e3b5e8e is 282.486488184494136 bringing totaldiffcount to 7021827.82536095926276948
Total Diff from 1f4d8215cdc884cc2eee7a7a29301cc2 is 2314.2072085663074 bringing totaldiffcount to 7024142.03256952557016948
Total Diff from 56ee064cad337355d0d09d3c74cada96 is 2933.21481044579833 bringing totaldiffcount to 7027075.24737997136849948
Total Diff from 25e791a81c729433588d0dc076830d27 is 407.182168397719 bringing totaldiffcount to 7027482.42954836908749948
Total Diff from 5cc68d90e0f41da83433a369452d7269 is 159.69733003450236 bringing totaldiffcount to 7027642.12687840358985948
Total Diff from fa38429db311af8bf029180ed58cfd14 is 274.6705424833775 bringing totaldiffcount to 7027916.79742088696735948
Total Diff from 46023cf1e7e2e696cf3e550eb9d74dd6 is 81.0955542777883 bringing totaldiffcount to 7027997.89297516475565948
Total Diff from f3bc8e8c111c75bf02069df5df2e4643 is 14116.423916085705 bringing totaldiffcount to 7042114.31689125046065948
CPID: cb87d65dc32c31e5baf65e2c902d7cbd | DIFF: 20367.62729961773 | Percentage of PIE: .00289226024785820896(.28922602478582089600%)
CPID: 5f72c050e6113cfbfcc964bd5eddd359 | DIFF: 3719.94626428256 | Percentage of PIE: .00052824281130453653(.05282428113045365300%)
CPID: 32ee2ae7b68222ff8cc83b39a35d52d4 | DIFF: 5685.6975435059 | Percentage of PIE: .00080738501075851006(.08073850107585100600%)
CPID: fb3f0673803f915287cd5ac3a3394e66 | DIFF: 18187.7927892753 | Percentage of PIE: .00258271762866018372(.25827176286601837200%)
CPID: 049144b3fb2e414f5d122a2807066342 | DIFF: 5773.1567108680 | Percentage of PIE: .00081980445801916017(.08198044580191601700%)
CPID: 154ee375de9d845455e79c94e1586f82 | DIFF: 36273.3587032615 | Percentage of PIE: .00515091875408157479(.51509187540815747900%)
CPID: 374c61cfad513f44440f8d1df24b3488 | DIFF: 13558.98804807843 | Percentage of PIE: .00192541436249561779(.19254143624956177900%)
CPID: 9d88de6ad21612828f03e30c5f261b1f | DIFF: 1582.33560303603 | Percentage of PIE: .00022469609719919370(.02246960971991937000%)
CPID: 663fe6b7010ad83e4d056f00629df188 | DIFF: 1447.5731103948 | Percentage of PIE: .00020555944496990682(.02055594449699068200%)
CPID: b7c805f71ca6f268ad3ae0aaa450de9f | DIFF: 4381.908459951530 | Percentage of PIE: .00062224330119734957(.06222433011973495700%)
CPID: e64c6f0a50af958349a03ee08ab178f7 | DIFF: 2371.46693090370 | Percentage of PIE: .00033675496082412175(.03367549608241217500%)
CPID: b1fc8162e7d4c87a9f3f02657c2a6ccb | DIFF: 30998.5541770500 | Percentage of PIE: .00440188170514311499(.44018817051431149900%)
CPID: d2ba1846426099335fd80b6014e92fb9 | DIFF: 1264.12136552796 | Percentage of PIE: .00017950878225532809(.01795087822553280900%)
CPID: b62cee6d4f1807941bee1bc80cc36aaa | DIFF: 7351.51641624197 | Percentage of PIE: .00104393596659011713(.10439359665901171300%)
CPID: 3e4e5ee66e0105c11dff0eed0519cf2f | DIFF: 4561.25006431827 | Percentage of PIE: .00064771031242387430(.06477103124238743000%)
CPID: 8f6c3ee5d5bb28b38993a36bbba99951 | DIFF: 5001.2469026405 | Percentage of PIE: .00071019109852341991(.07101910985234199100%)
CPID: bfd4e6e64a9f79fd8fd01c6c4e770c81 | DIFF: 59134.83411272764 | Percentage of PIE: .00839731243369431428(.83973124336943142800%)
CPID: 94caecac9ba0a36e7491227096e11d3c | DIFF: 1548.6330500263 | Percentage of PIE: .00021991024006976726(.02199102400697672600%)
CPID: f34b4767ef9b5944a3c392ed4e69a7a0 | DIFF: 9452.57190606877 | Percentage of PIE: .00134229174374460010(.13422917437446001000%)
CPID: 1963a6f109ea770c195a0e1afacd2eba | DIFF: 47876.616784601 | Percentage of PIE: .00679861397162552567(.67986139716255256700%)
CPID: bff460f47717e7c1835843fdafd4a278 | DIFF: 1317.91290663226 | Percentage of PIE: .00018714733208336415(.01871473320833641500%)
CPID: 495ab3a5de85166ef3ecb6f4f638cd29 | DIFF: 107.72083348729 | Percentage of PIE: .00001529666072430978(.00152966607243097800%)
CPID: 94f5685db91571dc9427c8bcc5e18570 | DIFF: 14408.82071208430 | Percentage of PIE: .00204609298623898094(.20460929862389809400%)
CPID: 2e2d8005f09feef6ecd400aedfd9cf82 | DIFF: 1443.41205648728 | Percentage of PIE: .00020496856363508678(.02049685636350867800%)
CPID: b837ffae734b258adde58c5ba921fc0b | DIFF: 92103.4689419213 | Percentage of PIE: .01307895112139850681(1.30789511213985068100%)
CPID: 44171557b5c9afd6271e52ac0e0393ee | DIFF: 20244.7941524498 | Percentage of PIE: .00287481759617144185(.28748175961714418500%)
CPID: 4563338e20bb2bc44d6ea9dc28bb70f9 | DIFF: 18.090532959134 | Percentage of PIE: .00000256890645977472(.00025689064597747200%)
CPID: 82b97f9b6fe3c08af41b47f1a3a1a545 | DIFF: 2696.95351977827 | Percentage of PIE: .00038297497007530023(.03829749700753002300%)
CPID: c4b0aabb0caebb594b1da76618f40146 | DIFF: 9233.41703836940 | Percentage of PIE: .00131117113737021847(.13111711373702184700%)
CPID: 4a7d815d29be5adc1b7052f465f0d1ea | DIFF: 65492.56405857270 | Percentage of PIE: .00930012793195956927(.93001279319595692700%)
CPID: 0cd7082d3d231f5b24adc4843103f44a | DIFF: 16642.51152108209 | Percentage of PIE: .00236328335101906525(.23632833510190652500%)
CPID: 870405e5518dc80048a6ddad44d86660 | DIFF: 1.872005725146 | Percentage of PIE: .00000026583006763406(.00002658300676340600%)
CPID: 661acb02264b8d5c129fa3c5103b52fb | DIFF: 972.648347518613 | Percentage of PIE: .00013811879554207375(.01381187955420737500%)
CPID: a3a40e2aac773f6559941a93dbf84b0c | DIFF: 1126.81532551518 | Percentage of PIE: .00016001093915962073(.01600109391596207300%)
CPID: cccb82cacfc5ae2141b841dfde457cee | DIFF: 20579.3568383814930 | Percentage of PIE: .00292232643668106114(.29223264366810611400%)
CPID: b858fcb0f02d895e8e9b7267db3600b7 | DIFF: 14212.0332356400 | Percentage of PIE: .00201814861220740855(.20181486122074085500%)
CPID: eb3e92107e6ee293fd7b9f4490e5c232 | DIFF: 72508.4394519306 | Percentage of PIE: .01029640193116597044(1.02964019311659704400%)
CPID: 07065b315ac186d42fbe2e5ef734b7cb | DIFF: 16014.85190363956 | Percentage of PIE: .00227415392352070407(.22741539235207040700%)
CPID: 7a914235a608c65081b80c042d791e62 | DIFF: 643.266973197781 | Percentage of PIE: .00009134571582498137(.00913457158249813700%)
CPID: 0b3e9507b7e91d1ae13ca41262fee609 | DIFF: 27539.710454797 | Percentage of PIE: .00391071618771369748(.39107161877136974800%)
CPID: 7405df90cf38e7f7ee1b38a6990a809a | DIFF: 9455.8350035667 | Percentage of PIE: .00134275511274872194(.13427551127487219400%)
CPID: ee0737bd4e0ca6955ac8fd75eeae34ae | DIFF: 17418.98712344600 | Percentage of PIE: .00247354506609822149(.24735450660982214900%)
CPID: eff724ef3f568039248fbfedb2643b67 | DIFF: 11923.1757664381 | Percentage of PIE: .00169312442682719751(.16931244268271975100%)
CPID: e5d98ef2203fa1d1de8a6c618d4012e5 | DIFF: 5763.10481383736 | Percentage of PIE: .00081837706042543900(.08183770604254390000%)
CPID: f1cda4e1a3da3b73bbe257ae33016789 | DIFF: 1962.038722126860 | Percentage of PIE: .00027861500592523812(.02786150059252381200%)
CPID: 3081ff717f5e91cd0b47da5349bda89d | DIFF: 23.0957122295 | Percentage of PIE: .00000327965596555320(.00032796559655532000%)
CPID: d4d20c6261f943f219a6905c8eefea87 | DIFF: 13.139179734996 | Percentage of PIE: .00000186580040364870(.00018658004036487000%)
CPID: 707e43d51e302fae085b4a2a8e61f964 | DIFF: 1778.52821575593 | Percentage of PIE: .00025255599891213685(.02525559989121368500%)
CPID: 938d913651851c449ba9038fd9792f24 | DIFF: 24.72445874190 | Percentage of PIE: .00000351094254215609(.00035109425421560900%)
CPID: a2abc3473c6c04b559e930b8860eddd9 | DIFF: 24454.0542059177 | Percentage of PIE: .00347254433902927190(.34725443390292719000%)
CPID: db3cf00a057e85fa2d8fa41cebca423c | DIFF: 10012.0964898246 | Percentage of PIE: .00142174580520647549(.14217458052064754900%)
CPID: 6065aaac6cd4802993fa634eb6d5fa4c | DIFF: 414.253231856179 | Percentage of PIE: .00005882512171984330(.00588251217198433000%)
CPID: 924a190bb9827719e7c19b3107fe7fd6 | DIFF: 6423.51455322749 | Percentage of PIE: .00091215709716895904(.09121570971689590400%)
CPID: 6387eda1469f5c8f07bfd57eec3b16df | DIFF: 514.231323342734 | Percentage of PIE: .00007302229134640660(.00730222913464066000%)
CPID: 0968f3f73c358da2dd8b4854e1ede35e | DIFF: 212.667704551630 | Percentage of PIE: .00003019941099813222(.00301994109981322200%)
CPID: dc595bd113c87ce124f30db28562f2db | DIFF: 304.90835169483 | Percentage of PIE: .00004329784180916735(.00432978418091673500%)
CPID: 6f4d373809620f9e515deac5d1570a38 | DIFF: 6803.8798060467 | Percentage of PIE: .00096617003074302273(.09661700307430227300%)
CPID: 835ab55044fcfb6b251ea65316477544 | DIFF: 1627.810827048796 | Percentage of PIE: .00023115370665658193(.02311537066565819300%)
CPID: 9f9b938e36f7c76fd22ca717d1a122c5 | DIFF: 5577.68150730833 | Percentage of PIE: .00079204643042071546(.07920464304207154600%)
CPID: 824bdc496abd278d3547a74b1e187f5c | DIFF: 11312.73706642978 | Percentage of PIE: .00160644041794308742(.16064404179430874200%)
CPID: fda0739e22e485f9c8cf0fcda1ec443f | DIFF: 1027.8153898521 | Percentage of PIE: .00014595267040564463(.01459526704056446300%)
CPID: 0de87e305d5d3a9cd58bde8a9f84339b | DIFF: 4965.138623729 | Percentage of PIE: .00070506362156314244(.07050636215631424400%)
CPID: 5d69de358e4826b5b8ca94aa759636d3 | DIFF: 30734.89992291772 | Percentage of PIE: .00436444206098683118(.43644420609868311800%)
CPID: 3b506ca17b3c9fba239d8059ca4846cf | DIFF: 893.04143568604 | Percentage of PIE: .00012681439060765974(.01268143906076597400%)
CPID: 575d3a53f4ab77448fae6aa5f8f5bdbc | DIFF: 1235.49105939914 | Percentage of PIE: .00017544319842063412(.01754431984206341200%)
CPID: 4f0fecd04be3a74c46aa9678f780d028 | DIFF: 4215.84732890665 | Percentage of PIE: .00059866215446041505(.05986621544604150500%)
CPID: e853373f26dc687a2e93d3621aadda88 | DIFF: 2004.2131592388093 | Percentage of PIE: .00028460389437750160(.02846038943775016000%)
CPID: 6fef768a3a12d4fbbf71293346bb3fa2 | DIFF: 3336.4674337697 | Percentage of PIE: .00047378774095825632(.04737877409582563200%)
CPID: 33b999143e4108d2a641b03642814f64 | DIFF: 1111.15294542059 | Percentage of PIE: .00015778683722236275(.01577868372223627500%)
CPID: 0c795e2af37411d8c917822318408a46 | DIFF: 21589.44751116170 | Percentage of PIE: .00306576214750975338(.30657621475097533800%)
CPID: 2856d86897e43e601daeb1065983043b | DIFF: 3910.8932603105 | Percentage of PIE: .00055535782072293429(.05553578207229342900%)
CPID: 431d0ac8a393f828adc516d173553434 | DIFF: 18686.1772671484016 | Percentage of PIE: .00265348962346828761(.26534896234682876100%)
CPID: 7f3b364e2389d856b66ba01b1e31d580 | DIFF: 22217.6542106953 | Percentage of PIE: .00315496926220068935(.31549692622006893500%)
CPID: 43976f32f82d1a2e917a4357c4e62ebd | DIFF: 11323.185619034680 | Percentage of PIE: .00160792414174175369(.16079241417417536900%)
CPID: 1aace2ce8237f2e1639abcdb93939dd4 | DIFF: 4343.12389165662 | Percentage of PIE: .00061673578363236470(.06167357836323647000%)
CPID: 29f12dc6023619cab1c87f1f52914dfc | DIFF: 5600.329186752196 | Percentage of PIE: .00079526246447309418(.07952624644730941800%)
CPID: 114e1ae9cf888c85b84701192d4fad1e | DIFF: 5361.6319640326 | Percentage of PIE: .00076136678883104224(.07613667888310422400%)
CPID: 6fdef419a9d36926fd707131a7fd7e53 | DIFF: 86.297463993840 | Percentage of PIE: .00001225448212149105(.00122544821214910500%)
CPID: 558c3e1d4623b1b03396a066f94d9cbe | DIFF: 6632.45345134305 | Percentage of PIE: .00094182700718652267(.09418270071865226700%)
CPID: f0edea95764d211864a91664d8383f4c | DIFF: 4074.2723944613 | Percentage of PIE: .00057855811637262546(.05785581163726254600%)
CPID: 61352139ef237d88badcab4f247dbb16 | DIFF: 18079.31986527000 | Percentage of PIE: .00256731416897122123(.25673141689712212300%)
CPID: 58f5b01c2a4356551bb9c770f2ce84b6 | DIFF: 1655.85900856035 | Percentage of PIE: .00023513662716161797(.02351366271616179700%)
CPID: a0462ef12d6f11deac43fb0fb3c8e86c | DIFF: 1584.72433064160 | Percentage of PIE: .00022503530322427063(.02250353032242706300%)
CPID: 28e0ae8715768aff53e2dc971251402c | DIFF: 39364.1698320600 | Percentage of PIE: .00558982261018411846(.55898226101841184600%)
CPID: f0e488d3d7532d6e4ce6a73d75f3ae67 | DIFF: 1973.827312767095 | Percentage of PIE: .00028028901888636811(.02802890188863681100%)
CPID: 4f302e181503bc27c4b87b8507be0985 | DIFF: 6348.2626432938 | Percentage of PIE: .00090147111472854475(.09014711147285447500%)
CPID: b7889a19cf219bf01205d412b076814f | DIFF: 48.7491901955 | Percentage of PIE: .00000692252184526030(.00069225218452603000%)
CPID: b45c5017b7e7fbe7e7f0c672c78daf98 | DIFF: 7545.01982904043 | Percentage of PIE: .00107141399436571313(.10714139943657131300%)
CPID: b7ff0838d0db24e867f689fa52422ee8 | DIFF: 430.10330439525 | Percentage of PIE: .00006107587651106459(.00610758765110645900%)
CPID: 727aa043ebcd8eff51af41145cde178a | DIFF: 15221.1050431854 | Percentage of PIE: .00216143964131283436(.21614396413128343600%)
CPID: f6e9b9c140a2363fd623bfe0048f2425 | DIFF: 13940.34217627652 | Percentage of PIE: .00197956771914922565(.19795677191492256500%)
CPID: f9d951f6684cc848bf84e3f6d82a8346 | DIFF: 624.61317329844 | Percentage of PIE: .00008869682387862402(.00886968238786240200%)
CPID: 0de9afa3b9ff3870dc5da23599750cda | DIFF: 4094.65861394406 | Percentage of PIE: .00058145301676267757(.05814530167626775700%)
CPID: 193cd7c15933c9ca00ab79a9f92a54ed | DIFF: 366.059429620784 | Percentage of PIE: .00005198146652387508(.00519814665238750800%)
CPID: 2bebcc51ce6b307d8410ba59a9072039 | DIFF: 156289.9367518110 | Percentage of PIE: .02219360971987250755(2.21936097198725075500%)
CPID: fe4a710fb94501cd94aabd1ed17b6a56 | DIFF: 4.14294012350 | Percentage of PIE: .00000058830912664435(.00005883091266443500%)
CPID: 25d003249f8a48a462584bc4bf550e26 | DIFF: 32534.85426421896 | Percentage of PIE: .00462004062986888704(.46200406298688870400%)
CPID: ce2a4b70c866643a115da634fc7f06fc | DIFF: 2384.6697235022 | Percentage of PIE: .00033862979443294740(.03386297944329474000%)
CPID: f54f51af9ccd1bb3b38fcd02e290b997 | DIFF: 4998.6102922029 | Percentage of PIE: .00070981669244039513(.07098166924403951300%)
CPID: 242466d114cc32914e02874e6226716e | DIFF: 1177.117815960440 | Percentage of PIE: .00016715403400041367(.01671540340004136700%)
CPID: d53c704ef532da4a5a3ccec067a820a6 | DIFF: 6813.8914649799 | Percentage of PIE: .00096759171441396030(.09675917144139603000%)
CPID: 4da3743bb4071d6cc28bd862d7ca99ff | DIFF: 17227.9391298985 | Percentage of PIE: .00244641571474854922(.24464157147485492200%)
CPID: 55a0cb448335518eb401631a8c31de48 | DIFF: 19032.92413183926 | Percentage of PIE: .00270272865156232886(.27027286515623288600%)
CPID: aa1c62826fb9c377832292169da8b6e9 | DIFF: 4724.93233405403 | Percentage of PIE: .00067095365417752219(.06709536541775221900%)
CPID: 98c4b4e30516dabe245c354bdc32900e | DIFF: 1319.86211065343 | Percentage of PIE: .00018742412452572690(.01874241245257269000%)
CPID: 2eac618ae38dde417921473f8f54dc8c | DIFF: 18690.27050432045 | Percentage of PIE: .00265407087463631115(.26540708746363111500%)
CPID: 7017451628abfb338d625317d6573374 | DIFF: 262.9098454194014 | Percentage of PIE: .00003733393602952234(.00373339360295223400%)
CPID: 08321f22a670ce593f85cee0aceed378 | DIFF: 4697.10960912596 | Percentage of PIE: .00066700274914019068(.06670027491401906800%)
CPID: 00565aba8b273e72f5292dd54c2e9d9c | DIFF: 6076.5646475712 | Percentage of PIE: .00086288923668789667(.08628892366878966700%)
CPID: 54404c886a6a3ffe385d86326de7a75c | DIFF: 2329.91530664836 | Percentage of PIE: .00033085451354571361(.03308545135457136100%)
CPID: 8bec951f6364cb21bd80e8ab356d3286 | DIFF: 6741.8713380988 | Percentage of PIE: .00095736465423853086(.09573646542385308600%)
CPID: acd2b79de6dc22546ff09cb523f32cd2 | DIFF: 412.0822831643 | Percentage of PIE: .00005851684091180931(.00585168409118093100%)
CPID: e3609d2b817e65e79cdcba44c81e0538 | DIFF: 7307.6615196541285 | Percentage of PIE: .00103770844817527815(.10377084481752781500%)
CPID: 632b1d5280af4929fab92eee6ed1d920 | DIFF: 184.13993396276 | Percentage of PIE: .00002614838749792530(.00261483874979253000%)
CPID: e7f90818e3e87c0bbefe83ad3cfe27e1 | DIFF: 1295663.084613599 | Percentage of PIE: .18398779490213827892(18.39877949021382789200%)
CPID: 209cf08ce2d60e836894ef4fb991ddc9 | DIFF: 43338.8042020150500 | Percentage of PIE: .00615423184739594165(.61542318473959416500%)
CPID: a92e1cf0903633d62283ea1f101a1af3 | DIFF: 15692.9993951913 | Percentage of PIE: .00222844996389081522(.22284499638908152200%)
CPID: fd8bf94446105ffa781c54414e287dc6 | DIFF: 3200.89447492670 | Percentage of PIE: .00045453600025336404(.04545360002533640400%)
CPID: 0b5ef259411ec18e8dac2be0b732fd23 | DIFF: 10858.8063786408 | Percentage of PIE: .00154198098610737019(.15419809861073701900%)
CPID: 4255bf7a07011016e9152f2cba514f6e | DIFF: 35940.0451336928 | Percentage of PIE: .00510358729160173228(.51035872916017322800%)
CPID: 2739e10cc6acd5fcee74199f46428534 | DIFF: 877.298295431660 | Percentage of PIE: .00012457882050102026(.01245788205010202600%)
CPID: a0d15c67aea509d42733de8b34093a2e | DIFF: 8179.9714207920 | Percentage of PIE: .00116157890268430886(.11615789026843088600%)
CPID: 8f4b9102b229931be807c600f9a39940 | DIFF: 8877.06004510543 | Percentage of PIE: .00126056744404345575(.12605674440434557500%)
CPID: ee2c8c9a73e894ec812ee0c16ebabd1d | DIFF: 13560.16623071340 | Percentage of PIE: .00192558166773690648(.19255816677369064800%)
CPID: 5188365b01e83b3244477e8c9a0062f7 | DIFF: 8380.8034823222 | Percentage of PIE: .00119009761915110679(.11900976191511067900%)
CPID: 6ad54a9f1c4d97c9f1857b31c6a4127c | DIFF: 233527.3662766960 | Percentage of PIE: .03316154151552980283(3.31615415155298028300%)
CPID: a2e48b7a0466a6166dab13ec6ca1bff5 | DIFF: 4538.98869219987 | Percentage of PIE: .00064454913509606470(.06445491350960647000%)
CPID: 872cdbe307ff1e691f1662cfc667a99e | DIFF: 97322.22822319180 | Percentage of PIE: .01382002958823804079(1.38200295882380407900%)
CPID: 05d490b8097437b9d6c7d6367026c0e6 | DIFF: 3894.827856827160 | Percentage of PIE: .00055307648833319937(.05530764883331993700%)
CPID: f6eee1f53dabdb723178a21d40ff9b66 | DIFF: 1023.2369822578046 | Percentage of PIE: .00014530252367580334(.01453025236758033400%)
CPID: 3eb05a28373fec3f42f509d5054de10f | DIFF: 494.3201451491325 | Percentage of PIE: .00007019484815284150(.00701948481528415000%)
CPID: 2082de95f77c4a69fc878de0bb3b2af5 | DIFF: 26503.057255316008 | Percentage of PIE: .00376350852353328643(.37635085235332864300%)
CPID: 298becdd13b132064ce8e5da4c2e6ba8 | DIFF: 2688.61441287094 | Percentage of PIE: .00038179079348683904(.03817907934868390400%)
CPID: fbaa9ad38365baf185e3db993677dd25 | DIFF: 20027.20849259821 | Percentage of PIE: .00284391982171616385(.28439198217161638500%)
CPID: 9f06b8972303f8a92ea6de6bbb7d3e9b | DIFF: 462.12481222276 | Percentage of PIE: .00006562302050597291(.00656230205059729100%)
CPID: 603f1a690bd76ad283d67480e011cec8 | DIFF: 27430.1801369225 | Percentage of PIE: .00389516257512723605(.38951625751272360500%)
CPID: 7467b330fd6b1f14d368503a950a7082 | DIFF: 850.98015151256 | Percentage of PIE: .00012084157019027577(.01208415701902757700%)
CPID: 513af4784ff3a8a432ed01978fcf8239 | DIFF: 529.07874792425 | Percentage of PIE: .00007513066731325265(.00751306673132526500%)
CPID: 827c107a88077e037747e4566f42b76d | DIFF: 12441.46983682110 | Percentage of PIE: .00176672363965732968(.17667236396573296800%)
CPID: 7122bc6cf04c46488c8a72f205995dd3 | DIFF: 2795.815597759976 | Percentage of PIE: .00039701366265155889(.03970136626515588900%)
CPID: baa2eefa36081bc3e8b9b8b90ee20d8c | DIFF: 5584.22462020979 | Percentage of PIE: .00079297557081904237(.07929755708190423700%)
CPID: b779ac5846a4a1f8196001227ab2db78 | DIFF: 1729.12729935463 | Percentage of PIE: .00024554093011627724(.02455409301162772400%)
CPID: 9a516e998ffbcb50012f95726aebbf7f | DIFF: 32098.9336818970 | Percentage of PIE: .00455813868356330681(.45581386835633068100%)
CPID: f50efc75c8364e7df6c49e1c3b6c1129 | DIFF: 69.07086940322 | Percentage of PIE: .00000980825733509413(.00098082573350941300%)
CPID: caa5544470d2cf7a2acca74d641dd2a0 | DIFF: 268.60110587328 | Percentage of PIE: .00003814211098916870(.00381421109891687000%)
CPID: e87ef046cc85a35f3b0a195c884948e8 | DIFF: 5999.5778660745 | Percentage of PIE: .00085195689761580306(.08519568976158030600%)
CPID: d4240940bca1728806404374628a94ce | DIFF: 32647.6298521039 | Percentage of PIE: .00463605507990620551(.46360550799062055100%)
CPID: 204d178f9b6d4de25297c99fed0ed860 | DIFF: 841456.105680441 | Percentage of PIE: .11948912894840690041(11.94891289484069004100%)
CPID: b28ef0b6c2ceb0b0495a3d05a98593f5 | DIFF: 6151.16036208044 | Percentage of PIE: .00087348203753611839(.08734820375361183900%)
CPID: dbb6738b88abc133a57792a5b9687eba | DIFF: 42241.8671526809 | Percentage of PIE: .00599846370732144281(.59984637073214428100%)
CPID: 596ed713f923e45deecd99098b507bd0 | DIFF: 985.525398135743 | Percentage of PIE: .00013994737287519699(.01399473728751969900%)
CPID: 5ed2db98a2ace029813c66265dad4286 | DIFF: 3708.75371122130 | Percentage of PIE: .00052665343735268041(.05266534373526804100%)
CPID: f62f1c9cf854337001f5479fe4ce4115 | DIFF: 6728.61937844321 | Percentage of PIE: .00095548283876958799(.09554828387695879900%)
CPID: d794a48fe6ac954c2fdf7f5d796493d9 | DIFF: 1379.86223782015 | Percentage of PIE: .00019594431100193951(.01959443110019395100%)
CPID: ad9a179dc17d3fa987bd75e3b71378cd | DIFF: 16276.9039043160 | Percentage of PIE: .00231136604318878170(.23113660431887817000%)
CPID: ae51c3c4d96c1573460b621e9c636eff | DIFF: 16318.70619106785 | Percentage of PIE: .00231730208524529630(.23173020852452963000%)
CPID: d1fcb7b592d470788019165fe12e4aca | DIFF: 563.683715765850 | Percentage of PIE: .00008004466988185571(.00800446698818557100%)
CPID: 97676bc073e11a591871c5c5f331f75f | DIFF: 1423.767633207383 | Percentage of PIE: .00020217900038804068(.02021790003880406800%)
CPID: 4eda14a2be77e7d16c988d56adee4af9 | DIFF: 21574.29573217848 | Percentage of PIE: .00306361055236355178(.30636105523635517800%)
CPID: b1346d96ccfc02780362db504f496f6b | DIFF: 4646.45414035412 | Percentage of PIE: .00065980953038622391(.06598095303862239100%)
CPID: 17632277c6f8f92738ffbdbb647d78a3 | DIFF: 490.152345950064 | Percentage of PIE: .00006960300896768775(.00696030089676877500%)
CPID: 37d04a47c7e73ea910ddfa345991235a | DIFF: 11410.19515294782 | Percentage of PIE: .00162027973979054402(.16202797397905440200%)
CPID: 3cdef78ae4d5710ffa8e81f04323ba80 | DIFF: 583.281899795847 | Percentage of PIE: .00008282766702562384(.00828276670256238400%)
CPID: 8f28c68d0416aedb02335227a8fa6bd5 | DIFF: 3104.24900313063 | Percentage of PIE: .00044081207197741208(.04408120719774120800%)
CPID: 8a0536862241b490f9535c1e7898d4f5 | DIFF: 22.935933216498 | Percentage of PIE: .00000325696689721207(.00032569668972120700%)
CPID: 9f8107021a0041e6f1e3281dad35edd2 | DIFF: 290.661212159563 | Percentage of PIE: .00004127470800387059(.00412747080038705900%)
CPID: 25030afe5a7ac52cf87c1e645ad402a6 | DIFF: 55.7762076329844 | Percentage of PIE: .00000792037804600804(.00079203780460080400%)
CPID: 3551328c7020d2916a70cfbe0e4e04dc | DIFF: 1170.29025302231 | Percentage of PIE: .00016618450089843698(.01661845008984369800%)
CPID: 816962ec9fc7a2f957ae0f1cacbab185 | DIFF: 2321.867179833210 | Percentage of PIE: .00032971165694711428(.03297116569471142800%)
CPID: 587d4e79693da1de3618fbc85e13dd6d | DIFF: 13259.09824332240 | Percentage of PIE: .00188282916843866918(.18828291684386691800%)
CPID: d6ab669a47817d2be14e99bacfeb909a | DIFF: 13402.770905293690 | Percentage of PIE: .00190323108972339982(.19032310897233998200%)
CPID: 131a0a4042a085d83d46d9b0834ac004 | DIFF: 2034.6725895230 | Percentage of PIE: .00028892921897655427(.02889292189765542700%)
CPID: 8c8744ca3866631f621851199aa79e49 | DIFF: 1222.872275244285 | Percentage of PIE: .00017365129565010006(.01736512956501000600%)
CPID: bcf6ab65157c4652faa77b95adf3bf5c | DIFF: 91.888979365114 | Percentage of PIE: .00001304849299942612(.00130484929994261200%)
CPID: 8a697f1db694366187a9f39b76c69169 | DIFF: 2435.84413794798 | Percentage of PIE: .00034589670492927843(.03458967049292784300%)
CPID: 71bd1d426829c297065d9f89a1a4c54a | DIFF: 6100.857020481630 | Percentage of PIE: .00086633882182913219(.08663388218291321900%)
CPID: af5cf5f6c1867f07aebe79ac30271f17 | DIFF: 460.658769165328 | Percentage of PIE: .00006541483827667914(.00654148382766791400%)
CPID: 347cc1581e31f5864a072e3d6fb92158 | DIFF: 21057.12517001977 | Percentage of PIE: .00299017088085492232(.29901708808549223200%)
CPID: 974d2dd283bf0f3fa244b19aea3f8a4e | DIFF: 7609.90524863688 | Percentage of PIE: .00108062790607981517(.10806279060798151700%)
CPID: 1ac793c529cd6ffa942afaef7c5068c2 | DIFF: 9421.452450085157 | Percentage of PIE: .00133787269364355734(.13378726936435573400%)
CPID: 9e1f75d82ed70612da9ab8c896252192 | DIFF: 5060.71056567386 | Percentage of PIE: .00071863510558685683(.07186351055868568300%)
CPID: 61d65a5b31d2e0a5125b02205b7a492e | DIFF: 12606.978507784900 | Percentage of PIE: .00179022633551201215(.17902263355120121500%)
CPID: c0dba404454585ce1e2535559bdb9e0f | DIFF: 485249.126726732 | Percentage of PIE: .06890673807478686177(6.89067380747868617700%)
CPID: 5fbdb4cf93267901387eac47b826d9c0 | DIFF: 64190.3339427683 | Percentage of PIE: .00911520760019487974(.91152076001948797400%)
CPID: 7ace61f1014802fe81b54a3010a9df33 | DIFF: 32786.12302595422 | Percentage of PIE: .00465572149933909224(.46557214993390922400%)
CPID: 8f2a530cf6f73647af4c680c3471ea65 | DIFF: 14086.496216423695 | Percentage of PIE: .00200032200310008530(.20003220031000853000%)
CPID: fdc9f8dc8c895c58c0fea2ca0ce6f33f | DIFF: 3309.95948518634 | Percentage of PIE: .00047002353785241098(.04700235378524109800%)
CPID: efe7f0d4adf1a22cfdc489499d261376 | DIFF: 21527.3812298649 | Percentage of PIE: .00305694856134743740(.30569485613474374000%)
CPID: f8ce1bcad9522fa360cd0aee2896430f | DIFF: 2730.576668624494 | Percentage of PIE: .00038774955159062374(.03877495515906237400%)
CPID: 1a4cc27c96d37b72cceaff8b664e45c6 | DIFF: 15184.62120548752 | Percentage of PIE: .00215625883395070880(.21562588339507088000%)
CPID: 89c03d27ba3d8fea5d79c11cf02e81dd | DIFF: 409.1173776098051 | Percentage of PIE: .00005809581600067100(.00580958160006710000%)
CPID: 067bc227ca534998a56ec56c1f865e14 | DIFF: 330.6482985056255 | Percentage of PIE: .00004695298650755084(.00469529865075508400%)
CPID: 67b6ea3ddf94791ae5fb84b575c881c1 | DIFF: 8808.55634836115 | Percentage of PIE: .00125083972681796756(.12508397268179675600%)
CPID: fbb39e73dcda2b7b5e13410b86b789f8 | DIFF: 6167.30874076250 | Percentage of PIE: .00087577515263698042(.08757751526369804200%)
CPID: c51a18ab192533c5d70a08d342bf7c3e | DIFF: 10952.7777110614 | Percentage of PIE: .00155532517908577724(.15553251790857772400%)
CPID: 3300439bdaa7574d5958b8bda0c34299 | DIFF: 64445.6097309915 | Percentage of PIE: .00915145747867397432(.91514574786739743200%)
CPID: 4a42aef5f75bdb494b33ec786815f53a | DIFF: 148.4362464113208 | Percentage of PIE: .00002107836364645215(.00210783636464521500%)
CPID: 190f02ccf32879a29639c5c238ea6a6b | DIFF: 85230.92627582201 | Percentage of PIE: .01210303077179344929(1.21030307717934492900%)
CPID: 452606c09e62efc8df6c6b1561bbd1ad | DIFF: 28209.12458815247 | Percentage of PIE: .00400577487367535674(.40057748736753567400%)
CPID: 917fc4e4ccc94a357915f40a20886328 | DIFF: 401.784424560893 | Percentage of PIE: .00005705451608434854(.00570545160843485400%)
CPID: 5f4943990a0fe0ee58465d521f2caae3 | DIFF: 454.4010366223750 | Percentage of PIE: .00006452622269031424(.00645262226903142400%)
CPID: 07f28ba3a8ec9e74401bd59779c261cb | DIFF: 14076.36583157387 | Percentage of PIE: .00199888346001572692(.19988834600157269200%)
CPID: d2256d43384f84d75809e3c30de02c54 | DIFF: 15932.14944585529 | Percentage of PIE: .00226240994237204542(.22624099423720454200%)
CPID: 9acbc42f6d57cef74f0f50e916173206 | DIFF: 535.638946444789 | Percentage of PIE: .00007606223391744759(.00760622339174475900%)
CPID: 7d0d73fe026d66fd4ab8d5d8da32a611 | DIFF: 219374.9585285348 | Percentage of PIE: .03115185988991131999(3.11518598899113199900%)
CPID: 43e87b406ac2cfe501dfbee3c7745ed2 | DIFF: 9715.787808819529 | Percentage of PIE: .00137966914077426888(.13796691407742688800%)
CPID: 411567587e0d91da48f891aef5b1e218 | DIFF: 23429.617567758 | Percentage of PIE: .00332707146084800166(.33270714608480016600%)
CPID: fb7b6e3eac813306bf7e4292b8a7d3a4 | DIFF: 1316.95111062648 | Percentage of PIE: .00018701075435081116(.01870107543508111600%)
CPID: a8a8dc39a19d56b22056e749bf7e183a | DIFF: 70149.4653787091 | Percentage of PIE: .00996142099119979394(.99614209911997939400%)
CPID: d855cb1ea1303ab47749286589f245ea | DIFF: 5086.048036128030 | Percentage of PIE: .00072223309751286057(.07222330975128605700%)
CPID: 9ff2b091f67327b7d8e5b75fb5337514 | DIFF: 889.1308390950671 | Percentage of PIE: .00012625907491481548(.01262590749148154800%)
CPID: 17769e442b01f980d02cbab98b8688f2 | DIFF: 64033.06026219285 | Percentage of PIE: .00909287429609071140(.90928742960907114000%)
CPID: 84add7fd7c247bbbebb8018d1405563d | DIFF: 48647.70114205996 | Percentage of PIE: .00690811011479511797(.69081101147951179700%)
CPID: d3166ebe9c237f34eef6882054cf8b9e | DIFF: 2796.166522819440 | Percentage of PIE: .00039706349499503878(.03970634949950387800%)
CPID: f87439dbc95e4e2b1175e3ca167d1191 | DIFF: 526.56590745070 | Percentage of PIE: .00007477383691254150(.00747738369125415000%)
CPID: 91b10f58e6bbd78a25b0d3d29b5c2b74 | DIFF: 43886.83638321038 | Percentage of PIE: .00623205395543540038(.62320539554354003800%)
CPID: 96c18bb4a02d15c90224a7138a540cf7 | DIFF: 92698.917811557700 | Percentage of PIE: .01316350653229380474(1.31635065322938047400%)
CPID: 6a31cdd3f49f27be94c9d665d954e3cb | DIFF: 447.6947279851692 | Percentage of PIE: .00006357390803942594(.00635739080394259400%)
CPID: 58f338e522e87352db4aadf783022271 | DIFF: 3424.28137444424 | Percentage of PIE: .00048625756702511086(.04862575670251108600%)
CPID: f5e5133282f34c97a70111a4a79fa110 | DIFF: 17885.6281693486082 | Percentage of PIE: .00253980940446366390(.25398094044636639000%)
CPID: 04595c27d2b65393a238509e074c0af6 | DIFF: 1.1111186823972 | Percentage of PIE: .00000015778197177686(.00001577819717768600%)
CPID: 906d42bcc2a97c2395b5ca63e86c9ef9 | DIFF: 29766.75800839309 | Percentage of PIE: .00422696319157932384(.42269631915793238400%)
CPID: 86f53023d7625df057d686ad7e0ce9ee | DIFF: 330721.8545540663 | Percentage of PIE: .04696343167289903447(4.69634316728990344700%)
CPID: b6cdea9682421b12c02b4f13647731de | DIFF: 304.8837172415492 | Percentage of PIE: .00004329434364765331(.00432943436476533100%)
CPID: ea0f18c16266883ae4cdb76668e8b709 | DIFF: 13399.32496342939 | Percentage of PIE: .00190274175630601486(.19027417563060148600%)
CPID: d3d915defdbe52a1883248cde241abb0 | DIFF: 404.37006903140 | Percentage of PIE: .00005742168485698619(.00574216848569861900%)
CPID: 83f63c562e77bce0915860658199349d | DIFF: 2558.61405254933 | Percentage of PIE: .00036333037741409928(.03633303774140992800%)
CPID: f362f7a1cd00a16e9d91740a6723af01 | DIFF: 2357.285050074466 | Percentage of PIE: .00033474109393826089(.03347410939382608900%)
CPID: 75b3da7f61d3f8713974c8edc3beee25 | DIFF: 737.508876578885 | Percentage of PIE: .00010472833063926448(.01047283306392644800%)
CPID: 664ed3f4be02dbdf1dea36ef61e4c66f | DIFF: 6016.723012122217 | Percentage of PIE: .00085439155648048416(.08543915564804841600%)
CPID: 81227c7087fc6f129ece1f581a0c43a7 | DIFF: 9961.6380208105390 | Percentage of PIE: .00141458056097108569(.14145805609710856900%)
CPID: 0d7bf78aeb1dae402525a417a38b07e4 | DIFF: 5164.393070210158 | Percentage of PIE: .00073335831226465879(.07333583122646587900%)
CPID: f697feb4e17a75eded452dee9e8eaaa0 | DIFF: 9286.706497900394 | Percentage of PIE: .00131873839020551733(.13187383902055173300%)
CPID: 2bccce355d5e0df9d7aefc38fc2705f3 | DIFF: 70264.65998521220 | Percentage of PIE: .00997777894867100307(.99777789486710030700%)
CPID: a6a846cf62e78f73926bac0b4c914530 | DIFF: 17477.020267422638 | Percentage of PIE: .00248178593544018025(.24817859354401802500%)
CPID: 01d77694989d3af771ee2c2bc3cdb41b | DIFF: 258.872655778776 | Percentage of PIE: .00003676064376828458(.00367606437682845800%)
CPID: e27c07aaa76212ef48770e2391633123 | DIFF: 321.7415110180441 | Percentage of PIE: .00004568819768323176(.00456881976832317600%)
CPID: 3b6a56ec59eccff260f947784b4a0f36 | DIFF: 89843.25847976003 | Percentage of PIE: .01275799489142934571(1.27579948914293457100%)
CPID: a7a29947ccc7fa2ee5208c11e41fd3df | DIFF: 13895.9647180629 | Percentage of PIE: .00197326599551671148(.19732659955167114800%)
CPID: 718dea835a4826db5b6cd84676cf4588 | DIFF: 460.0158410927807 | Percentage of PIE: .00006532354068569781(.00653235406856978100%)
CPID: bd787bc1878ffb4df1820eb9eda8422b | DIFF: 129.5660081401793 | Percentage of PIE: .00001839873684376319(.00183987368437631900%)
CPID: 54a8668149391039a15308696acdf9da | DIFF: 313277.22248615940 | Percentage of PIE: .04448624495270278337(4.44862449527027833700%)
CPID: 7cc14c02800fa9f735a5ac24bd97c5e1 | DIFF: 27250.7752282552522 | Percentage of PIE: .00386968657451234596(.38696865745123459600%)
CPID: 4d7d2b52b8a613eccd9faff50f6d8324 | DIFF: 6317.066479825160 | Percentage of PIE: .00089704117194931256(.08970411719493125600%)
CPID: 2aa2958642bc7b97af20113991e0fca6 | DIFF: 6321.7885266613275 | Percentage of PIE: .00089771171585469069(.08977117158546906900%)
CPID: cb61a738fa12189d9f86c75499a6b010 | DIFF: 32.645063986731 | Percentage of PIE: .00000463569071982094(.00046356907198209400%)
CPID: b643cdce38f04eeb90f6e45f03daed03 | DIFF: 1098.9069944056027000 | Percentage of PIE: .00015604787780422122(.01560478778042212200%)
CPID: 8ad825fc812bc4204b717d400ca7eadb | DIFF: 709.0952658664540 | Percentage of PIE: .00010069351816195521(.01006935181619552100%)
CPID: 41261836240e4689f414b6ad927cb4b9 | DIFF: 2414.52824531635623 | Percentage of PIE: .00034286978834252331(.03428697883425233100%)
CPID: ea4f828a360454b8e0037c28ab660914 | DIFF: 41.63396458848933 | Percentage of PIE: .00000591213983684216(.00059121398368421600%)
CPID: b8239d824b88c566b3ffd6c03b730bea | DIFF: 11020.366566803821452 | Percentage of PIE: .00156492298632107055(.15649229863210705500%)
CPID: 83149ae4c6040ac57dce0b4efefa8234 | DIFF: 590.81090367082420 | Percentage of PIE: .00008389680670955627(.00838968067095562700%)
CPID: 960cf47295873beea317d194a28e6e7b | DIFF: 20055.321634161617 | Percentage of PIE: .00284791196673090391(.28479119667309039100%)
CPID: 721e133c0f3cbdbf6762bed9ed8d4927 | DIFF: 3012.6185317384319 | Percentage of PIE: .00042780028783576405(.04278002878357640500%)
CPID: 5579559927de2ca1b5e73c6c9eb7408d | DIFF: 1.0427735693381 | Percentage of PIE: .00000014807677387981(.00001480767738798100%)
CPID: 752bbb4e0821d53e1e29e78602b72f3a | DIFF: 65467.656736969018233 | Percentage of PIE: .00929659102237774965(.92965910223777496500%)
CPID: 6c202a503c69a729d876990f5c563510 | DIFF: 1.6155347109458 | Percentage of PIE: .00000022941046371127(.00002294104637112700%)
CPID: 313db8349ac1664920d14058f19b2d32 | DIFF: 5748.8815773925700000 | Percentage of PIE: .00081635732092608522(.08163573209260852200%)
CPID: 55cd02be28521073d367f7ca38615682 | DIFF: 3548.8902123603500 | Percentage of PIE: .00050395237178242964(.05039523717824296400%)
CPID: 004167638daf46847501be39de7e941b | DIFF: 1066.0476555957290 | Percentage of PIE: .00015138175945805108(.01513817594580510800%)
CPID: b424b10aedcc61bef7479e2392b607f0 | DIFF: 6081.30869886070763873 | Percentage of PIE: .00086356290528741493(.08635629052874149300%)
CPID: 6b1d56acbb46d2def060db99fec4f36c | DIFF: 1504.9787811438423 | Percentage of PIE: .00021371121135224867(.02137112113522486700%)
CPID: 2cc383decb445b142a7794a5cac707a1 | DIFF: 4883.783977279989814 | Percentage of PIE: .00069351103340735626(.06935110334073562600%)
CPID: 64ac00e0f6710bb736868e49960950ed | DIFF: 6092.9426088142050 | Percentage of PIE: .00086521495315684417(.08652149531568441700%)
CPID: 79404d3178533611e055ec6ce217febe | DIFF: 550.94545671946246 | Percentage of PIE: .00007823580134136163(.00782358013413616300%)
CPID: 0371fb3bb416365874cdd31b5795c88c | DIFF: 16018.155443128961628 | Percentage of PIE: .00227462303540113432(.22746230354011343200%)
CPID: 61d48c317d3978c522c7eae8111730c7 | DIFF: 23165.91053724489305 | Percentage of PIE: .00328962432229749873(.32896243222974987300%)
CPID: 8ed1160be434dfafbf6aabc6aa518a71 | DIFF: 3787.413286616191700 | Percentage of PIE: .00053782331785379901(.05378233178537990100%)
CPID: cba3a1fbb5c3c3d4fd4b00c091e7afa5 | DIFF: 3914.9645849748945 | Percentage of PIE: .00055593596025336324(.05559359602533632400%)
CPID: 152398a158dfd951cf2f87aedf1a4a3f | DIFF: 2339.513263391975 | Percentage of PIE: .00033221745034448061(.03322174503444806100%)
CPID: 82c8cbf96c2e9b738dc6c9f126a21baf | DIFF: 92.30892650258681 | Percentage of PIE: .00001310812667172615(.00131081266717261500%)
CPID: 9932a00a946bd5be594b37fbd515bd65 | DIFF: 12681.7409031816324995 | Percentage of PIE: .00180084280551412601(.18008428055141260100%)
CPID: 533f90958cb11d863a64f8ef0aa07212 | DIFF: .40404391736663725 | Percentage of PIE: .00000005737537040509(.00000573753704050900%)
CPID: ac7490e8706e8c4042d9b1279e9d69e3 | DIFF: 22772.151469863722 | Percentage of PIE: .00323370942945960506(.32337094294596050600%)
CPID: 5d58e56f0bfe24d335c1cc9d87ad49e4 | DIFF: .736746498809251 | Percentage of PIE: .00000010462007085600(.00001046200708560000%)
CPID: 5c47610502cb415680e5a1ab3e3b5e8e | DIFF: 282.486488184494136 | Percentage of PIE: .00004011387425320839(.00401138742532083900%)
CPID: 1f4d8215cdc884cc2eee7a7a29301cc2 | DIFF: 2314.2072085663074 | Percentage of PIE: .00032862391952590693(.03286239195259069300%)
CPID: 56ee064cad337355d0d09d3c74cada96 | DIFF: 2933.21481044579833 | Percentage of PIE: .00041652473652837112(.04165247365283711200%)
CPID: 25e791a81c729433588d0dc076830d27 | DIFF: 407.182168397719 | Percentage of PIE: .00005782101086048118(.00578210108604811800%)
CPID: 5cc68d90e0f41da83433a369452d7269 | DIFF: 159.69733003450236 | Percentage of PIE: .00002267746913046434(.00226774691304643400%)
CPID: fa38429db311af8bf029180ed58cfd14 | DIFF: 274.6705424833775 | Percentage of PIE: .00003900398802452714(.00390039880245271400%)
CPID: 46023cf1e7e2e696cf3e550eb9d74dd6 | DIFF: 81.0955542777883 | Percentage of PIE: .00001151579634020880(.00115157963402088000%)
CPID: f3bc8e8c111c75bf02069df5df2e4643 | DIFF: 14116.423916085705 | Percentage of PIE: .00200457182045823657(.20045718204582365700%)
Total percenatge calculated is .99999999999999999868
