dtcr Anom for id 272047 in yoyo06.json when compared to yoyo.json results ended up in yoyo06done.json minus this anom..
dtcr Anom for id 272047 in yoyo05.json when compared to yoyo06done.json results ended up in yoyo05done.json minus this anom..
dtcr Anom for id 272047 in yoyo04.json when compared to yoyo05done.json results ended up in yoyo04done.json minus this anom..
dtcr Anom for id 16585 in yoyo03.json when compared to yoyo04done.json results ended up in yoyo03done.json minus this anom..
dtcr Anom for id 272047 in yoyo03.json when compared to yoyo04done.json results ended up in yoyo03done.json minus this anom..
dtcr Anom for id 16585 in yoyo02.json when compared to yoyo03done.json results ended up in yoyo02done.json minus this anom..
dtcr Anom for id 16585 in yoyo01.json when compared to yoyo02done.json results ended up in yoyo01done.json minus this anom..



id: 16585

This user not in team gridcoin. likely joined but possibly didnt go through the process.
also has no active beacon.

yoyo03 = 5791.40499
yoyo02 = 5791.40499
yoyo01 = 5791.40499

Credits during the project: 0...
Note: his unix create time is 1226304473 thats from 2008.... and average credits extremely low. likely he hasnt done this project is a long time and was going to but decided not to.

Status: Cut!

ID: 272047

This user is in the team but joined in the 3rd stats file time frame.
also has no active beacon.

yoyo06 = 0 TC
yoyo05 = 0 TC
yoyo04 = 0 TC
yoyo03 = 0 TC

Credits during the project: 0

Status: Cut


