All percent data in json file will be stored 0.25.. which means 25%
Total Diff from 870405e5518dc80048a6ddad44d86660 is 2793.367471999970 bringing totaldiffcount to 2793.367471999970
Total Diff from fdc7e04c70a57f8963fb823f619e8964 is 1199.728400000000 bringing totaldiffcount to 3993.095871999970
Total Diff from 24e505bdf49d468bdcab62df799b5974 is 50223.9538589984 bringing totaldiffcount to 54217.049730998370
Total Diff from d2ba1846426099335fd80b6014e92fb9 is 2395.91598199999 bringing totaldiffcount to 56612.965712998360
Total Diff from 5f72c050e6113cfbfcc964bd5eddd359 is 10326.0295430000 bringing totaldiffcount to 66938.995255998360
Total Diff from 05c21278af7999e749b1671ea90bc8f6 is 893.29866800000 bringing totaldiffcount to 67832.293923998360
Total Diff from d794a48fe6ac954c2fdf7f5d796493d9 is 944.59200199987 bringing totaldiffcount to 68776.885925998230
Total Diff from 9f2fdd97fa9c48a05e9acc92d353fe51 is 205.79466400000 bringing totaldiffcount to 68982.680589998230
Total Diff from ee2c8c9a73e894ec812ee0c16ebabd1d is 13623.73416499994 bringing totaldiffcount to 82606.414754998170
Total Diff from eff724ef3f568039248fbfedb2643b67 is 7627.0775100000 bringing totaldiffcount to 90233.492264998170
Total Diff from 0c99c1b399dc935978e2ad69b7f076da is 52727.4600260023 bringing totaldiffcount to 142960.952291000470
Total Diff from 3081ff717f5e91cd0b47da5349bda89d is 2292.4652419997 bringing totaldiffcount to 145253.417533000170
Total Diff from 3e4e5ee66e0105c11dff0eed0519cf2f is 1525.41550200001 bringing totaldiffcount to 146778.833035000180
Total Diff from 4f0fecd04be3a74c46aa9678f780d028 is 8254.4892250001 bringing totaldiffcount to 155033.322260000280
Total Diff from a52565441ccda35464cf0d37fc9074f2 is 84.816 bringing totaldiffcount to 155118.138260000280
Total Diff from 0a7f19e446a766dc045f7c39cebd508a is 16012.936001994 bringing totaldiffcount to 171131.074261994280
Total Diff from 26a29ea0d4e0a74b4512b2306b35278c is 4043.515555999999 bringing totaldiffcount to 175174.589817994279
Total Diff from 79d2fe7ce53e9da58e46057dcf8a77fd is 4763.005915000013 bringing totaldiffcount to 179937.595732994292
Total Diff from 603f1a690bd76ad283d67480e011cec8 is 5715.26933000001 bringing totaldiffcount to 185652.865062994302
Total Diff from 41f3cf3ece029a034884701ada7bf08b is 6152.08221899991 bringing totaldiffcount to 191804.947281994212
Total Diff from cb87d65dc32c31e5baf65e2c902d7cbd is 25180.8578590015 bringing totaldiffcount to 216985.805140995712
Total Diff from 193cd7c15933c9ca00ab79a9f92a54ed is 652.600317000000 bringing totaldiffcount to 217638.405457995712
Total Diff from f54f51af9ccd1bb3b38fcd02e290b997 is 6631.4739140000 bringing totaldiffcount to 224269.879371995712
Total Diff from 704111d3ea3e0edc73176bc1c15ff02e is 24.637333000000 bringing totaldiffcount to 224294.516704995712
Total Diff from 5d69de358e4826b5b8ca94aa759636d3 is 5572.83172800002 bringing totaldiffcount to 229867.348432995732
Total Diff from e3609d2b817e65e79cdcba44c81e0538 is 5933.4986640000 bringing totaldiffcount to 235800.847096995732
Total Diff from 4f4c22865751a0ddec009df96db4c9ae is 392225.274147845 bringing totaldiffcount to 628026.121244840732
Total Diff from 55a0cb448335518eb401631a8c31de48 is 15997.9026219997 bringing totaldiffcount to 644024.023866840432
Total Diff from 61805f016f1cdf5cbde9b7c3db811c61 is 1443.000003 bringing totaldiffcount to 645467.023869840432
Total Diff from 5dcc2cda74bbec9addeb5ab85b19486c is 10931.303550000003 bringing totaldiffcount to 656398.327419840435
Total Diff from 7262a5bb0696362a2a81e4f42a5c4c65 is 14817.592400999990 bringing totaldiffcount to 671215.919820840425
Total Diff from 28c530c5c941e0da1d8d98d2552dcce5 is 2176.8287060000 bringing totaldiffcount to 673392.748526840425
Total Diff from 59900fe7ef44fe33aa2afdf98301ec1c is 389.717531 bringing totaldiffcount to 673782.466057840425
Total Diff from 828806de8b5edeccf97a0c6474949d27 is 16639.4277839991 bringing totaldiffcount to 690421.893841839525
Total Diff from a39e2755d3ccee9f3dc176462abbc2f9 is 27317.4960040030 bringing totaldiffcount to 717739.389845842525
Total Diff from 3b506ca17b3c9fba239d8059ca4846cf is 520.09866699998 bringing totaldiffcount to 718259.488512842505
Total Diff from 8bec951f6364cb21bd80e8ab356d3286 is 2296.3309940004 bringing totaldiffcount to 720555.819506842905
Total Diff from 89c03d27ba3d8fea5d79c11cf02e81dd is 576.20834000000 bringing totaldiffcount to 721132.027846842905
Total Diff from 6fbbbe52d64484642c2c7c1391a1173f is 33694.158652999920 bringing totaldiffcount to 754826.186499842825
Total Diff from c42ac059b20bfbd0afe568c36bec5b45 is 8004.1787219993 bringing totaldiffcount to 762830.365221842125
Total Diff from b15f2cdae1daf59f526f1693f9ceeece is 82483.9402100010 bringing totaldiffcount to 845314.305431843125
Total Diff from b9706f29d7a6522f7a68a7627152ff32 is 6359.858614996 bringing totaldiffcount to 851674.164046839125
Total Diff from 2fcaf5ae175f8b604fdf344b1d970092 is 11136.0691459989 bringing totaldiffcount to 862810.233192838025
Total Diff from 0cd7082d3d231f5b24adc4843103f44a is 10238.44357499996 bringing totaldiffcount to 873048.676767837985
Total Diff from 6ad54a9f1c4d97c9f1857b31c6a4127c is 169203.77277399973 bringing totaldiffcount to 1042252.449541837715
Total Diff from a2e48b7a0466a6166dab13ec6ca1bff5 is 22181.6030060001 bringing totaldiffcount to 1064434.052547837815
Total Diff from a92e1cf0903633d62283ea1f101a1af3 is 8761.7773830001 bringing totaldiffcount to 1073195.829930837915
Total Diff from b030ad234200af452729cce82d2e61f3 is 405.80608900000 bringing totaldiffcount to 1073601.636019837915
Total Diff from 0aac95f4d6361b3a3bcf16eac5185a04 is 117712.2299810480 bringing totaldiffcount to 1191313.866000885915
Total Diff from 8438a219b0732cbc80677e06744367d1 is 656.30125100000 bringing totaldiffcount to 1191970.167251885915
Total Diff from e77947498c48595582fd449525d9c0b0 is 74.81066700000 bringing totaldiffcount to 1192044.977918885915
Total Diff from cb44d23b2c25625262ac95cfc5792b7e is 7350.6560000009 bringing totaldiffcount to 1199395.633918886815
Total Diff from 6b5280410f95f0ae72f5b4c5164d9a0b is 468.5066660000 bringing totaldiffcount to 1199864.140584886815
Total Diff from 7b67d6f60db3c7b6ca522f4053b3fb8d is 82.05600000002 bringing totaldiffcount to 1199946.196584886835
Total Diff from 909f23bea314c9d6dae54a184c8f6ebc is 7239.3366130002 bringing totaldiffcount to 1207185.533197887035
Total Diff from 6948e77a33fceb2cef51184fd480e5b1 is 48721.042134006 bringing totaldiffcount to 1255906.575331893035
Total Diff from d9bb71a966fbbad06096aa65fbba302c is 85736.1039040140 bringing totaldiffcount to 1341642.679235907035
Total Diff from 5d461077eb1ccea5211e02a7c52194cf is 27026.3348020002 bringing totaldiffcount to 1368669.014037907235
Total Diff from 298becdd13b132064ce8e5da4c2e6ba8 is 1281.44653400003 bringing totaldiffcount to 1369950.460571907265
Total Diff from a57a2f1e3baae43b86d2d8ee3402382b is 102291.741453924 bringing totaldiffcount to 1472242.202025831265
Total Diff from 1f65951af61f337be04c8549d3d0e7df is 16321.04355499974 bringing totaldiffcount to 1488563.245580831005
Total Diff from 46f64d69eb8c5ee9cd24178b589af83f is 529.875536 bringing totaldiffcount to 1489093.121116831005
Total Diff from 7122bc6cf04c46488c8a72f205995dd3 is 64.96799999999 bringing totaldiffcount to 1489158.089116830995
Total Diff from e514c72084f6b6dc5526bb0c47041ef7 is 5140.47892500001 bringing totaldiffcount to 1494298.568041831005
Total Diff from 411567587e0d91da48f891aef5b1e218 is 17278.5521759996 bringing totaldiffcount to 1511577.120217830605
Total Diff from 772fcf047c0680bd8cedddc076fddf3a is 2728.01635700001 bringing totaldiffcount to 1514305.136574830615
Total Diff from 6081597053addf38a34795d9b052331f is 17777.1712340003 bringing totaldiffcount to 1532082.307808830915
Total Diff from 536fcb1f96d4c755f4bc6515b0e6ea23 is 26248.8975689984 bringing totaldiffcount to 1558331.205377829315
Total Diff from fdc9f8dc8c895c58c0fea2ca0ce6f33f is 2489.8479719995 bringing totaldiffcount to 1560821.053349828815
Total Diff from 9115ebb5b5d7804845c129e3b6db4e84 is 37836.558942995 bringing totaldiffcount to 1598657.612292823815
Total Diff from d6f6b5052c07f79393f9c7d480a072e6 is 3492.63864499997 bringing totaldiffcount to 1602150.250937823785
Total Diff from cc4e1c1bd400ac68c8685c0e80d9d984 is 143.5733330000 bringing totaldiffcount to 1602293.824270823785
Total Diff from e831440cd7b84206cb59b5ef77009a8b is 849.71200099998 bringing totaldiffcount to 1603143.536271823765
Total Diff from 8c8744ca3866631f621851199aa79e49 is 1832.71687299999 bringing totaldiffcount to 1604976.253144823755
Total Diff from f5e450ad342fb8be0e5855717df92a44 is 223.766963 bringing totaldiffcount to 1605200.020107823755
Total Diff from 0c130640a79aab9f1eaed36277bc51fc is 1266568.352428540 bringing totaldiffcount to 2871768.372536363755
Total Diff from 37d04a47c7e73ea910ddfa345991235a is 3337.0470790000 bringing totaldiffcount to 2875105.419615363755
Total Diff from a3b211057c07a294a1056bde2306d185 is 5749.81323400026 bringing totaldiffcount to 2880855.232849364015
Total Diff from 4255bf7a07011016e9152f2cba514f6e is 831.83199999988 bringing totaldiffcount to 2881687.064849363895
Total Diff from 2c9bb1975c98529ef578649203a449ec is 17479.9365029986 bringing totaldiffcount to 2899167.001352362495
Total Diff from 3b3faf83b8d631ce312eeaedecd761b5 is 17705.38655300003 bringing totaldiffcount to 2916872.387905362525
Total Diff from d78af784aacb088a8ae3391e9b042519 is 8073.1390100000 bringing totaldiffcount to 2924945.526915362525
Total Diff from 906d42bcc2a97c2395b5ca63e86c9ef9 is 5235.05117699999 bringing totaldiffcount to 2930180.578092362515
Total Diff from 8f6c3ee5d5bb28b38993a36bbba99951 is 2834.67503899999 bringing totaldiffcount to 2933015.253131362505
Total Diff from 1ff457bcb9860833f66db19b48a3d9f4 is 2435.64613200000 bringing totaldiffcount to 2935450.899263362505
Total Diff from 91d6e0b1fa9e6fe7d314abfefbb3d969 is 2200.213731000020 bringing totaldiffcount to 2937651.112994362525
Total Diff from 1a4e7f5d650ecd274e33d31df93f6441 is 12963.1400670005 bringing totaldiffcount to 2950614.253061363025
Total Diff from af5cf5f6c1867f07aebe79ac30271f17 is 2031.594667999980 bringing totaldiffcount to 2952645.847729363005
Total Diff from fd088cedd63db49029a5ce5546f554fb is 1579.00420499996 bringing totaldiffcount to 2954224.851934362965
Total Diff from 575d3a53f4ab77448fae6aa5f8f5bdbc is 251.80799999999 bringing totaldiffcount to 2954476.659934362955
Total Diff from 5a094d7d93f6d6370e78a2ac8c008407 is 21751.1597500008 bringing totaldiffcount to 2976227.819684363755
Total Diff from 68e989f93860ca8393a464f0a095fe73 is 85.89066599999 bringing totaldiffcount to 2976313.710350363745
Total Diff from 1ac793c529cd6ffa942afaef7c5068c2 is 9571.3358790000 bringing totaldiffcount to 2985885.046229363745
Total Diff from 30371bd00196619853782bbf95df2880 is 37615.5439929967 bringing totaldiffcount to 3023500.590222360445
Total Diff from e7b92eee46f2ab71de912ca3a81ed7fb is 15937.26645700000 bringing totaldiffcount to 3039437.856679360445
Total Diff from 974d2dd283bf0f3fa244b19aea3f8a4e is 8505.55294399999 bringing totaldiffcount to 3047943.409623360435
Total Diff from 9a7d7cc7743cbfbd46c10fb9af49c0d3 is 179.176001 bringing totaldiffcount to 3048122.585624360435
Total Diff from a8a06fa569f7e1660c945e525d80fa32 is 29056.7324560019 bringing totaldiffcount to 3077179.318080362335
Total Diff from cbbe01ae2c53cad990a6867a51255657 is 36646.6615689990 bringing totaldiffcount to 3113825.979649361335
Total Diff from 41261836240e4689f414b6ad927cb4b9 is 21687.74585899999 bringing totaldiffcount to 3135513.725508361325
Total Diff from 2b33056dfbf5e5846964be10bfde6410 is 80680.5743749973 bringing totaldiffcount to 3216194.299883358625
Total Diff from 049144b3fb2e414f5d122a2807066342 is 11725.00745600003 bringing totaldiffcount to 3227919.307339358655
Total Diff from d4e905365162436d3202686ddb030e0a is 3383.294491000001 bringing totaldiffcount to 3231302.601830358656
Total Diff from 16343a0f41ad37bb35a80e81bc97ef8c is 476.7824000000 bringing totaldiffcount to 3231779.384230358656
Total Diff from 8f2a530cf6f73647af4c680c3471ea65 is 11710.23171300012 bringing totaldiffcount to 3243489.615943358776
Total Diff from 7cc7324db90bf3eb032e6db9eaf72d6e is 23.6106669999 bringing totaldiffcount to 3243513.226610358676
Total Diff from 7ace61f1014802fe81b54a3010a9df33 is 28224.598936999990 bringing totaldiffcount to 3271737.825547358666
Total Diff from 713ef874f593ce679ad648186b675a11 is 920.28533299999 bringing totaldiffcount to 3272658.110880358656
Total Diff from fc38b066fe61f9b30ed6598c52a7daeb is 321.895999000003 bringing totaldiffcount to 3272980.006879358659
Total Diff from f5e5133282f34c97a70111a4a79fa110 is 8083.54031900006 bringing totaldiffcount to 3281063.547198358719
Total Diff from eb3e92107e6ee293fd7b9f4490e5c232 is 191623.5039829942 bringing totaldiffcount to 3472687.051181352919
Total Diff from c4c652f102dcf42b627589d7d525c789 is 18118.40560899995 bringing totaldiffcount to 3490805.456790352869
Total Diff from 1f61767caa1ec9988100c5f7b3d36cac is 1662.34227100000 bringing totaldiffcount to 3492467.799061352869
Total Diff from 9b8d84ada9e5d6f3a424fc3d95df2529 is 13801.52571299998 bringing totaldiffcount to 3506269.324774352849
Total Diff from 67b0f504a77b3f91429844591b1bbc2b is 973.861335000001 bringing totaldiffcount to 3507243.186109352850
Total Diff from 6b1d56acbb46d2def060db99fec4f36c is 39052.496822999998 bringing totaldiffcount to 3546295.682932352848
Total Diff from c93868492b3982ba5de8d53786ca6402 is 8432.934513999980 bringing totaldiffcount to 3554728.617446352828
Total Diff from 94caecac9ba0a36e7491227096e11d3c is 1292.402890000000 bringing totaldiffcount to 3556021.020336352828
Total Diff from 7a59adff9cc83bb250c799707b471f27 is 25128.93150300000 bringing totaldiffcount to 3581149.951839352828
Total Diff from 05ffb3f19ff0806bf37b5d1fd5d78090 is 160.141333000000 bringing totaldiffcount to 3581310.093172352828
Total Diff from 03d010e04bfa7db3852308300a800d94 is 33974.56605800007 bringing totaldiffcount to 3615284.659230352898
Total Diff from bf290719659eefbe83d30411471f7507 is 2233.6041069999965 bringing totaldiffcount to 3617518.2633373528945
Total Diff from 6fef768a3a12d4fbbf71293346bb3fa2 is 302.1488880000001 bringing totaldiffcount to 3617820.4122253528946
Total Diff from 752bbb4e0821d53e1e29e78602b72f3a is 80937.570716999800 bringing totaldiffcount to 3698757.9829423526946
Total Diff from 3d66e11ed9b5f2b2560831c86cb2a5e8 is 154.608000 bringing totaldiffcount to 3698912.5909423526946
Total Diff from ca430c0e0bcb6692b56dd05d9af83902 is 7631.956057999995 bringing totaldiffcount to 3706544.5470003526896
Total Diff from 431d0ac8a393f828adc516d173553434 is 2477.438452999991 bringing totaldiffcount to 3709021.9854533526806
Total Diff from f697feb4e17a75eded452dee9e8eaaa0 is 12516.464002000010 bringing totaldiffcount to 3721538.4494553526906
Total Diff from 977f72ab4e75711cad31973d34d3e348 is 1391.700250000001 bringing totaldiffcount to 3722930.1497053526916
Total Diff from 5fafbe6930402bb3d4a46897287ab2c3 is 1890.991170000001 bringing totaldiffcount to 3724821.1408753526926
Total Diff from fd5ef6cdb1c2611dc39e106faea20bb7 is 9936.209374000000 bringing totaldiffcount to 3734757.3502493526926
Total Diff from 736337c40f279a4eb1b0cd2e52d51e81 is 1790.37044099999 bringing totaldiffcount to 3736547.7206903526826
Total Diff from 827c107a88077e037747e4566f42b76d is 6306.525755000005 bringing totaldiffcount to 3742854.2464453526876
Total Diff from a88eb8379a7cff4fefe8e7f1c1777003 is 10364.331297000007 bringing totaldiffcount to 3753218.5777423526946
Total Diff from 7a77ef9b53332b33f6b3da7d272fe9f3 is 8556.595142000004 bringing totaldiffcount to 3761775.1728843526986
Total Diff from 55cd02be28521073d367f7ca38615682 is 9338.53063200001 bringing totaldiffcount to 3771113.7035163527086
Total Diff from b8239d824b88c566b3ffd6c03b730bea is 5082.366769 bringing totaldiffcount to 3776196.0702853527086
Total Diff from 52987d1393808fffee993135ab177d02 is 8960.590076000000 bringing totaldiffcount to 3785156.6603613527086
Total Diff from f6c06728e018a2a087b0163173b5df23 is 1438.59484 bringing totaldiffcount to 3786595.2552013527086
Total Diff from 81227c7087fc6f129ece1f581a0c43a7 is 6006.1361700000000 bringing totaldiffcount to 3792601.3913713527086
Total Diff from 11335e0fb00dbeb06bf66c8e66cb1187 is 3183.71626 bringing totaldiffcount to 3795785.1076313527086
Total Diff from 82c8cbf96c2e9b738dc6c9f126a21baf is 100.716296 bringing totaldiffcount to 3795885.8239273527086
Total Diff from 587d4e79693da1de3618fbc85e13dd6d is 1613.46760399999996 bringing totaldiffcount to 3797499.29153135270856
Total Diff from 6a1e991f1416340a215a2f51e8323d0f is 54.6666669999999 bringing totaldiffcount to 3797553.95819835270846
Total Diff from 1100051546843b11d4839668ad177401 is 10460.388960999999 bringing totaldiffcount to 3808014.34715935270746
CPID: 870405e5518dc80048a6ddad44d86660 | DIFF: 2793.367471999970 | Percentage of PIE: .00073354961860470030(.07335496186047003000%)
CPID: fdc7e04c70a57f8963fb823f619e8964 | DIFF: 1199.728400000000 | Percentage of PIE: .00031505353988357632(.03150535398835763200%)
CPID: 24e505bdf49d468bdcab62df799b5974 | DIFF: 50223.9538589984 | Percentage of PIE: .01318901382198408375(1.31890138219840837500%)
CPID: d2ba1846426099335fd80b6014e92fb9 | DIFF: 2395.91598199999 | Percentage of PIE: .00062917724661075939(.06291772466107593900%)
CPID: 5f72c050e6113cfbfcc964bd5eddd359 | DIFF: 10326.0295430000 | Percentage of PIE: .00271165720546795252(.27116572054679525200%)
CPID: 05c21278af7999e749b1671ea90bc8f6 | DIFF: 893.29866800000 | Percentage of PIE: .00023458385041704739(.02345838504170473900%)
CPID: d794a48fe6ac954c2fdf7f5d796493d9 | DIFF: 944.59200199987 | Percentage of PIE: .00024805368779781595(.02480536877978159500%)
CPID: 9f2fdd97fa9c48a05e9acc92d353fe51 | DIFF: 205.79466400000 | Percentage of PIE: .00005404251277401717(.00540425127740171700%)
CPID: ee2c8c9a73e894ec812ee0c16ebabd1d | DIFF: 13623.73416499994 | Percentage of PIE: .00357764780354957841(.35776478035495784100%)
CPID: eff724ef3f568039248fbfedb2643b67 | DIFF: 7627.0775100000 | Percentage of PIE: .00200290146377456183(.20029014637745618300%)
CPID: 0c99c1b399dc935978e2ad69b7f076da | DIFF: 52727.4600260023 | Percentage of PIE: .01384644468719902949(1.38464446871990294900%)
CPID: 3081ff717f5e91cd0b47da5349bda89d | DIFF: 2292.4652419997 | Percentage of PIE: .00060201066304012219(.06020106630401221900%)
CPID: 3e4e5ee66e0105c11dff0eed0519cf2f | DIFF: 1525.41550200001 | Percentage of PIE: .00040058029275491499(.04005802927549149900%)
CPID: 4f0fecd04be3a74c46aa9678f780d028 | DIFF: 8254.4892250001 | Percentage of PIE: .00216766232279499264(.21676623227949926400%)
CPID: a52565441ccda35464cf0d37fc9074f2 | DIFF: 84.816 | Percentage of PIE: .00002227302532703686(.00222730253270368600%)
CPID: 0a7f19e446a766dc045f7c39cebd508a | DIFF: 16012.936001994 | Percentage of PIE: .00420506188847190076(.42050618884719007600%)
CPID: 26a29ea0d4e0a74b4512b2306b35278c | DIFF: 4043.515555999999 | Percentage of PIE: .00106184357183851527(.10618435718385152700%)
CPID: 79d2fe7ce53e9da58e46057dcf8a77fd | DIFF: 4763.005915000013 | Percentage of PIE: .00125078465593309832(.12507846559330983200%)
CPID: 603f1a690bd76ad283d67480e011cec8 | DIFF: 5715.26933000001 | Percentage of PIE: .00150085288787407108(.15008528878740710800%)
CPID: 41f3cf3ece029a034884701ada7bf08b | DIFF: 6152.08221899991 | Percentage of PIE: .00161556172276219259(.16155617227621925900%)
CPID: cb87d65dc32c31e5baf65e2c902d7cbd | DIFF: 25180.8578590015 | Percentage of PIE: .00661259532222759375(.66125953222275937500%)
CPID: 193cd7c15933c9ca00ab79a9f92a54ed | DIFF: 652.600317000000 | Percentage of PIE: .00017137548798544241(.01713754879854424100%)
CPID: f54f51af9ccd1bb3b38fcd02e290b997 | DIFF: 6631.4739140000 | Percentage of PIE: .00174145192466169427(.17414519246616942700%)
CPID: 704111d3ea3e0edc73176bc1c15ff02e | DIFF: 24.637333000000 | Percentage of PIE: .00000646986349155396(.00064698634915539600%)
CPID: 5d69de358e4826b5b8ca94aa759636d3 | DIFF: 5572.83172800002 | Percentage of PIE: .00146344819634336728(.14634481963433672800%)
CPID: e3609d2b817e65e79cdcba44c81e0538 | DIFF: 5933.4986640000 | Percentage of PIE: .00155816079538308075(.15581607953830807500%)
CPID: 4f4c22865751a0ddec009df96db4c9ae | DIFF: 392225.274147845 | Percentage of PIE: .10299994653130220458(10.29999465313022045800%)
CPID: 55a0cb448335518eb401631a8c31de48 | DIFF: 15997.9026219997 | Percentage of PIE: .00420111406196081779(.42011140619608177900%)
CPID: 61805f016f1cdf5cbde9b7c3db811c61 | DIFF: 1443.000003 | Percentage of PIE: .00037893764871879440(.03789376487187944000%)
CPID: 5dcc2cda74bbec9addeb5ab85b19486c | DIFF: 10931.303550000003 | Percentage of PIE: .00287060461265183473(.28706046126518347300%)
CPID: 7262a5bb0696362a2a81e4f42a5c4c65 | DIFF: 14817.592400999990 | Percentage of PIE: .00389115981457722253(.38911598145772225300%)
CPID: 28c530c5c941e0da1d8d98d2552dcce5 | DIFF: 2176.8287060000 | Percentage of PIE: .00057164404005563663(.05716440400556366300%)
CPID: 59900fe7ef44fe33aa2afdf98301ec1c | DIFF: 389.717531 | Percentage of PIE: .00010234140301774751(.01023414030177475100%)
CPID: 828806de8b5edeccf97a0c6474949d27 | DIFF: 16639.4277839991 | Percentage of PIE: .00436958116935970551(.43695811693597055100%)
CPID: a39e2755d3ccee9f3dc176462abbc2f9 | DIFF: 27317.4960040030 | Percentage of PIE: .00717368515808794400(.71736851580879440000%)
CPID: 3b506ca17b3c9fba239d8059ca4846cf | DIFF: 520.09866699998 | Percentage of PIE: .00013658001771657075(.01365800177165707500%)
CPID: 8bec951f6364cb21bd80e8ab356d3286 | DIFF: 2296.3309940004 | Percentage of PIE: .00060302582518193075(.06030258251819307500%)
CPID: 89c03d27ba3d8fea5d79c11cf02e81dd | DIFF: 576.20834000000 | Percentage of PIE: .00015131464523757152(.01513146452375715200%)
CPID: 6fbbbe52d64484642c2c7c1391a1173f | DIFF: 33694.158652999920 | Percentage of PIE: .00884822261190654378(.88482226119065437800%)
CPID: c42ac059b20bfbd0afe568c36bec5b45 | DIFF: 8004.1787219993 | Percentage of PIE: .00210192977029357599(.21019297702935759900%)
CPID: b15f2cdae1daf59f526f1693f9ceeece | DIFF: 82483.9402100010 | Percentage of PIE: .02166061697523045651(2.16606169752304565100%)
CPID: b9706f29d7a6522f7a68a7627152ff32 | DIFF: 6359.858614996 | Percentage of PIE: .00167012464638959016(.16701246463895901600%)
CPID: 2fcaf5ae175f8b604fdf344b1d970092 | DIFF: 11136.0691459989 | Percentage of PIE: .00292437688799834047(.29243768879983404700%)
CPID: 0cd7082d3d231f5b24adc4843103f44a | DIFF: 10238.44357499996 | Percentage of PIE: .00268865677531847683(.26886567753184768300%)
CPID: 6ad54a9f1c4d97c9f1857b31c6a4127c | DIFF: 169203.77277399973 | Percentage of PIE: .04443359644908373453(4.44335964490837345300%)
CPID: a2e48b7a0466a6166dab13ec6ca1bff5 | DIFF: 22181.6030060001 | Percentage of PIE: .00582497884298855396(.58249788429885539600%)
CPID: a92e1cf0903633d62283ea1f101a1af3 | DIFF: 8761.7773830001 | Percentage of PIE: .00230087824893204080(.23008782489320408000%)
CPID: b030ad234200af452729cce82d2e61f3 | DIFF: 405.80608900000 | Percentage of PIE: .00010656632354936302(.01065663235493630200%)
CPID: 0aac95f4d6361b3a3bcf16eac5185a04 | DIFF: 117712.2299810480 | Percentage of PIE: .03091170863598695772(3.09117086359869577200%)
CPID: 8438a219b0732cbc80677e06744367d1 | DIFF: 656.30125100000 | Percentage of PIE: .00017234736825232239(.01723473682523223900%)
CPID: e77947498c48595582fd449525d9c0b0 | DIFF: 74.81066700000 | Percentage of PIE: .00001964558433342200(.00196455843334220000%)
CPID: cb44d23b2c25625262ac95cfc5792b7e | DIFF: 7350.6560000009 | Percentage of PIE: .00193031205501739658(.19303120550173965800%)
CPID: 6b5280410f95f0ae72f5b4c5164d9a0b | DIFF: 468.5066660000 | Percentage of PIE: .00012303174917118939(.01230317491711893900%)
CPID: 7b67d6f60db3c7b6ca522f4053b3fb8d | DIFF: 82.05600000002 | Percentage of PIE: .00002154823814181029(.00215482381418102900%)
CPID: 909f23bea314c9d6dae54a184c8f6ebc | DIFF: 7239.3366130002 | Percentage of PIE: .00190107913285581376(.19010791328558137600%)
CPID: 6948e77a33fceb2cef51184fd480e5b1 | DIFF: 48721.042134006 | Percentage of PIE: .01279434311227062894(1.27943431122706289400%)
CPID: d9bb71a966fbbad06096aa65fbba302c | DIFF: 85736.1039040140 | Percentage of PIE: .02251464834106262620(2.25146483410626262000%)
CPID: 5d461077eb1ccea5211e02a7c52194cf | DIFF: 27026.3348020002 | Percentage of PIE: .00709722504647623324(.70972250464762332400%)
CPID: 298becdd13b132064ce8e5da4c2e6ba8 | DIFF: 1281.44653400003 | Percentage of PIE: .00033651305304454666(.03365130530445466600%)
CPID: a57a2f1e3baae43b86d2d8ee3402382b | DIFF: 102291.741453924 | Percentage of PIE: .02686222585538053687(2.68622258553805368700%)
CPID: 1f65951af61f337be04c8549d3d0e7df | DIFF: 16321.04355499974 | Percentage of PIE: .00428597218053410835(.42859721805341083500%)
CPID: 46f64d69eb8c5ee9cd24178b589af83f | DIFF: 529.875536 | Percentage of PIE: .00013914746313791303(.01391474631379130300%)
CPID: 7122bc6cf04c46488c8a72f205995dd3 | DIFF: 64.96799999999 | Percentage of PIE: .00001706086009062804(.00170608600906280400%)
CPID: e514c72084f6b6dc5526bb0c47041ef7 | DIFF: 5140.47892500001 | Percentage of PIE: .00134991059811385161(.13499105981138516100%)
CPID: 411567587e0d91da48f891aef5b1e218 | DIFF: 17278.5521759996 | Percentage of PIE: .00453741782482747305(.45374178248274730500%)
CPID: 772fcf047c0680bd8cedddc076fddf3a | DIFF: 2728.01635700001 | Percentage of PIE: .00071638815096246054(.07163881509624605400%)
CPID: 6081597053addf38a34795d9b052331f | DIFF: 17777.1712340003 | Percentage of PIE: .00466835721017213505(.46683572101721350500%)
CPID: 536fcb1f96d4c755f4bc6515b0e6ea23 | DIFF: 26248.8975689984 | Percentage of PIE: .00689306687843210773(.68930668784321077300%)
CPID: fdc9f8dc8c895c58c0fea2ca0ce6f33f | DIFF: 2489.8479719995 | Percentage of PIE: .00065384416785531300(.06538441678553130000%)
CPID: 9115ebb5b5d7804845c129e3b6db4e84 | DIFF: 37836.558942995 | Percentage of PIE: .00993603371563444010(.99360337156344401000%)
CPID: d6f6b5052c07f79393f9c7d480a072e6 | DIFF: 3492.63864499997 | Percentage of PIE: .00091718106251499758(.09171810625149975800%)
CPID: cc4e1c1bd400ac68c8685c0e80d9d984 | DIFF: 143.5733330000 | Percentage of PIE: .00003770293909399284(.00377029390939928400%)
CPID: e831440cd7b84206cb59b5ef77009a8b | DIFF: 849.71200099998 | Percentage of PIE: .00022313781502263399(.02231378150226339900%)
CPID: 8c8744ca3866631f621851199aa79e49 | DIFF: 1832.71687299999 | Percentage of PIE: .00048127887815526050(.04812788781552605000%)
CPID: f5e450ad342fb8be0e5855717df92a44 | DIFF: 223.766963 | Percentage of PIE: .00005876211132631956(.00587621113263195600%)
CPID: 0c130640a79aab9f1eaed36277bc51fc | DIFF: 1266568.352428540 | Percentage of PIE: .33260598226825386910(33.26059822682538691000%)
CPID: 37d04a47c7e73ea910ddfa345991235a | DIFF: 3337.0470790000 | Percentage of PIE: .00087632208672987851(.08763220867298785100%)
CPID: a3b211057c07a294a1056bde2306d185 | DIFF: 5749.81323400026 | Percentage of PIE: .00150992425705786068(.15099242570578606800%)
CPID: 4255bf7a07011016e9152f2cba514f6e | DIFF: 831.83199999988 | Percentage of PIE: .00021844245429915408(.02184424542991540800%)
CPID: 2c9bb1975c98529ef578649203a449ec | DIFF: 17479.9365029986 | Percentage of PIE: .00459030216523160670(.45903021652316067000%)
CPID: 3b3faf83b8d631ce312eeaedecd761b5 | DIFF: 17705.38655300003 | Percentage of PIE: .00464950626202541420(.46495062620254142000%)
CPID: d78af784aacb088a8ae3391e9b042519 | DIFF: 8073.1390100000 | Percentage of PIE: .00212003902139241757(.21200390213924175700%)
CPID: 906d42bcc2a97c2395b5ca63e86c9ef9 | DIFF: 5235.05117699999 | Percentage of PIE: .00137474565475446738(.13747456547544673800%)
CPID: 8f6c3ee5d5bb28b38993a36bbba99951 | DIFF: 2834.67503899999 | Percentage of PIE: .00074439715310278695(.07443971531027869500%)
CPID: 1ff457bcb9860833f66db19b48a3d9f4 | DIFF: 2435.64613200000 | Percentage of PIE: .00063961054501197138(.06396105450119713800%)
CPID: 91d6e0b1fa9e6fe7d314abfefbb3d969 | DIFF: 2200.213731000020 | Percentage of PIE: .00057778504239126712(.05777850423912671200%)
CPID: 1a4e7f5d650ecd274e33d31df93f6441 | DIFF: 12963.1400670005 | Percentage of PIE: .00340417311627792451(.34041731162779245100%)
CPID: af5cf5f6c1867f07aebe79ac30271f17 | DIFF: 2031.594667999980 | Percentage of PIE: .00053350499309843186(.05335049930984318600%)
CPID: fd088cedd63db49029a5ce5546f554fb | DIFF: 1579.00420499996 | Percentage of PIE: .00041465290333736338(.04146529033373633800%)
CPID: 575d3a53f4ab77448fae6aa5f8f5bdbc | DIFF: 251.80799999999 | Percentage of PIE: .00006612580128219056(.00661258012821905600%)
CPID: 5a094d7d93f6d6370e78a2ac8c008407 | DIFF: 21751.1597500008 | Percentage of PIE: .00571194269954009353(.57119426995400935300%)
CPID: 68e989f93860ca8393a464f0a095fe73 | DIFF: 85.89066599999 | Percentage of PIE: .00002255523697384739(.00225552369738473900%)
CPID: 1ac793c529cd6ffa942afaef7c5068c2 | DIFF: 9571.3358790000 | Percentage of PIE: .00251347159081474739(.25134715908147473900%)
CPID: 30371bd00196619853782bbf95df2880 | DIFF: 37615.5439929967 | Percentage of PIE: .00987799429407523050(.98779942940752305000%)
CPID: e7b92eee46f2ab71de912ca3a81ed7fb | DIFF: 15937.26645700000 | Percentage of PIE: .00418519075929654802(.41851907592965480200%)
CPID: 974d2dd283bf0f3fa244b19aea3f8a4e | DIFF: 8505.55294399999 | Percentage of PIE: .00223359267287026872(.22335926728702687200%)
CPID: 9a7d7cc7743cbfbd46c10fb9af49c0d3 | DIFF: 179.176001 | Percentage of PIE: .00004705234399488518(.00470523439948851800%)
CPID: a8a06fa569f7e1660c945e525d80fa32 | DIFF: 29056.7324560019 | Percentage of PIE: .00763041569884767364(.76304156988476736400%)
CPID: cbbe01ae2c53cad990a6867a51255657 | DIFF: 36646.6615689990 | Percentage of PIE: .00962356184302092897(.96235618430209289700%)
CPID: 41261836240e4689f414b6ad927cb4b9 | DIFF: 21687.74585899999 | Percentage of PIE: .00569528995477086371(.56952899547708637100%)
CPID: 2b33056dfbf5e5846964be10bfde6410 | DIFF: 80680.5743749973 | Percentage of PIE: .02118704579860163191(2.11870457986016319100%)
CPID: 049144b3fb2e414f5d122a2807066342 | DIFF: 11725.00745600003 | Percentage of PIE: .00307903447494794260(.30790344749479426000%)
CPID: d4e905365162436d3202686ddb030e0a | DIFF: 3383.294491000001 | Percentage of PIE: .00088846684454427592(.08884668445442759200%)
CPID: 16343a0f41ad37bb35a80e81bc97ef8c | DIFF: 476.7824000000 | Percentage of PIE: .00012520499045799636(.01252049904579963600%)
CPID: 8f2a530cf6f73647af4c680c3471ea65 | DIFF: 11710.23171300012 | Percentage of PIE: .00307515430495569134(.30751543049556913400%)
CPID: 7cc7324db90bf3eb032e6db9eaf72d6e | DIFF: 23.6106669999 | Percentage of PIE: .00000620025683924030(.00062002568392403000%)
CPID: 7ace61f1014802fe81b54a3010a9df33 | DIFF: 28224.598936999990 | Percentage of PIE: .00741189406443664446(.74118940644366444600%)
CPID: 713ef874f593ce679ad648186b675a11 | DIFF: 920.28533299999 | Percentage of PIE: .00024167065801274911(.02416706580127491100%)
CPID: fc38b066fe61f9b30ed6598c52a7daeb | DIFF: 321.895999000003 | Percentage of PIE: .00008453119385963614(.00845311938596361400%)
CPID: f5e5133282f34c97a70111a4a79fa110 | DIFF: 8083.54031900006 | Percentage of PIE: .00212277044728838853(.21227704472883885300%)
CPID: eb3e92107e6ee293fd7b9f4490e5c232 | DIFF: 191623.5039829942 | Percentage of PIE: .05032110872322178125(5.03211087232217812500%)
CPID: c4c652f102dcf42b627589d7d525c789 | DIFF: 18118.40560899995 | Percentage of PIE: .00475796673994037216(.47579667399403721600%)
CPID: 1f61767caa1ec9988100c5f7b3d36cac | DIFF: 1662.34227100000 | Percentage of PIE: .00043653781720650552(.04365378172065055200%)
CPID: 9b8d84ada9e5d6f3a424fc3d95df2529 | DIFF: 13801.52571299998 | Percentage of PIE: .00362433658457601188(.36243365845760118800%)
CPID: 67b0f504a77b3f91429844591b1bbc2b | DIFF: 973.861335000001 | Percentage of PIE: .00025573993326114119(.02557399332611411900%)
CPID: 6b1d56acbb46d2def060db99fec4f36c | DIFF: 39052.496822999998 | Percentage of PIE: .01025534393065819538(1.02553439306581953800%)
CPID: c93868492b3982ba5de8d53786ca6402 | DIFF: 8432.934513999980 | Percentage of PIE: .00221452277885734809(.22145227788573480900%)
CPID: 94caecac9ba0a36e7491227096e11d3c | DIFF: 1292.402890000000 | Percentage of PIE: .00033939023653208868(.03393902365320886800%)
CPID: 7a59adff9cc83bb250c799707b471f27 | DIFF: 25128.93150300000 | Percentage of PIE: .00659895925070379940(.65989592507037994000%)
CPID: 05ffb3f19ff0806bf37b5d1fd5d78090 | DIFF: 160.141333000000 | Percentage of PIE: .00004205376303780470(.00420537630378047000%)
CPID: 03d010e04bfa7db3852308300a800d94 | DIFF: 33974.56605800007 | Percentage of PIE: .00892185873284430345(.89218587328443034500%)
CPID: bf290719659eefbe83d30411471f7507 | DIFF: 2233.6041069999965 | Percentage of PIE: .00058655349044737399(.05865534904473739900%)
CPID: 6fef768a3a12d4fbbf71293346bb3fa2 | DIFF: 302.1488880000001 | Percentage of PIE: .00007934552248349398(.00793455224834939800%)
CPID: 752bbb4e0821d53e1e29e78602b72f3a | DIFF: 80937.570716999800 | Percentage of PIE: .02125453407952006133(2.12545340795200613300%)
CPID: 3d66e11ed9b5f2b2560831c86cb2a5e8 | DIFF: 154.608000 | Percentage of PIE: .00004060068736750748(.00406006873675074800%)
CPID: ca430c0e0bcb6692b56dd05d9af83902 | DIFF: 7631.956057999995 | Percentage of PIE: .00200418259025026280(.20041825902502628000%)
CPID: 431d0ac8a393f828adc516d173553434 | DIFF: 2477.438452999991 | Percentage of PIE: .00065058537787497428(.06505853778749742800%)
CPID: f697feb4e17a75eded452dee9e8eaaa0 | DIFF: 12516.464002000010 | Percentage of PIE: .00328687417140034154(.32868741714003415400%)
CPID: 977f72ab4e75711cad31973d34d3e348 | DIFF: 1391.700250000001 | Percentage of PIE: .00036546612568257820(.03654661256825782000%)
CPID: 5fafbe6930402bb3d4a46897287ab2c3 | DIFF: 1890.991170000001 | Percentage of PIE: .00049658194471105791(.04965819447110579100%)
CPID: fd5ef6cdb1c2611dc39e106faea20bb7 | DIFF: 9936.209374000000 | Percentage of PIE: .00260928884929545218(.26092888492954521800%)
CPID: 736337c40f279a4eb1b0cd2e52d51e81 | DIFF: 1790.37044099999 | Percentage of PIE: .00047015853349805379(.04701585334980537900%)
CPID: 827c107a88077e037747e4566f42b76d | DIFF: 6306.525755000005 | Percentage of PIE: .00165611922121681489(.16561192212168148900%)
CPID: a88eb8379a7cff4fefe8e7f1c1777003 | DIFF: 10364.331297000007 | Percentage of PIE: .00272171540129081721(.27217154012908172100%)
CPID: 7a77ef9b53332b33f6b3da7d272fe9f3 | DIFF: 8556.595142000004 | Percentage of PIE: .00224699656091971625(.22469965609197162500%)
CPID: 55cd02be28521073d367f7ca38615682 | DIFF: 9338.53063200001 | Percentage of PIE: .00245233598948129793(.24523359894812979300%)
CPID: b8239d824b88c566b3ffd6c03b730bea | DIFF: 5082.366769 | Percentage of PIE: .00133465011044175036(.13346501104417503600%)
CPID: 52987d1393808fffee993135ab177d02 | DIFF: 8960.590076000000 | Percentage of PIE: .00235308726782615485(.23530872678261548500%)
CPID: f6c06728e018a2a087b0163173b5df23 | DIFF: 1438.59484 | Percentage of PIE: .00037778083506254174(.03777808350625417400%)
CPID: 81227c7087fc6f129ece1f581a0c43a7 | DIFF: 6006.1361700000000 | Percentage of PIE: .00157723569883090653(.15772356988309065300%)
CPID: 11335e0fb00dbeb06bf66c8e66cb1187 | DIFF: 3183.71626 | Percentage of PIE: .00083605679226890057(.08360567922689005700%)
CPID: 82c8cbf96c2e9b738dc6c9f126a21baf | DIFF: 100.716296 | Percentage of PIE: .00002644850749449798(.00264485074944979800%)
CPID: 587d4e79693da1de3618fbc85e13dd6d | DIFF: 1613.46760399999996 | Percentage of PIE: .00042370313158184162(.04237031315818416200%)
CPID: 6a1e991f1416340a215a2f51e8323d0f | DIFF: 54.6666669999999 | Percentage of PIE: .00001435568829744019(.00143556882974401900%)
CPID: 1100051546843b11d4839668ad177401 | DIFF: 10460.388960999999 | Percentage of PIE: .00274694053314244684(.27469405331424468400%)
Total percenatge calculated is .99999999999999999924
