All percent data in json file will be stored 0.25.. which means 25%
Total Diff from 004167638daf46847501be39de7e941b is 11250 bringing totaldiffcount to 11250
Total Diff from 007b76793e25af64dc29d68b5347ee7f is 253835 bringing totaldiffcount to 265085
Total Diff from 009b415d69801a2f9182069b9257f410 is 1168398 bringing totaldiffcount to 1433483
Total Diff from 015baf274dd9265b1c53d6aa064cface is 388080 bringing totaldiffcount to 1821563
Total Diff from 0180d21299ca17267b6cf734c9d05884 is 9315 bringing totaldiffcount to 1830878
Total Diff from 01d77694989d3af771ee2c2bc3cdb41b is 693 bringing totaldiffcount to 1831571
Total Diff from 0221c3feb81bf9e73d820036fbf02a96 is 100715 bringing totaldiffcount to 1932286
Total Diff from 0244d21e3dc2a743529f93b8dc3316d1 is 195042 bringing totaldiffcount to 2127328
Total Diff from 0371fb3bb416365874cdd31b5795c88c is 8930 bringing totaldiffcount to 2136258
Total Diff from 0390450eff5f5cd6d7a7d95a6d898d8d is 1187 bringing totaldiffcount to 2137445
Total Diff from 0391ab418c82b05f664677e48abc1431 is 4062 bringing totaldiffcount to 2141507
Total Diff from 03d010e04bfa7db3852308300a800d94 is 533610 bringing totaldiffcount to 2675117
Total Diff from 03f0850806e44e8eba363a790659ee5b is 211365 bringing totaldiffcount to 2886482
Total Diff from 067bc227ca534998a56ec56c1f865e14 is 2693 bringing totaldiffcount to 2889175
Total Diff from 07065b315ac186d42fbe2e5ef734b7cb is 263340 bringing totaldiffcount to 3152515
Total Diff from 08321f22a670ce593f85cee0aceed378 is 2079 bringing totaldiffcount to 3154594
Total Diff from 0a8d1a37461e99c2d61702857502493f is 1000 bringing totaldiffcount to 3155594
Total Diff from 0b3e9507b7e91d1ae13ca41262fee609 is 8563 bringing totaldiffcount to 3164157
Total Diff from 0c130640a79aab9f1eaed36277bc51fc is 90090 bringing totaldiffcount to 3254247
Total Diff from 0d018ee5353d349283563373d87ca680 is 550935 bringing totaldiffcount to 3805182
Total Diff from 0d7bf78aeb1dae402525a417a38b07e4 is 139067 bringing totaldiffcount to 3944249
Total Diff from 0dd1fa4f0ebe4e5f5a621aa773c41850 is 166320 bringing totaldiffcount to 4110569
Total Diff from 114e1ae9cf888c85b84701192d4fad1e is 100491 bringing totaldiffcount to 4211060
Total Diff from 11fe3060a2d3eab10a06a937e1474e65 is 51975 bringing totaldiffcount to 4263035
Total Diff from 12491215f70fbe50b559169174c8e4e9 is 48510 bringing totaldiffcount to 4311545
Total Diff from 154ee375de9d845455e79c94e1586f82 is 3465 bringing totaldiffcount to 4315010
Total Diff from 15993c1611265079905df6671f80f3b9 is 34624 bringing totaldiffcount to 4349634
Total Diff from 17632277c6f8f92738ffbdbb647d78a3 is 87625 bringing totaldiffcount to 4437259
Total Diff from 193cd7c15933c9ca00ab79a9f92a54ed is 8623 bringing totaldiffcount to 4445882
Total Diff from 19fc87b4bf584c5171a1e94ec4ee3b1c is 11009 bringing totaldiffcount to 4456891
Total Diff from 1a4cc27c96d37b72cceaff8b664e45c6 is 444215 bringing totaldiffcount to 4901106
Total Diff from 1aace2ce8237f2e1639abcdb93939dd4 is 282603 bringing totaldiffcount to 5183709
Total Diff from 1ac793c529cd6ffa942afaef7c5068c2 is 618986 bringing totaldiffcount to 5802695
Total Diff from 1ae18cfa24f0f9f8401c9fafae9075d8 is 4158 bringing totaldiffcount to 5806853
Total Diff from 1b4c20cf1a314526b5305d3d9069b394 is 42966 bringing totaldiffcount to 5849819
Total Diff from 1bcb0ca44448c1f74e096dc1f7ade55e is 11 bringing totaldiffcount to 5849830
Total Diff from 1d72b12f758e3d388ccc8afd06f5f53b is 45045 bringing totaldiffcount to 5894875
Total Diff from 1f46c1aee0261e172fcaa2179fbc78f6 is 131670 bringing totaldiffcount to 6026545
Total Diff from 1f76660396a6c85fff35b16ba550d85d is 8316 bringing totaldiffcount to 6034861
Total Diff from 204d178f9b6d4de25297c99fed0ed860 is 15880865 bringing totaldiffcount to 21915726
Total Diff from 2082de95f77c4a69fc878de0bb3b2af5 is 213088 bringing totaldiffcount to 22128814
Total Diff from 209cf08ce2d60e836894ef4fb991ddc9 is 478240 bringing totaldiffcount to 22607054
Total Diff from 21d2a18ac20936fbc86a9cb33b039da4 is 570581 bringing totaldiffcount to 23177635
Total Diff from 23db13c6de769b584ab869ca5a6f934a is 2 bringing totaldiffcount to 23177637
Total Diff from 25030afe5a7ac52cf87c1e645ad402a6 is 187 bringing totaldiffcount to 23177824
Total Diff from 2569d8ca4a6d4fded8091f85f2e3946d is 4274 bringing totaldiffcount to 23182098
Total Diff from 25d003249f8a48a462584bc4bf550e26 is 13860 bringing totaldiffcount to 23195958
Total Diff from 271870e186c59eeb85f29c65888d4b54 is 443522 bringing totaldiffcount to 23639480
Total Diff from 2739e10cc6acd5fcee74199f46428534 is 31781 bringing totaldiffcount to 23671261
Total Diff from 274f4aae5a3041085e95e9c6c0acc6fd is 956496 bringing totaldiffcount to 24627757
Total Diff from 27841bacbf2ccdb70eeb13005ad18510 is 2065028 bringing totaldiffcount to 26692785
Total Diff from 2856d86897e43e601daeb1065983043b is 27720 bringing totaldiffcount to 26720505
Total Diff from 28e0ae8715768aff53e2dc971251402c is 106553 bringing totaldiffcount to 26827058
Total Diff from 292c5e97f2c154175fe8100012a283cb is 1476094 bringing totaldiffcount to 28303152
Total Diff from 29f12dc6023619cab1c87f1f52914dfc is 312543 bringing totaldiffcount to 28615695
Total Diff from 2a132eb110fc7d7c1d78cc957aaed5fe is 894347 bringing totaldiffcount to 29510042
Total Diff from 2aeda8e006c5508544431521fc3403a3 is 20711 bringing totaldiffcount to 29530753
Total Diff from 2b399f3d83c4262a80c829f5d2fe6de7 is 240782 bringing totaldiffcount to 29771535
Total Diff from 2e2d8005f09feef6ecd400aedfd9cf82 is 80388 bringing totaldiffcount to 29851923
Total Diff from 2eac618ae38dde417921473f8f54dc8c is 1386 bringing totaldiffcount to 29853309
Total Diff from 2fc4ada00afb3d2ff1337c1a7e502cb2 is 55887 bringing totaldiffcount to 29909196
Total Diff from 2fcaf5ae175f8b604fdf344b1d970092 is 280665 bringing totaldiffcount to 30189861
Total Diff from 3081ff717f5e91cd0b47da5349bda89d is 4739460 bringing totaldiffcount to 34929321
Total Diff from 3106920846ead813a9b0cea0b69fd78c is 228752 bringing totaldiffcount to 35158073
Total Diff from 3238ed33fd0ce096016a82a60343a2ef is 500 bringing totaldiffcount to 35158573
Total Diff from 32ee2ae7b68222ff8cc83b39a35d52d4 is 62448 bringing totaldiffcount to 35221021
Total Diff from 3428674e02dd97b2a07644f0cb785e75 is 81640 bringing totaldiffcount to 35302661
Total Diff from 347cc1581e31f5864a072e3d6fb92158 is 185031 bringing totaldiffcount to 35487692
Total Diff from 36c97b76a5b7cc67a9811238d7c8d2fe is 7 bringing totaldiffcount to 35487699
Total Diff from 37d04a47c7e73ea910ddfa345991235a is 12009 bringing totaldiffcount to 35499708
Total Diff from 38fde78a0f3f721e2453cecf91111a22 is 454615 bringing totaldiffcount to 35954323
Total Diff from 392adbefe3921e9fc8162c8b448455c7 is 1498480 bringing totaldiffcount to 37452803
Total Diff from 3d66e11ed9b5f2b2560831c86cb2a5e8 is 858634 bringing totaldiffcount to 38311437
Total Diff from 3dac7817b15509f9bc6df536cb71c28e is 2544722 bringing totaldiffcount to 40856159
Total Diff from 3df6e3662e9fb9653957f8c0866c4e0e is 34650 bringing totaldiffcount to 40890809
Total Diff from 3e05fa9a177a8c8ef4b1b03207393dd2 is 391086 bringing totaldiffcount to 41281895
Total Diff from 3e28e6a8b460b46091b3085abdc8dba5 is 750 bringing totaldiffcount to 41282645
Total Diff from 3e4e5ee66e0105c11dff0eed0519cf2f is 51975 bringing totaldiffcount to 41334620
Total Diff from 3eb05a28373fec3f42f509d5054de10f is 93122 bringing totaldiffcount to 41427742
Total Diff from 3fb01ffdd5f274efa8d068ff9244abd4 is 30176 bringing totaldiffcount to 41457918
Total Diff from 4077daa237c6a89b1de46427ba6aeea3 is 1693 bringing totaldiffcount to 41459611
Total Diff from 4127b74138df74bd736ff028d73cd6d6 is 24255 bringing totaldiffcount to 41483866
Total Diff from 424391861576ab2cacc55ac5a720bee7 is 13860 bringing totaldiffcount to 41497726
Total Diff from 4255bf7a07011016e9152f2cba514f6e is 200970 bringing totaldiffcount to 41698696
Total Diff from 431d0ac8a393f828adc516d173553434 is 442004 bringing totaldiffcount to 42140700
Total Diff from 453d103aa8dcf2e4944889cefaec1f28 is 209286 bringing totaldiffcount to 42349986
Total Diff from 46e35c04a2e1132c063c45fc10d06674 is 51781 bringing totaldiffcount to 42401767
Total Diff from 46f64d69eb8c5ee9cd24178b589af83f is 86625 bringing totaldiffcount to 42488392
Total Diff from 46f6da7497720933204d7cc478619bb8 is 2643899 bringing totaldiffcount to 45132291
Total Diff from 48b36e89a248e864fcf92b537791edca is 1760220 bringing totaldiffcount to 46892511
Total Diff from 495ab3a5de85166ef3ecb6f4f638cd29 is 520848 bringing totaldiffcount to 47413359
Total Diff from 49970b82be2fc6d67ab78c3060e3485c is 63 bringing totaldiffcount to 47413422
Total Diff from 4a7d815d29be5adc1b7052f465f0d1ea is 160012 bringing totaldiffcount to 47573434
Total Diff from 4c5a8d63d604df29f09f15714680925b is 39303 bringing totaldiffcount to 47612737
Total Diff from 4d69be38d1ee1cda339425600732f38c is 63 bringing totaldiffcount to 47612800
Total Diff from 4f0fecd04be3a74c46aa9678f780d028 is 15939 bringing totaldiffcount to 47628739
Total Diff from 4f302e181503bc27c4b87b8507be0985 is 65839 bringing totaldiffcount to 47694578
Total Diff from 50ca7add82b7b1757f6027a2aa33a1dc is 415335 bringing totaldiffcount to 48109913
Total Diff from 513af4784ff3a8a432ed01978fcf8239 is 2000 bringing totaldiffcount to 48111913
Total Diff from 5197047ee3ab232f6d1b99ce8003963a is 239087 bringing totaldiffcount to 48351000
Total Diff from 519aefd65f7c273f57c2d914053be96f is 294525 bringing totaldiffcount to 48645525
Total Diff from 52987d1393808fffee993135ab177d02 is 73302 bringing totaldiffcount to 48718827
Total Diff from 54376612bb7882110eca83758461527e is 8316 bringing totaldiffcount to 48727143
Total Diff from 54404c886a6a3ffe385d86326de7a75c is 138600 bringing totaldiffcount to 48865743
Total Diff from 54b70986cfe93a59dabfcda63d3fb522 is 27845 bringing totaldiffcount to 48893588
Total Diff from 557f16594dbbe040d13155009e949783 is 11930 bringing totaldiffcount to 48905518
Total Diff from 55a0cb448335518eb401631a8c31de48 is 110882 bringing totaldiffcount to 49016400
Total Diff from 55cd02be28521073d367f7ca38615682 is 994459 bringing totaldiffcount to 50010859
Total Diff from 56becdbdfb605731c2a07f2f0d892859 is 3319761 bringing totaldiffcount to 53330620
Total Diff from 575d3a53f4ab77448fae6aa5f8f5bdbc is 93555 bringing totaldiffcount to 53424175
Total Diff from 587d4e79693da1de3618fbc85e13dd6d is 1580040 bringing totaldiffcount to 55004215
Total Diff from 59900fe7ef44fe33aa2afdf98301ec1c is 16632 bringing totaldiffcount to 55020847
Total Diff from 5a094d7d93f6d6370e78a2ac8c008407 is 267807 bringing totaldiffcount to 55288654
Total Diff from 5bde9859c50b6648f44ffbfd4e43ae5e is 7 bringing totaldiffcount to 55288661
Total Diff from 5d58e56f0bfe24d335c1cc9d87ad49e4 is 63063 bringing totaldiffcount to 55351724
Total Diff from 5eefb36471e96bdb379070069d33b8f0 is 442832 bringing totaldiffcount to 55794556
Total Diff from 5f72c050e6113cfbfcc964bd5eddd359 is 398345 bringing totaldiffcount to 56192901
Total Diff from 5fafbe6930402bb3d4a46897287ab2c3 is 1479555 bringing totaldiffcount to 57672456
Total Diff from 5fbb6520a83d78819f7fb0c9796fe042 is 149281 bringing totaldiffcount to 57821737
Total Diff from 5fbdb4cf93267901387eac47b826d9c0 is 744980 bringing totaldiffcount to 58566717
Total Diff from 5fde3a3d059f8f9a83e0b4bee880877b is 142065 bringing totaldiffcount to 58708782
Total Diff from 6065aaac6cd4802993fa634eb6d5fa4c is 129591 bringing totaldiffcount to 58838373
Total Diff from 610a567aeeab933902544fe36a1f46ae is 22576638 bringing totaldiffcount to 81415011
Total Diff from 61352139ef237d88badcab4f247dbb16 is 211365 bringing totaldiffcount to 81626376
Total Diff from 61805f016f1cdf5cbde9b7c3db811c61 is 5897 bringing totaldiffcount to 81632273
Total Diff from 61d48c317d3978c522c7eae8111730c7 is 959805 bringing totaldiffcount to 82592078
Total Diff from 6326f337259bd524719f37b41bdf1c89 is 62 bringing totaldiffcount to 82592140
Total Diff from 63b06dd944e9daa751006df3e560d030 is 1813 bringing totaldiffcount to 82593953
Total Diff from 65e9bb5efa5cc2143475bdbd8f509749 is 1000 bringing totaldiffcount to 82594953
Total Diff from 661acb02264b8d5c129fa3c5103b52fb is 693 bringing totaldiffcount to 82595646
Total Diff from 6722b590f36a7121acd3a441ebc9bd2e is 4465 bringing totaldiffcount to 82600111
Total Diff from 67b0f504a77b3f91429844591b1bbc2b is 375283 bringing totaldiffcount to 82975394
Total Diff from 68cb6cc71b6c59293deaf4b9ccec68b6 is 87377 bringing totaldiffcount to 83062771
Total Diff from 6906dbdad1b388ca39fa23be405687b1 is 4752 bringing totaldiffcount to 83067523
Total Diff from 6ad54a9f1c4d97c9f1857b31c6a4127c is 1603753 bringing totaldiffcount to 84671276
Total Diff from 6b1d56acbb46d2def060db99fec4f36c is 6930 bringing totaldiffcount to 84678206
Total Diff from 6b778f9d4e8cecd3b9b8ce392949946a is 3564865 bringing totaldiffcount to 88243071
Total Diff from 6b93486f318208cd2c41106ec06fa5e3 is 818 bringing totaldiffcount to 88243889
Total Diff from 6d62180c99b98fec91c98eb0160cf843 is 1000367 bringing totaldiffcount to 89244256
Total Diff from 6d9670d38eeb6279eda2e7c740088217 is 162855 bringing totaldiffcount to 89407111
Total Diff from 6f4d373809620f9e515deac5d1570a38 is 13860 bringing totaldiffcount to 89420971
Total Diff from 6fef768a3a12d4fbbf71293346bb3fa2 is 91090 bringing totaldiffcount to 89512061
Total Diff from 70101227944feb1c123e680507e032a7 is 41705 bringing totaldiffcount to 89553766
Total Diff from 7017451628abfb338d625317d6573374 is 21483 bringing totaldiffcount to 89575249
Total Diff from 7092e0a5cb6a2137b9493b540610a791 is 67688 bringing totaldiffcount to 89642937
Total Diff from 71e89425d98117eba0b2e86a5e517803 is 31185 bringing totaldiffcount to 89674122
Total Diff from 7262a5bb0696362a2a81e4f42a5c4c65 is 95226 bringing totaldiffcount to 89769348
Total Diff from 736337c40f279a4eb1b0cd2e52d51e81 is 13 bringing totaldiffcount to 89769361
Total Diff from 752bbb4e0821d53e1e29e78602b72f3a is 2123477 bringing totaldiffcount to 91892838
Total Diff from 7675a465cecfd3530bd8e59a0261d1e0 is 2 bringing totaldiffcount to 91892840
Total Diff from 77bb5c1d5ccf77312956101a5a2d5a13 is 31878 bringing totaldiffcount to 91924718
Total Diff from 79aa2f78dd3b498256329f38a3d0dd26 is 189617 bringing totaldiffcount to 92114335
Total Diff from 79d2fe7ce53e9da58e46057dcf8a77fd is 5 bringing totaldiffcount to 92114340
Total Diff from 7a914235a608c65081b80c042d791e62 is 1537782 bringing totaldiffcount to 93652122
Total Diff from 7ace61f1014802fe81b54a3010a9df33 is 2652804 bringing totaldiffcount to 96304926
Total Diff from 7b67d6f60db3c7b6ca522f4053b3fb8d is 29829 bringing totaldiffcount to 96334755
Total Diff from 7d0916a83604d236f3b16920fa7abaf4 is 656474 bringing totaldiffcount to 96991229
Total Diff from 7d0d73fe026d66fd4ab8d5d8da32a611 is 6092019 bringing totaldiffcount to 103083248
Total Diff from 7ebf981404ad6666ef19900fdc57a28d is 259194 bringing totaldiffcount to 103342442
Total Diff from 7ff7efe0736cb87c91a8ece3724fa6f3 is 769230 bringing totaldiffcount to 104111672
Total Diff from 807d1e1242c7a13aae4387f17d60d917 is 218740 bringing totaldiffcount to 104330412
Total Diff from 810fad7a6da69dfc36b6b92998b562de is 290453 bringing totaldiffcount to 104620865
Total Diff from 81227c7087fc6f129ece1f581a0c43a7 is 540540 bringing totaldiffcount to 105161405
Total Diff from 816962ec9fc7a2f957ae0f1cacbab185 is 5079 bringing totaldiffcount to 105166484
Total Diff from 8205e72f3b34b8dc8c2b8c12bce4f0b7 is 292626 bringing totaldiffcount to 105459110
Total Diff from 824bdc496abd278d3547a74b1e187f5c is 291437 bringing totaldiffcount to 105750547
Total Diff from 82d9566bcdce6e595fbb96f505822b30 is 500 bringing totaldiffcount to 105751047
Total Diff from 835ab55044fcfb6b251ea65316477544 is 6772 bringing totaldiffcount to 105757819
Total Diff from 83f63c562e77bce0915860658199349d is 315315 bringing totaldiffcount to 106073134
Total Diff from 85be57213377e46e558e180e45e94e00 is 3465 bringing totaldiffcount to 106076599
Total Diff from 866ae8ea6ce61bb13282aba1c2647529 is 18715 bringing totaldiffcount to 106095314
Total Diff from 867059063c06af0c6e0e02139b346ede is 23562 bringing totaldiffcount to 106118876
Total Diff from 872cdbe307ff1e691f1662cfc667a99e is 24255 bringing totaldiffcount to 106143131
Total Diff from 87508ceceeb1bbbb783851745f37cabf is 149067 bringing totaldiffcount to 106292198
Total Diff from 880c3bf56ffb85c4f1c87f818c731825 is 3375 bringing totaldiffcount to 106295573
Total Diff from 8819e7179eec7f06741348634be1a662 is 6932 bringing totaldiffcount to 106302505
Total Diff from 88628b11e5fa80856fd29dda853c9400 is 1758 bringing totaldiffcount to 106304263
Total Diff from 88f9281f57174dcedb100b68bb1e742b is 225225 bringing totaldiffcount to 106529488
Total Diff from 89c03d27ba3d8fea5d79c11cf02e81dd is 3465 bringing totaldiffcount to 106532953
Total Diff from 8a0536862241b490f9535c1e7898d4f5 is 20790 bringing totaldiffcount to 106553743
Total Diff from 8bec951f6364cb21bd80e8ab356d3286 is 564242 bringing totaldiffcount to 107117985
Total Diff from 8c44c95045ab874ab3528746ed508be2 is 16930 bringing totaldiffcount to 107134915
Total Diff from 8c8744ca3866631f621851199aa79e49 is 1255 bringing totaldiffcount to 107136170
Total Diff from 8cfd5c4383276d0ad86a8ec7263eb8d8 is 813 bringing totaldiffcount to 107136983
Total Diff from 8d79c412f122c919e3ab0e9a4403a06a is 755372 bringing totaldiffcount to 107892355
Total Diff from 8ed4ce08bfd7cb8a436eef5fc3be322f is 5309073 bringing totaldiffcount to 113201428
Total Diff from 8f28c68d0416aedb02335227a8fa6bd5 is 1500 bringing totaldiffcount to 113202928
Total Diff from 8f2a530cf6f73647af4c680c3471ea65 is 349965 bringing totaldiffcount to 113552893
Total Diff from 8f373c16ae13fa0d3206b92a945367a2 is 3125 bringing totaldiffcount to 113556018
Total Diff from 90693a20a36b40096861e10bd54c9c6f is 317 bringing totaldiffcount to 113556335
Total Diff from 906d42bcc2a97c2395b5ca63e86c9ef9 is 10395 bringing totaldiffcount to 113566730
Total Diff from 9135d0ece716317424e7e97dfbd298dd is 615384 bringing totaldiffcount to 114182114
Total Diff from 918b2c04316663ad3ac9497b28be3fa5 is 7954 bringing totaldiffcount to 114190068
Total Diff from 91ffc42cb21cbe35257c7957a9821bc5 is 938 bringing totaldiffcount to 114191006
Total Diff from 924a190bb9827719e7c19b3107fe7fd6 is 25734 bringing totaldiffcount to 114216740
Total Diff from 938d913651851c449ba9038fd9792f24 is 42966 bringing totaldiffcount to 114259706
Total Diff from 942fea7c3eebcae5224ec1ee39bc4744 is 1431045 bringing totaldiffcount to 115690751
Total Diff from 945e7902540957cbe78723397ce9c723 is 2772 bringing totaldiffcount to 115693523
Total Diff from 94caecac9ba0a36e7491227096e11d3c is 509355 bringing totaldiffcount to 116202878
Total Diff from 94f5685db91571dc9427c8bcc5e18570 is 194390 bringing totaldiffcount to 116397268
Total Diff from 965760845cc6d826f7356a925dc02639 is 261954 bringing totaldiffcount to 116659222
Total Diff from 97676bc073e11a591871c5c5f331f75f is 11202 bringing totaldiffcount to 116670424
Total Diff from 996f951cf6784629e42d68316c67badb is 2193 bringing totaldiffcount to 116672617
Total Diff from 99c836a2a244dd65641b18f4c9f6821a is 3469 bringing totaldiffcount to 116676086
Total Diff from 9af6acde8acced8cfed406136cb7c4c7 is 658350 bringing totaldiffcount to 117334436
Total Diff from 9b06f2ae5a257ec5c8fb0b97b58498fd is 5523730 bringing totaldiffcount to 122858166
Total Diff from 9ea8383f50e0bc13ea0e402f3125316d is 221426 bringing totaldiffcount to 123079592
Total Diff from 9f2fdd97fa9c48a05e9acc92d353fe51 is 3688 bringing totaldiffcount to 123083280
Total Diff from 9f9b938e36f7c76fd22ca717d1a122c5 is 5565 bringing totaldiffcount to 123088845
Total Diff from 9ff2b091f67327b7d8e5b75fb5337514 is 343035 bringing totaldiffcount to 123431880
Total Diff from a0462ef12d6f11deac43fb0fb3c8e86c is 232155 bringing totaldiffcount to 123664035
Total Diff from a0a6fc891af36825ad565b4bd3e481bb is 1000 bringing totaldiffcount to 123665035
Total Diff from a0d15c67aea509d42733de8b34093a2e is 34711 bringing totaldiffcount to 123699746
Total Diff from a0f4151af7430976efcd479662e0c5d2 is 325710 bringing totaldiffcount to 124025456
Total Diff from a125ffe948f87637f46e95a7e0602f8d is 504996 bringing totaldiffcount to 124530452
Total Diff from a143d41016594917eb15562fbd4c13c6 is 139293 bringing totaldiffcount to 124669745
Total Diff from a22d5bd1219eea1dbeecbb579140332e is 263103 bringing totaldiffcount to 124932848
Total Diff from a2e48b7a0466a6166dab13ec6ca1bff5 is 1559250 bringing totaldiffcount to 126492098
Total Diff from a3a40e2aac773f6559941a93dbf84b0c is 124740 bringing totaldiffcount to 126616838
Total Diff from a414ba67c5d769da482d7c7928d1a112 is 10395 bringing totaldiffcount to 126627233
Total Diff from a48148f13cd72a76731eaf5395fdf1a2 is 415800 bringing totaldiffcount to 127043033
Total Diff from a4c911b94acbefe491c74eff86200d55 is 5386 bringing totaldiffcount to 127048419
Total Diff from a92e1cf0903633d62283ea1f101a1af3 is 6000 bringing totaldiffcount to 127054419
Total Diff from a9bbb78a53bd09d0c8db03c8f066b22b is 1506410 bringing totaldiffcount to 128560829
Total Diff from aa1c62826fb9c377832292169da8b6e9 is 3693 bringing totaldiffcount to 128564522
Total Diff from abd97542ba87185962028cbba476a6d1 is 1860707 bringing totaldiffcount to 130425229
Total Diff from acc10b10ff1e7524e9437c7d6c69d75a is 1347885 bringing totaldiffcount to 131773114
Total Diff from ad9a179dc17d3fa987bd75e3b71378cd is 55097 bringing totaldiffcount to 131828211
Total Diff from aeaf181fd139627fb51f8abb552e20c2 is 18 bringing totaldiffcount to 131828229
Total Diff from aee360d4739b42f1a68c4bb2f04ee265 is 6930 bringing totaldiffcount to 131835159
Total Diff from af1c38f1b388a035c2d86551403c79d6 is 41580 bringing totaldiffcount to 131876739
Total Diff from b0a778e2e8b5e53f50fb27928d8ab695 is 420192 bringing totaldiffcount to 132296931
Total Diff from b116baae816368117a5ec3ec574d0b1a is 13860 bringing totaldiffcount to 132310791
Total Diff from b11e1383a0ca8efdc01343b4787456f3 is 65142 bringing totaldiffcount to 132375933
Total Diff from b1346d96ccfc02780362db504f496f6b is 4158 bringing totaldiffcount to 132380091
Total Diff from b15f2cdae1daf59f526f1693f9ceeece is 8875 bringing totaldiffcount to 132388966
Total Diff from b28ef0b6c2ceb0b0495a3d05a98593f5 is 397010 bringing totaldiffcount to 132785976
Total Diff from b2d5d0a71d91f6a113389422c0776c76 is 875 bringing totaldiffcount to 132786851
Total Diff from b3962db8b6cc4036363dfe5ae7275db9 is 6544 bringing totaldiffcount to 132793395
Total Diff from b3dc623f3dea8c64c595e756ba48aebd is 13930 bringing totaldiffcount to 132807325
Total Diff from b45c5017b7e7fbe7e7f0c672c78daf98 is 304881 bringing totaldiffcount to 133112206
Total Diff from b500e4ffe6d55bd608d9aba62007cac0 is 1185034 bringing totaldiffcount to 134297240
Total Diff from b5acd8b855a79b117bad1ff8774d9e8f is 24176 bringing totaldiffcount to 134321416
Total Diff from b62cee6d4f1807941bee1bc80cc36aaa is 356895 bringing totaldiffcount to 134678311
Total Diff from b63506772e919758d70eef99e3443cf5 is 2523704 bringing totaldiffcount to 137202015
Total Diff from b697bbfcb028365be7f6918ac1e9407d is 11009 bringing totaldiffcount to 137213024
Total Diff from b6cdea9682421b12c02b4f13647731de is 117810 bringing totaldiffcount to 137330834
Total Diff from b7889a19cf219bf01205d412b076814f is 4158 bringing totaldiffcount to 137334992
Total Diff from b7a0a3abbcab708faf5b9fe810bd02a3 is 3465 bringing totaldiffcount to 137338457
Total Diff from b7ff0838d0db24e867f689fa52422ee8 is 31185 bringing totaldiffcount to 137369642
Total Diff from b8239d824b88c566b3ffd6c03b730bea is 277735 bringing totaldiffcount to 137647377
Total Diff from b837ffae734b258adde58c5ba921fc0b is 464310 bringing totaldiffcount to 138111687
Total Diff from b84ec26ab43a1f2501fc77315aba2403 is 6930 bringing totaldiffcount to 138118617
Total Diff from bc0c7e207517905b79efbfeb0bda3ca6 is 20099 bringing totaldiffcount to 138138716
Total Diff from bd1eef065111326bf9fd07d4cf6e6fc5 is 3 bringing totaldiffcount to 138138719
Total Diff from bd2d1762fda1d8361044b904e54b8afe is 2079 bringing totaldiffcount to 138140798
Total Diff from bd787bc1878ffb4df1820eb9eda8422b is 1886 bringing totaldiffcount to 138142684
Total Diff from be4592de6391c7ac6a625b52b3962b35 is 72765 bringing totaldiffcount to 138215449
Total Diff from bfc5c77d1540b5bf91a69e613e70cc5e is 90686 bringing totaldiffcount to 138306135
Total Diff from bfd4e6e64a9f79fd8fd01c6c4e770c81 is 2314718 bringing totaldiffcount to 140620853
Total Diff from c0f4ca8597dd793c91ac89c801495f50 is 248787 bringing totaldiffcount to 140869640
Total Diff from c239bce0a139795e37e51a20bb8ae3dc is 6879 bringing totaldiffcount to 140876519
Total Diff from c37bc41c71d4e5abab03512e022d85da is 708246 bringing totaldiffcount to 141584765
Total Diff from c4a2495b55d148818335f39bceb61b1c is 56196 bringing totaldiffcount to 141640961
Total Diff from c4b0aabb0caebb594b1da76618f40146 is 23189 bringing totaldiffcount to 141664150
Total Diff from ca4a7ebcebafc02b52dd14e62ee4cfd6 is 74844 bringing totaldiffcount to 141738994
Total Diff from ca65d1dbbb67f4fc6aadaf7ab9aa704c is 181566 bringing totaldiffcount to 141920560
Total Diff from cac8e3a5d1393da36ad51d7307c7f8a2 is 6000 bringing totaldiffcount to 141926560
Total Diff from cc1e0c9545fadadb2cb893ccd5c12fe8 is 840731 bringing totaldiffcount to 142767291
Total Diff from cc639e05fb8bdad47f291dedc6735b36 is 38115 bringing totaldiffcount to 142805406
Total Diff from cd2080d1030caa8720436d5beeb47e4e is 69497 bringing totaldiffcount to 142874903
Total Diff from cfb288c7f80882f32053b9005d6674e0 is 3465 bringing totaldiffcount to 142878368
Total Diff from d1cce5bff444890ff305fe795cfe135e is 734642 bringing totaldiffcount to 143613010
Total Diff from d2ae4f8f2b4c17f15903b3a8af575814 is 559215 bringing totaldiffcount to 144172225
Total Diff from d3166ebe9c237f34eef6882054cf8b9e is 59598 bringing totaldiffcount to 144231823
Total Diff from d35a8d91b8c4d10a81223659c22648da is 1375 bringing totaldiffcount to 144233198
Total Diff from d3d915defdbe52a1883248cde241abb0 is 81230 bringing totaldiffcount to 144314428
Total Diff from d3e0f595285bbf2861152ca9155aca50 is 1096331 bringing totaldiffcount to 145410759
Total Diff from d6f6b5052c07f79393f9c7d480a072e6 is 3465 bringing totaldiffcount to 145414224
Total Diff from d9bb71a966fbbad06096aa65fbba302c is 3465 bringing totaldiffcount to 145417689
Total Diff from da1883d94f81db1c682fa5d70e65843a is 14465 bringing totaldiffcount to 145432154
Total Diff from daeb3ba6a208df35e74a4c1dd6f62310 is 1993153 bringing totaldiffcount to 147425307
Total Diff from db3cf00a057e85fa2d8fa41cebca423c is 259875 bringing totaldiffcount to 147685182
Total Diff from db73605e4d2ce8191e050aaa9920ba8b is 1067976 bringing totaldiffcount to 148753158
Total Diff from dc8d6b9bb81cdbf77c16cde8ad7be576 is 41194 bringing totaldiffcount to 148794352
Total Diff from ddb74fcdac5cf61508277e86c123face is 515820 bringing totaldiffcount to 149310172
Total Diff from df2d7e7503d83073d79b1f8fcb30e58b is 56133 bringing totaldiffcount to 149366305
Total Diff from e0540c8b272b684d88ea8ce4c249dfcd is 1266314 bringing totaldiffcount to 150632619
Total Diff from e1086045126d6885bc638bf691e2b5a7 is 69365 bringing totaldiffcount to 150701984
Total Diff from e1a1dfb17f903d46ebc0bf4ecb7b300f is 37422 bringing totaldiffcount to 150739406
Total Diff from e3609d2b817e65e79cdcba44c81e0538 is 3687 bringing totaldiffcount to 150743093
Total Diff from e41cfa5a598151735ec6568fc94801ed is 263340 bringing totaldiffcount to 151006433
Total Diff from e47e1846714a79ba571e1136d45d6840 is 3465 bringing totaldiffcount to 151009898
Total Diff from e5e0c31e740d02513dcc0f61f21195ca is 14553 bringing totaldiffcount to 151024451
Total Diff from e64c6f0a50af958349a03ee08ab178f7 is 110880 bringing totaldiffcount to 151135331
Total Diff from e6baddf1b470948bc24945a53235666f is 103950 bringing totaldiffcount to 151239281
Total Diff from e77947498c48595582fd449525d9c0b0 is 34650 bringing totaldiffcount to 151273931
Total Diff from e7c76a516a37c15b042f2104e64ce3a8 is 9693 bringing totaldiffcount to 151283624
Total Diff from e7f90818e3e87c0bbefe83ad3cfe27e1 is 15063267 bringing totaldiffcount to 166346891
Total Diff from e830b1a54013d281112327170548e420 is 252945 bringing totaldiffcount to 166599836
Total Diff from e87aa0e3e5883617b68779047b251f79 is 301455 bringing totaldiffcount to 166901291
Total Diff from e9d11ff7b70b498e47869fa4973350fc is 10458 bringing totaldiffcount to 166911749
Total Diff from ec14f03fae87bfec46d1d8a0e11bbd3e is 3472 bringing totaldiffcount to 166915221
Total Diff from edaee446c871a16c3e4e9aa6fc895641 is 43729 bringing totaldiffcount to 166958950
Total Diff from ee2c8c9a73e894ec812ee0c16ebabd1d is 65065 bringing totaldiffcount to 167024015
Total Diff from ee56a9299d9b1accb9f23c3938ec14e7 is 171 bringing totaldiffcount to 167024186
Total Diff from eea3e62ef771958a7f1f1816cd7463fa is 3461183 bringing totaldiffcount to 170485369
Total Diff from efb9bd313e37c809262e47485735aaf3 is 1036039 bringing totaldiffcount to 171521408
Total Diff from efe7f0d4adf1a22cfdc489499d261376 is 6930 bringing totaldiffcount to 171528338
Total Diff from f32eb8f17277674ca22558672b671622 is 3375 bringing totaldiffcount to 171531713
Total Diff from f34b4767ef9b5944a3c392ed4e69a7a0 is 29237 bringing totaldiffcount to 171560950
Total Diff from f362f7a1cd00a16e9d91740a6723af01 is 129591 bringing totaldiffcount to 171690541
Total Diff from f3bc8e8c111c75bf02069df5df2e4643 is 519969 bringing totaldiffcount to 172210510
Total Diff from f5e5133282f34c97a70111a4a79fa110 is 810238 bringing totaldiffcount to 173020748
Total Diff from f7478106736d348e0a65cc8e7b612d4c is 49010 bringing totaldiffcount to 173069758
Total Diff from fa2bdc16b2ff029a58754aa8f215a8dc is 2 bringing totaldiffcount to 173069760
Total Diff from fafd4b41d8bc85f2388784a427c826d8 is 28 bringing totaldiffcount to 173069788
Total Diff from fb22df7cbffb4dc2e383830cee502ba3 is 4160 bringing totaldiffcount to 173073948
Total Diff from fb7b6e3eac813306bf7e4292b8a7d3a4 is 45045 bringing totaldiffcount to 173118993
Total Diff from fb7c8f84f10b3047cfece557362f5aa8 is 188 bringing totaldiffcount to 173119181
Total Diff from fbaa9ad38365baf185e3db993677dd25 is 1445918 bringing totaldiffcount to 174565099
Total Diff from fd8bf94446105ffa781c54414e287dc6 is 2384733 bringing totaldiffcount to 176949832
Total Diff from fdc7e04c70a57f8963fb823f619e8964 is 2772 bringing totaldiffcount to 176952604
Total Diff from fdcf855bfa10a3cb48589eb3532e7fc9 is 2 bringing totaldiffcount to 176952606
Total Diff from fe4a710fb94501cd94aabd1ed17b6a56 is 34657 bringing totaldiffcount to 176987263
CPID: 004167638daf46847501be39de7e941b | DIFF: 11250 | Percentage of PIE: .00006356389612059258(.00635638961205925800%)
CPID: 007b76793e25af64dc29d68b5347ee7f | DIFF: 253835 | Percentage of PIE: .00143419925082405506(.14341992508240550600%)
CPID: 009b415d69801a2f9182069b9257f410 | DIFF: 1168398 | Percentage of PIE: .00660159369773405671(.66015936977340567100%)
CPID: 015baf274dd9265b1c53d6aa064cface | DIFF: 388080 | Percentage of PIE: .00219270016057596189(.21927001605759618900%)
CPID: 0180d21299ca17267b6cf734c9d05884 | DIFF: 9315 | Percentage of PIE: .00005263090598785066(.00526309059878506600%)
CPID: 01d77694989d3af771ee2c2bc3cdb41b | DIFF: 693 | Percentage of PIE: .00000391553600102850(.00039155360010285000%)
CPID: 0221c3feb81bf9e73d820036fbf02a96 | DIFF: 100715 | Percentage of PIE: .00056905224869204288(.05690522486920428800%)
CPID: 0244d21e3dc2a743529f93b8dc3316d1 | DIFF: 195042 | Percentage of PIE: .00110201150463578839(.11020115046357883900%)
CPID: 0371fb3bb416365874cdd31b5795c88c | DIFF: 8930 | Percentage of PIE: .00005045560820950149(.00504556082095014900%)
CPID: 0390450eff5f5cd6d7a7d95a6d898d8d | DIFF: 1187 | Percentage of PIE: .00000670669730623496(.00067066973062349600%)
CPID: 0391ab418c82b05f664677e48abc1431 | DIFF: 4062 | Percentage of PIE: .00002295080409260863(.00229508040926086300%)
CPID: 03d010e04bfa7db3852308300a800d94 | DIFF: 533610 | Percentage of PIE: .00301496272079194761(.30149627207919476100%)
CPID: 03f0850806e44e8eba363a790659ee5b | DIFF: 211365 | Percentage of PIE: .00119423848031369353(.11942384803136935300%)
CPID: 067bc227ca534998a56ec56c1f865e14 | DIFF: 2693 | Percentage of PIE: .00001521578420024496(.00152157842002449600%)
CPID: 07065b315ac186d42fbe2e5ef734b7cb | DIFF: 263340 | Percentage of PIE: .00148790368039083128(.14879036803908312800%)
CPID: 08321f22a670ce593f85cee0aceed378 | DIFF: 2079 | Percentage of PIE: .00001174660800308551(.00117466080030855100%)
CPID: 0a8d1a37461e99c2d61702857502493f | DIFF: 1000 | Percentage of PIE: .00000565012409960823(.00056501240996082300%)
CPID: 0b3e9507b7e91d1ae13ca41262fee609 | DIFF: 8563 | Percentage of PIE: .00004838201266494527(.00483820126649452700%)
CPID: 0c130640a79aab9f1eaed36277bc51fc | DIFF: 90090 | Percentage of PIE: .00050901968013370544(.05090196801337054400%)
CPID: 0d018ee5353d349283563373d87ca680 | DIFF: 550935 | Percentage of PIE: .00311285112081766019(.31128511208176601900%)
CPID: 0d7bf78aeb1dae402525a417a38b07e4 | DIFF: 139067 | Percentage of PIE: .00078574580816021772(.07857458081602177200%)
CPID: 0dd1fa4f0ebe4e5f5a621aa773c41850 | DIFF: 166320 | Percentage of PIE: .00093972864024684081(.09397286402468408100%)
CPID: 114e1ae9cf888c85b84701192d4fad1e | DIFF: 100491 | Percentage of PIE: .00056778662089373064(.05677866208937306400%)
CPID: 11fe3060a2d3eab10a06a937e1474e65 | DIFF: 51975 | Percentage of PIE: .00029366520007713775(.02936652000771377500%)
CPID: 12491215f70fbe50b559169174c8e4e9 | DIFF: 48510 | Percentage of PIE: .00027408752007199523(.02740875200719952300%)
CPID: 154ee375de9d845455e79c94e1586f82 | DIFF: 3465 | Percentage of PIE: .00001957768000514251(.00195776800051425100%)
CPID: 15993c1611265079905df6671f80f3b9 | DIFF: 34624 | Percentage of PIE: .00019562989682483535(.01956298968248353500%)
CPID: 17632277c6f8f92738ffbdbb647d78a3 | DIFF: 87625 | Percentage of PIE: .00049509212422817115(.04950921242281711500%)
CPID: 193cd7c15933c9ca00ab79a9f92a54ed | DIFF: 8623 | Percentage of PIE: .00004872102011092176(.00487210201109217600%)
CPID: 19fc87b4bf584c5171a1e94ec4ee3b1c | DIFF: 11009 | Percentage of PIE: .00006220221621258700(.00622022162125870000%)
CPID: 1a4cc27c96d37b72cceaff8b664e45c6 | DIFF: 444215 | Percentage of PIE: .00250986987690746988(.25098698769074698800%)
CPID: 1aace2ce8237f2e1639abcdb93939dd4 | DIFF: 282603 | Percentage of PIE: .00159674202092158462(.15967420209215846200%)
CPID: 1ac793c529cd6ffa942afaef7c5068c2 | DIFF: 618986 | Percentage of PIE: .00349734771592009985(.34973477159200998500%)
CPID: 1ae18cfa24f0f9f8401c9fafae9075d8 | DIFF: 4158 | Percentage of PIE: .00002349321600617102(.00234932160061710200%)
CPID: 1b4c20cf1a314526b5305d3d9069b394 | DIFF: 42966 | Percentage of PIE: .00024276323206376721(.02427632320637672100%)
CPID: 1bcb0ca44448c1f74e096dc1f7ade55e | DIFF: 11 | Percentage of PIE: .00000006215136509569(.00000621513650956900%)
CPID: 1d72b12f758e3d388ccc8afd06f5f53b | DIFF: 45045 | Percentage of PIE: .00025450984006685272(.02545098400668527200%)
CPID: 1f46c1aee0261e172fcaa2179fbc78f6 | DIFF: 131670 | Percentage of PIE: .00074395184019541564(.07439518401954156400%)
CPID: 1f76660396a6c85fff35b16ba550d85d | DIFF: 8316 | Percentage of PIE: .00004698643201234204(.00469864320123420400%)
CPID: 204d178f9b6d4de25297c99fed0ed860 | DIFF: 15880865 | Percentage of PIE: .08972885805912485352(8.97288580591248535200%)
CPID: 2082de95f77c4a69fc878de0bb3b2af5 | DIFF: 213088 | Percentage of PIE: .00120397364413731851(.12039736441373185100%)
CPID: 209cf08ce2d60e836894ef4fb991ddc9 | DIFF: 478240 | Percentage of PIE: .00270211534939663991(.27021153493966399100%)
CPID: 21d2a18ac20936fbc86a9cb33b039da4 | DIFF: 570581 | Percentage of PIE: .00322385345887856348(.32238534588785634800%)
CPID: 23db13c6de769b584ab869ca5a6f934a | DIFF: 2 | Percentage of PIE: .00000001130024819921(.00000113002481992100%)
CPID: 25030afe5a7ac52cf87c1e645ad402a6 | DIFF: 187 | Percentage of PIE: .00000105657320662673(.00010565732066267300%)
CPID: 2569d8ca4a6d4fded8091f85f2e3946d | DIFF: 4274 | Percentage of PIE: .00002414863040172557(.00241486304017255700%)
CPID: 25d003249f8a48a462584bc4bf550e26 | DIFF: 13860 | Percentage of PIE: .00007831072002057006(.00783107200205700600%)
CPID: 271870e186c59eeb85f29c65888d4b54 | DIFF: 443522 | Percentage of PIE: .00250595434090644138(.25059543409064413800%)
CPID: 2739e10cc6acd5fcee74199f46428534 | DIFF: 31781 | Percentage of PIE: .00017956659400964915(.01795665940096491500%)
CPID: 274f4aae5a3041085e95e9c6c0acc6fd | DIFF: 956496 | Percentage of PIE: .00540432110077887356(.54043211007788735600%)
CPID: 27841bacbf2ccdb70eeb13005ad18510 | DIFF: 2065028 | Percentage of PIE: .01166766446916578398(1.16676644691657839800%)
CPID: 2856d86897e43e601daeb1065983043b | DIFF: 27720 | Percentage of PIE: .00015662144004114013(.01566214400411401300%)
CPID: 28e0ae8715768aff53e2dc971251402c | DIFF: 106553 | Percentage of PIE: .00060203767318555573(.06020376731855557300%)
CPID: 292c5e97f2c154175fe8100012a283cb | DIFF: 1476094 | Percentage of PIE: .00834011428268711065(.83401142826871106500%)
CPID: 29f12dc6023619cab1c87f1f52914dfc | DIFF: 312543 | Percentage of PIE: .00176590673646385502(.17659067364638550200%)
CPID: 2a132eb110fc7d7c1d78cc957aaed5fe | DIFF: 894347 | Percentage of PIE: .00505317153811232167(.50531715381123216700%)
CPID: 2aeda8e006c5508544431521fc3403a3 | DIFF: 20711 | Percentage of PIE: .00011701972022698605(.01170197202269860500%)
CPID: 2b399f3d83c4262a80c829f5d2fe6de7 | DIFF: 240782 | Percentage of PIE: .00136044818095186883(.13604481809518688300%)
CPID: 2e2d8005f09feef6ecd400aedfd9cf82 | DIFF: 80388 | Percentage of PIE: .00045420217611930639(.04542021761193063900%)
CPID: 2eac618ae38dde417921473f8f54dc8c | DIFF: 1386 | Percentage of PIE: .00000783107200205700(.00078310720020570000%)
CPID: 2fc4ada00afb3d2ff1337c1a7e502cb2 | DIFF: 55887 | Percentage of PIE: .00031576848555480515(.03157684855548051500%)
CPID: 2fcaf5ae175f8b604fdf344b1d970092 | DIFF: 280665 | Percentage of PIE: .00158579208041654387(.15857920804165438700%)
CPID: 3081ff717f5e91cd0b47da5349bda89d | DIFF: 4739460 | Percentage of PIE: .02677853716512922175(2.67785371651292217500%)
CPID: 3106920846ead813a9b0cea0b69fd78c | DIFF: 228752 | Percentage of PIE: .00129247718803358182(.12924771880335818200%)
CPID: 3238ed33fd0ce096016a82a60343a2ef | DIFF: 500 | Percentage of PIE: .00000282506204980411(.00028250620498041100%)
CPID: 32ee2ae7b68222ff8cc83b39a35d52d4 | DIFF: 62448 | Percentage of PIE: .00035283894977233474(.03528389497723347400%)
CPID: 3428674e02dd97b2a07644f0cb785e75 | DIFF: 81640 | Percentage of PIE: .00046127613149201589(.04612761314920158900%)
CPID: 347cc1581e31f5864a072e3d6fb92158 | DIFF: 185031 | Percentage of PIE: .00104544811227461040(.10454481122746104000%)
CPID: 36c97b76a5b7cc67a9811238d7c8d2fe | DIFF: 7 | Percentage of PIE: .00000003955086869725(.00000395508686972500%)
CPID: 37d04a47c7e73ea910ddfa345991235a | DIFF: 12009 | Percentage of PIE: .00006785234031219523(.00678523403121952300%)
CPID: 38fde78a0f3f721e2453cecf91111a22 | DIFF: 454615 | Percentage of PIE: .00256863116754339548(.25686311675433954800%)
CPID: 392adbefe3921e9fc8162c8b448455c7 | DIFF: 1498480 | Percentage of PIE: .00846659796078094049(.84665979607809404900%)
CPID: 3d66e11ed9b5f2b2560831c86cb2a5e8 | DIFF: 858634 | Percentage of PIE: .00485138865614301295(.48513886561430129500%)
CPID: 3dac7817b15509f9bc6df536cb71c28e | DIFF: 2544722 | Percentage of PIE: .01437799509900325426(1.43779950990032542600%)
CPID: 3df6e3662e9fb9653957f8c0866c4e0e | DIFF: 34650 | Percentage of PIE: .00019577680005142516(.01957768000514251600%)
CPID: 3e05fa9a177a8c8ef4b1b03207393dd2 | DIFF: 391086 | Percentage of PIE: .00220968443361938423(.22096844336193842300%)
CPID: 3e28e6a8b460b46091b3085abdc8dba5 | DIFF: 750 | Percentage of PIE: .00000423759307470617(.00042375930747061700%)
CPID: 3e4e5ee66e0105c11dff0eed0519cf2f | DIFF: 51975 | Percentage of PIE: .00029366520007713775(.02936652000771377500%)
CPID: 3eb05a28373fec3f42f509d5054de10f | DIFF: 93122 | Percentage of PIE: .00052615085640371759(.05261508564037175900%)
CPID: 3fb01ffdd5f274efa8d068ff9244abd4 | DIFF: 30176 | Percentage of PIE: .00017049814482977794(.01704981448297779400%)
CPID: 4077daa237c6a89b1de46427ba6aeea3 | DIFF: 1693 | Percentage of PIE: .00000956566010063673(.00095656601006367300%)
CPID: 4127b74138df74bd736ff028d73cd6d6 | DIFF: 24255 | Percentage of PIE: .00013704376003599761(.01370437600359976100%)
CPID: 424391861576ab2cacc55ac5a720bee7 | DIFF: 13860 | Percentage of PIE: .00007831072002057006(.00783107200205700600%)
CPID: 4255bf7a07011016e9152f2cba514f6e | DIFF: 200970 | Percentage of PIE: .00113550544029826598(.11355054402982659800%)
CPID: 431d0ac8a393f828adc516d173553434 | DIFF: 442004 | Percentage of PIE: .00249737745252323609(.24973774525232360900%)
CPID: 453d103aa8dcf2e4944889cefaec1f28 | DIFF: 209286 | Percentage of PIE: .00118249187231060802(.11824918723106080200%)
CPID: 46e35c04a2e1132c063c45fc10d06674 | DIFF: 51781 | Percentage of PIE: .00029256907600181375(.02925690760018137500%)
CPID: 46f64d69eb8c5ee9cd24178b589af83f | DIFF: 86625 | Percentage of PIE: .00048944200012856292(.04894420001285629200%)
CPID: 46f6da7497720933204d7cc478619bb8 | DIFF: 2643899 | Percentage of PIE: .01493835745683009968(1.49383574568300996800%)
CPID: 48b36e89a248e864fcf92b537791edca | DIFF: 1760220 | Percentage of PIE: .00994546144261239861(.99454614426123986100%)
CPID: 495ab3a5de85166ef3ecb6f4f638cd29 | DIFF: 520848 | Percentage of PIE: .00294285583703274737(.29428558370327473700%)
CPID: 49970b82be2fc6d67ab78c3060e3485c | DIFF: 63 | Percentage of PIE: .00000035595781827531(.00003559578182753100%)
CPID: 4a7d815d29be5adc1b7052f465f0d1ea | DIFF: 160012 | Percentage of PIE: .00090408765742651209(.09040876574265120900%)
CPID: 4c5a8d63d604df29f09f15714680925b | DIFF: 39303 | Percentage of PIE: .00022206682748690226(.02220668274869022600%)
CPID: 4d69be38d1ee1cda339425600732f38c | DIFF: 63 | Percentage of PIE: .00000035595781827531(.00003559578182753100%)
CPID: 4f0fecd04be3a74c46aa9678f780d028 | DIFF: 15939 | Percentage of PIE: .00009005732802365557(.00900573280236555700%)
CPID: 4f302e181503bc27c4b87b8507be0985 | DIFF: 65839 | Percentage of PIE: .00037199852059410625(.03719985205941062500%)
CPID: 50ca7add82b7b1757f6027a2aa33a1dc | DIFF: 415335 | Percentage of PIE: .00234669429291078420(.23466942929107842000%)
CPID: 513af4784ff3a8a432ed01978fcf8239 | DIFF: 2000 | Percentage of PIE: .00001130024819921646(.00113002481992164600%)
CPID: 5197047ee3ab232f6d1b99ce8003963a | DIFF: 239087 | Percentage of PIE: .00135087122060303288(.13508712206030328800%)
CPID: 519aefd65f7c273f57c2d914053be96f | DIFF: 294525 | Percentage of PIE: .00166410280043711394(.16641028004371139400%)
CPID: 52987d1393808fffee993135ab177d02 | DIFF: 73302 | Percentage of PIE: .00041416539674948247(.04141653967494824700%)
CPID: 54376612bb7882110eca83758461527e | DIFF: 8316 | Percentage of PIE: .00004698643201234204(.00469864320123420400%)
CPID: 54404c886a6a3ffe385d86326de7a75c | DIFF: 138600 | Percentage of PIE: .00078310720020570067(.07831072002057006700%)
CPID: 54b70986cfe93a59dabfcda63d3fb522 | DIFF: 27845 | Percentage of PIE: .00015732770555359116(.01573277055535911600%)
CPID: 557f16594dbbe040d13155009e949783 | DIFF: 11930 | Percentage of PIE: .00006740598050832618(.00674059805083261800%)
CPID: 55a0cb448335518eb401631a8c31de48 | DIFF: 110882 | Percentage of PIE: .00062649706041275975(.06264970604127597500%)
CPID: 55cd02be28521073d367f7ca38615682 | DIFF: 994459 | Percentage of PIE: .00561881676197230079(.56188167619723007900%)
CPID: 56becdbdfb605731c2a07f2f0d892859 | DIFF: 3319761 | Percentage of PIE: .01875706163103951723(1.87570616310395172300%)
CPID: 575d3a53f4ab77448fae6aa5f8f5bdbc | DIFF: 93555 | Percentage of PIE: .00052859736013884795(.05285973601388479500%)
CPID: 587d4e79693da1de3618fbc85e13dd6d | DIFF: 1580040 | Percentage of PIE: .00892742208234498772(.89274220823449877200%)
CPID: 59900fe7ef44fe33aa2afdf98301ec1c | DIFF: 16632 | Percentage of PIE: .00009397286402468408(.00939728640246840800%)
CPID: 5a094d7d93f6d6370e78a2ac8c008407 | DIFF: 267807 | Percentage of PIE: .00151314278474378125(.15131427847437812500%)
CPID: 5bde9859c50b6648f44ffbfd4e43ae5e | DIFF: 7 | Percentage of PIE: .00000003955086869725(.00000395508686972500%)
CPID: 5d58e56f0bfe24d335c1cc9d87ad49e4 | DIFF: 63063 | Percentage of PIE: .00035631377609359380(.03563137760935938000%)
CPID: 5eefb36471e96bdb379070069d33b8f0 | DIFF: 442832 | Percentage of PIE: .00250205575527771170(.25020557552777117000%)
CPID: 5f72c050e6113cfbfcc964bd5eddd359 | DIFF: 398345 | Percentage of PIE: .00225069868445844037(.22506986844584403700%)
CPID: 5fafbe6930402bb3d4a46897287ab2c3 | DIFF: 1479555 | Percentage of PIE: .00835966936219585473(.83596693621958547300%)
CPID: 5fbb6520a83d78819f7fb0c9796fe042 | DIFF: 149281 | Percentage of PIE: .00084345617571361618(.08434561757136161800%)
CPID: 5fbdb4cf93267901387eac47b826d9c0 | DIFF: 744980 | Percentage of PIE: .00420922945172613918(.42092294517261391800%)
CPID: 5fde3a3d059f8f9a83e0b4bee880877b | DIFF: 142065 | Percentage of PIE: .00080268488021084319(.08026848802108431900%)
CPID: 6065aaac6cd4802993fa634eb6d5fa4c | DIFF: 129591 | Percentage of PIE: .00073220523219233013(.07322052321923301300%)
CPID: 610a567aeeab933902544fe36a1f46ae | DIFF: 22576638 | Percentage of PIE: .12756080645193095053(12.75608064519309505300%)
CPID: 61352139ef237d88badcab4f247dbb16 | DIFF: 211365 | Percentage of PIE: .00119423848031369353(.11942384803136935300%)
CPID: 61805f016f1cdf5cbde9b7c3db811c61 | DIFF: 5897 | Percentage of PIE: .00003331878181538973(.00333187818153897300%)
CPID: 61d48c317d3978c522c7eae8111730c7 | DIFF: 959805 | Percentage of PIE: .00542301736142447719(.54230173614244771900%)
CPID: 6326f337259bd524719f37b41bdf1c89 | DIFF: 62 | Percentage of PIE: .00000035030769417571(.00003503076941757100%)
CPID: 63b06dd944e9daa751006df3e560d030 | DIFF: 1813 | Percentage of PIE: .00001024367499258972(.00102436749925897200%)
CPID: 65e9bb5efa5cc2143475bdbd8f509749 | DIFF: 1000 | Percentage of PIE: .00000565012409960823(.00056501240996082300%)
CPID: 661acb02264b8d5c129fa3c5103b52fb | DIFF: 693 | Percentage of PIE: .00000391553600102850(.00039155360010285000%)
CPID: 6722b590f36a7121acd3a441ebc9bd2e | DIFF: 4465 | Percentage of PIE: .00002522780410475074(.00252278041047507400%)
CPID: 67b0f504a77b3f91429844591b1bbc2b | DIFF: 375283 | Percentage of PIE: .00212039552247327537(.21203955224732753700%)
CPID: 68cb6cc71b6c59293deaf4b9ccec68b6 | DIFF: 87377 | Percentage of PIE: .00049369089345146831(.04936908934514683100%)
CPID: 6906dbdad1b388ca39fa23be405687b1 | DIFF: 4752 | Percentage of PIE: .00002684938972133830(.00268493897213383000%)
CPID: 6ad54a9f1c4d97c9f1857b31c6a4127c | DIFF: 1603753 | Percentage of PIE: .00906140347511899768(.90614034751189976800%)
CPID: 6b1d56acbb46d2def060db99fec4f36c | DIFF: 6930 | Percentage of PIE: .00003915536001028503(.00391553600102850300%)
CPID: 6b778f9d4e8cecd3b9b8ce392949946a | DIFF: 3564865 | Percentage of PIE: .02014192964834989283(2.01419296483498928300%)
CPID: 6b93486f318208cd2c41106ec06fa5e3 | DIFF: 818 | Percentage of PIE: .00000462180151347953(.00046218015134795300%)
CPID: 6d62180c99b98fec91c98eb0160cf843 | DIFF: 1000367 | Percentage of PIE: .00565219769515278622(.56521976951527862200%)
CPID: 6d9670d38eeb6279eda2e7c740088217 | DIFF: 162855 | Percentage of PIE: .00092015096024169829(.09201509602416982900%)
CPID: 6f4d373809620f9e515deac5d1570a38 | DIFF: 13860 | Percentage of PIE: .00007831072002057006(.00783107200205700600%)
CPID: 6fef768a3a12d4fbbf71293346bb3fa2 | DIFF: 91090 | Percentage of PIE: .00051466980423331367(.05146698042333136700%)
CPID: 70101227944feb1c123e680507e032a7 | DIFF: 41705 | Percentage of PIE: .00023563842557416123(.02356384255741612300%)
CPID: 7017451628abfb338d625317d6573374 | DIFF: 21483 | Percentage of PIE: .00012138161603188360(.01213816160318836000%)
CPID: 7092e0a5cb6a2137b9493b540610a791 | DIFF: 67688 | Percentage of PIE: .00038244560005428187(.03824456000542818700%)
CPID: 71e89425d98117eba0b2e86a5e517803 | DIFF: 31185 | Percentage of PIE: .00017619912004628265(.01761991200462826500%)
CPID: 7262a5bb0696362a2a81e4f42a5c4c65 | DIFF: 95226 | Percentage of PIE: .00053803871750929330(.05380387175092933000%)
CPID: 736337c40f279a4eb1b0cd2e52d51e81 | DIFF: 13 | Percentage of PIE: .00000007345161329490(.00000734516132949000%)
CPID: 752bbb4e0821d53e1e29e78602b72f3a | DIFF: 2123477 | Percentage of PIE: .01199790857266378541(1.19979085726637854100%)
CPID: 7675a465cecfd3530bd8e59a0261d1e0 | DIFF: 2 | Percentage of PIE: .00000001130024819921(.00000113002481992100%)
CPID: 77bb5c1d5ccf77312956101a5a2d5a13 | DIFF: 31878 | Percentage of PIE: .00018011465604731115(.01801146560473111500%)
CPID: 79aa2f78dd3b498256329f38a3d0dd26 | DIFF: 189617 | Percentage of PIE: .00107135958139541374(.10713595813954137400%)
CPID: 79d2fe7ce53e9da58e46057dcf8a77fd | DIFF: 5 | Percentage of PIE: .00000002825062049804(.00000282506204980400%)
CPID: 7a914235a608c65081b80c042d791e62 | DIFF: 1537782 | Percentage of PIE: .00868865913814374314(.86886591381437431400%)
CPID: 7ace61f1014802fe81b54a3010a9df33 | DIFF: 2652804 | Percentage of PIE: .01498867181193711097(1.49886718119371109700%)
CPID: 7b67d6f60db3c7b6ca522f4053b3fb8d | DIFF: 29829 | Percentage of PIE: .00016853755176721389(.01685375517672138900%)
CPID: 7d0916a83604d236f3b16920fa7abaf4 | DIFF: 656474 | Percentage of PIE: .00370915956816621318(.37091595681662131800%)
CPID: 7d0d73fe026d66fd4ab8d5d8da32a611 | DIFF: 6092019 | Percentage of PIE: .03442066336717122971(3.44206633671712297100%)
CPID: 7ebf981404ad6666ef19900fdc57a28d | DIFF: 259194 | Percentage of PIE: .00146447826587385556(.14644782658738555600%)
CPID: 7ff7efe0736cb87c91a8ece3724fa6f3 | DIFF: 769230 | Percentage of PIE: .00434624496114163876(.43462449611416387600%)
CPID: 807d1e1242c7a13aae4387f17d60d917 | DIFF: 218740 | Percentage of PIE: .00123590814554830423(.12359081455483042300%)
CPID: 810fad7a6da69dfc36b6b92998b562de | DIFF: 290453 | Percentage of PIE: .00164109549510350922(.16410954951035092200%)
CPID: 81227c7087fc6f129ece1f581a0c43a7 | DIFF: 540540 | Percentage of PIE: .00305411808080223264(.30541180808022326400%)
CPID: 816962ec9fc7a2f957ae0f1cacbab185 | DIFF: 5079 | Percentage of PIE: .00002869698030191020(.00286969803019102000%)
CPID: 8205e72f3b34b8dc8c2b8c12bce4f0b7 | DIFF: 292626 | Percentage of PIE: .00165337321477195791(.16533732147719579100%)
CPID: 824bdc496abd278d3547a74b1e187f5c | DIFF: 291437 | Percentage of PIE: .00164665521721752372(.16466552172175237200%)
CPID: 82d9566bcdce6e595fbb96f505822b30 | DIFF: 500 | Percentage of PIE: .00000282506204980411(.00028250620498041100%)
CPID: 835ab55044fcfb6b251ea65316477544 | DIFF: 6772 | Percentage of PIE: .00003826264040254693(.00382626404025469300%)
CPID: 83f63c562e77bce0915860658199349d | DIFF: 315315 | Percentage of PIE: .00178156888046796904(.17815688804679690400%)
CPID: 85be57213377e46e558e180e45e94e00 | DIFF: 3465 | Percentage of PIE: .00001957768000514251(.00195776800051425100%)
CPID: 866ae8ea6ce61bb13282aba1c2647529 | DIFF: 18715 | Percentage of PIE: .00010574207252416802(.01057420725241680200%)
CPID: 867059063c06af0c6e0e02139b346ede | DIFF: 23562 | Percentage of PIE: .00013312822403496911(.01331282240349691100%)
CPID: 872cdbe307ff1e691f1662cfc667a99e | DIFF: 24255 | Percentage of PIE: .00013704376003599761(.01370437600359976100%)
CPID: 87508ceceeb1bbbb783851745f37cabf | DIFF: 149067 | Percentage of PIE: .00084224704915630002(.08422470491563000200%)
CPID: 880c3bf56ffb85c4f1c87f818c731825 | DIFF: 3375 | Percentage of PIE: .00001906916883617777(.00190691688361777700%)
CPID: 8819e7179eec7f06741348634be1a662 | DIFF: 6932 | Percentage of PIE: .00003916666025848425(.00391666602584842500%)
CPID: 88628b11e5fa80856fd29dda853c9400 | DIFF: 1758 | Percentage of PIE: .00000993291816711126(.00099329181671112600%)
CPID: 88f9281f57174dcedb100b68bb1e742b | DIFF: 225225 | Percentage of PIE: .00127254920033426360(.12725492003342636000%)
CPID: 89c03d27ba3d8fea5d79c11cf02e81dd | DIFF: 3465 | Percentage of PIE: .00001957768000514251(.00195776800051425100%)
CPID: 8a0536862241b490f9535c1e7898d4f5 | DIFF: 20790 | Percentage of PIE: .00011746608003085510(.01174660800308551000%)
CPID: 8bec951f6364cb21bd80e8ab356d3286 | DIFF: 564242 | Percentage of PIE: .00318803732221114691(.31880373222111469100%)
CPID: 8c44c95045ab874ab3528746ed508be2 | DIFF: 16930 | Percentage of PIE: .00009565660100636733(.00956566010063673300%)
CPID: 8c8744ca3866631f621851199aa79e49 | DIFF: 1255 | Percentage of PIE: .00000709090574500832(.00070909057450083200%)
CPID: 8cfd5c4383276d0ad86a8ec7263eb8d8 | DIFF: 813 | Percentage of PIE: .00000459355089298149(.00045935508929814900%)
CPID: 8d79c412f122c919e3ab0e9a4403a06a | DIFF: 755372 | Percentage of PIE: .00426794554136926791(.42679455413692679100%)
CPID: 8ed4ce08bfd7cb8a436eef5fc3be322f | DIFF: 5309073 | Percentage of PIE: .02999692130387936447(2.99969213038793644700%)
CPID: 8f28c68d0416aedb02335227a8fa6bd5 | DIFF: 1500 | Percentage of PIE: .00000847518614941234(.00084751861494123400%)
CPID: 8f2a530cf6f73647af4c680c3471ea65 | DIFF: 349965 | Percentage of PIE: .00197734568051939421(.19773456805193942100%)
CPID: 8f373c16ae13fa0d3206b92a945367a2 | DIFF: 3125 | Percentage of PIE: .00001765663781127571(.00176566378112757100%)
CPID: 90693a20a36b40096861e10bd54c9c6f | DIFF: 317 | Percentage of PIE: .00000179108933957580(.00017910893395758000%)
CPID: 906d42bcc2a97c2395b5ca63e86c9ef9 | DIFF: 10395 | Percentage of PIE: .00005873304001542755(.00587330400154275500%)
CPID: 9135d0ece716317424e7e97dfbd298dd | DIFF: 615384 | Percentage of PIE: .00347699596891331101(.34769959689133110100%)
CPID: 918b2c04316663ad3ac9497b28be3fa5 | DIFF: 7954 | Percentage of PIE: .00004494108708828386(.00449410870882838600%)
CPID: 91ffc42cb21cbe35257c7957a9821bc5 | DIFF: 938 | Percentage of PIE: .00000529981640543251(.00052998164054325100%)
CPID: 924a190bb9827719e7c19b3107fe7fd6 | DIFF: 25734 | Percentage of PIE: .00014540029357931819(.01454002935793181900%)
CPID: 938d913651851c449ba9038fd9792f24 | DIFF: 42966 | Percentage of PIE: .00024276323206376721(.02427632320637672100%)
CPID: 942fea7c3eebcae5224ec1ee39bc4744 | DIFF: 1431045 | Percentage of PIE: .00808558184212385950(.80855818421238595000%)
CPID: 945e7902540957cbe78723397ce9c723 | DIFF: 2772 | Percentage of PIE: .00001566214400411401(.00156621440041140100%)
CPID: 94caecac9ba0a36e7491227096e11d3c | DIFF: 509355 | Percentage of PIE: .00287791896075594999(.28779189607559499900%)
CPID: 94f5685db91571dc9427c8bcc5e18570 | DIFF: 194390 | Percentage of PIE: .00109832762372284382(.10983276237228438200%)
CPID: 965760845cc6d826f7356a925dc02639 | DIFF: 261954 | Percentage of PIE: .00148007260838877428(.14800726083887742800%)
CPID: 97676bc073e11a591871c5c5f331f75f | DIFF: 11202 | Percentage of PIE: .00006329269016381139(.00632926901638113900%)
CPID: 996f951cf6784629e42d68316c67badb | DIFF: 2193 | Percentage of PIE: .00001239072215044084(.00123907221504408400%)
CPID: 99c836a2a244dd65641b18f4c9f6821a | DIFF: 3469 | Percentage of PIE: .00001960028050154094(.00196002805015409400%)
CPID: 9af6acde8acced8cfed406136cb7c4c7 | DIFF: 658350 | Percentage of PIE: .00371975920097707822(.37197592009770782200%)
CPID: 9b06f2ae5a257ec5c8fb0b97b58498fd | DIFF: 5523730 | Percentage of PIE: .03120975999272896829(3.12097599927289682900%)
CPID: 9ea8383f50e0bc13ea0e402f3125316d | DIFF: 221426 | Percentage of PIE: .00125108437887985193(.12510843788798519300%)
CPID: 9f2fdd97fa9c48a05e9acc92d353fe51 | DIFF: 3688 | Percentage of PIE: .00002083765767935515(.00208376576793551500%)
CPID: 9f9b938e36f7c76fd22ca717d1a122c5 | DIFF: 5565 | Percentage of PIE: .00003144294061431979(.00314429406143197900%)
CPID: 9ff2b091f67327b7d8e5b75fb5337514 | DIFF: 343035 | Percentage of PIE: .00193819032050910917(.19381903205091091700%)
CPID: a0462ef12d6f11deac43fb0fb3c8e86c | DIFF: 232155 | Percentage of PIE: .00131170456034454863(.13117045603445486300%)
CPID: a0a6fc891af36825ad565b4bd3e481bb | DIFF: 1000 | Percentage of PIE: .00000565012409960823(.00056501240996082300%)
CPID: a0d15c67aea509d42733de8b34093a2e | DIFF: 34711 | Percentage of PIE: .00019612145762150127(.01961214576215012700%)
CPID: a0f4151af7430976efcd479662e0c5d2 | DIFF: 325710 | Percentage of PIE: .00184030192048339659(.18403019204833965900%)
CPID: a125ffe948f87637f46e95a7e0602f8d | DIFF: 504996 | Percentage of PIE: .00285329006980575771(.28532900698057577100%)
CPID: a143d41016594917eb15562fbd4c13c6 | DIFF: 139293 | Percentage of PIE: .00078702273620672918(.07870227362067291800%)
CPID: a22d5bd1219eea1dbeecbb579140332e | DIFF: 263103 | Percentage of PIE: .00148656460097922413(.14865646009792241300%)
CPID: a2e48b7a0466a6166dab13ec6ca1bff5 | DIFF: 1559250 | Percentage of PIE: .00880995600231413262(.88099560023141326200%)
CPID: a3a40e2aac773f6559941a93dbf84b0c | DIFF: 124740 | Percentage of PIE: .00070479648018513061(.07047964801851306100%)
CPID: a414ba67c5d769da482d7c7928d1a112 | DIFF: 10395 | Percentage of PIE: .00005873304001542755(.00587330400154275500%)
CPID: a48148f13cd72a76731eaf5395fdf1a2 | DIFF: 415800 | Percentage of PIE: .00234932160061710203(.23493216006171020300%)
CPID: a4c911b94acbefe491c74eff86200d55 | DIFF: 5386 | Percentage of PIE: .00003043156840048992(.00304315684004899200%)
CPID: a92e1cf0903633d62283ea1f101a1af3 | DIFF: 6000 | Percentage of PIE: .00003390074459764938(.00339007445976493800%)
CPID: a9bbb78a53bd09d0c8db03c8f066b22b | DIFF: 1506410 | Percentage of PIE: .00851140344489083375(.85114034448908337500%)
CPID: aa1c62826fb9c377832292169da8b6e9 | DIFF: 3693 | Percentage of PIE: .00002086590829985319(.00208659082998531900%)
CPID: abd97542ba87185962028cbba476a6d1 | DIFF: 1860707 | Percentage of PIE: .01051322546300973081(1.05132254630097308100%)
CPID: acc10b10ff1e7524e9437c7d6c69d75a | DIFF: 1347885 | Percentage of PIE: .00761571752200043909(.76157175220004390900%)
CPID: ad9a179dc17d3fa987bd75e3b71378cd | DIFF: 55097 | Percentage of PIE: .00031130488751611464(.03113048875161146400%)
CPID: aeaf181fd139627fb51f8abb552e20c2 | DIFF: 18 | Percentage of PIE: .00000010170223379294(.00001017022337929400%)
CPID: aee360d4739b42f1a68c4bb2f04ee265 | DIFF: 6930 | Percentage of PIE: .00003915536001028503(.00391553600102850300%)
CPID: af1c38f1b388a035c2d86551403c79d6 | DIFF: 41580 | Percentage of PIE: .00023493216006171020(.02349321600617102000%)
CPID: b0a778e2e8b5e53f50fb27928d8ab695 | DIFF: 420192 | Percentage of PIE: .00237413694566258138(.23741369456625813800%)
CPID: b116baae816368117a5ec3ec574d0b1a | DIFF: 13860 | Percentage of PIE: .00007831072002057006(.00783107200205700600%)
CPID: b11e1383a0ca8efdc01343b4787456f3 | DIFF: 65142 | Percentage of PIE: .00036806038409667931(.03680603840966793100%)
CPID: b1346d96ccfc02780362db504f496f6b | DIFF: 4158 | Percentage of PIE: .00002349321600617102(.00234932160061710200%)
CPID: b15f2cdae1daf59f526f1693f9ceeece | DIFF: 8875 | Percentage of PIE: .00005014485138402304(.00501448513840230400%)
CPID: b28ef0b6c2ceb0b0495a3d05a98593f5 | DIFF: 397010 | Percentage of PIE: .00224315576878546339(.22431557687854633900%)
CPID: b2d5d0a71d91f6a113389422c0776c76 | DIFF: 875 | Percentage of PIE: .00000494385858715720(.00049438585871572000%)
CPID: b3962db8b6cc4036363dfe5ae7275db9 | DIFF: 6544 | Percentage of PIE: .00003697441210783625(.00369744121078362500%)
CPID: b3dc623f3dea8c64c595e756ba48aebd | DIFF: 13930 | Percentage of PIE: .00007870622870754264(.00787062287075426400%)
CPID: b45c5017b7e7fbe7e7f0c672c78daf98 | DIFF: 304881 | Percentage of PIE: .00172261548561265677(.17226154856126567700%)
CPID: b500e4ffe6d55bd608d9aba62007cac0 | DIFF: 1185034 | Percentage of PIE: .00669558916225513922(.66955891622551392200%)
CPID: b5acd8b855a79b117bad1ff8774d9e8f | DIFF: 24176 | Percentage of PIE: .00013659740023212856(.01365974002321285600%)
CPID: b62cee6d4f1807941bee1bc80cc36aaa | DIFF: 356895 | Percentage of PIE: .00201650104052967924(.20165010405296792400%)
CPID: b63506772e919758d70eef99e3443cf5 | DIFF: 2523704 | Percentage of PIE: .01425924079067768848(1.42592407906776884800%)
CPID: b697bbfcb028365be7f6918ac1e9407d | DIFF: 11009 | Percentage of PIE: .00006220221621258700(.00622022162125870000%)
CPID: b6cdea9682421b12c02b4f13647731de | DIFF: 117810 | Percentage of PIE: .00066564112017484557(.06656411201748455700%)
CPID: b7889a19cf219bf01205d412b076814f | DIFF: 4158 | Percentage of PIE: .00002349321600617102(.00234932160061710200%)
CPID: b7a0a3abbcab708faf5b9fe810bd02a3 | DIFF: 3465 | Percentage of PIE: .00001957768000514251(.00195776800051425100%)
CPID: b7ff0838d0db24e867f689fa52422ee8 | DIFF: 31185 | Percentage of PIE: .00017619912004628265(.01761991200462826500%)
CPID: b8239d824b88c566b3ffd6c03b730bea | DIFF: 277735 | Percentage of PIE: .00156923721680469175(.15692372168046917500%)
CPID: b837ffae734b258adde58c5ba921fc0b | DIFF: 464310 | Percentage of PIE: .00262340912068909727(.26234091206890972700%)
CPID: b84ec26ab43a1f2501fc77315aba2403 | DIFF: 6930 | Percentage of PIE: .00003915536001028503(.00391553600102850300%)
CPID: bc0c7e207517905b79efbfeb0bda3ca6 | DIFF: 20099 | Percentage of PIE: .00011356184427802581(.01135618442780258100%)
CPID: bd1eef065111326bf9fd07d4cf6e6fc5 | DIFF: 3 | Percentage of PIE: .00000001695037229882(.00000169503722988200%)
CPID: bd2d1762fda1d8361044b904e54b8afe | DIFF: 2079 | Percentage of PIE: .00001174660800308551(.00117466080030855100%)
CPID: bd787bc1878ffb4df1820eb9eda8422b | DIFF: 1886 | Percentage of PIE: .00001065613405186112(.00106561340518611200%)
CPID: be4592de6391c7ac6a625b52b3962b35 | DIFF: 72765 | Percentage of PIE: .00041113128010799285(.04111312801079928500%)
CPID: bfc5c77d1540b5bf91a69e613e70cc5e | DIFF: 90686 | Percentage of PIE: .00051238715409707194(.05123871540970719400%)
CPID: bfd4e6e64a9f79fd8fd01c6c4e770c81 | DIFF: 2314718 | Percentage of PIE: .01307844395559696292(1.30784439555969629200%)
CPID: c0f4ca8597dd793c91ac89c801495f50 | DIFF: 248787 | Percentage of PIE: .00140567742436923271(.14056774243692327100%)
CPID: c239bce0a139795e37e51a20bb8ae3dc | DIFF: 6879 | Percentage of PIE: .00003886720368120501(.00388672036812050100%)
CPID: c37bc41c71d4e5abab03512e022d85da | DIFF: 708246 | Percentage of PIE: .00400167779305113046(.40016777930511304600%)
CPID: c4a2495b55d148818335f39bceb61b1c | DIFF: 56196 | Percentage of PIE: .00031751437390158409(.03175143739015840900%)
CPID: c4b0aabb0caebb594b1da76618f40146 | DIFF: 23189 | Percentage of PIE: .00013102072774581524(.01310207277458152400%)
CPID: ca4a7ebcebafc02b52dd14e62ee4cfd6 | DIFF: 74844 | Percentage of PIE: .00042287788811107836(.04228778881110783600%)
CPID: ca65d1dbbb67f4fc6aadaf7ab9aa704c | DIFF: 181566 | Percentage of PIE: .00102587043226946788(.10258704322694678800%)
CPID: cac8e3a5d1393da36ad51d7307c7f8a2 | DIFF: 6000 | Percentage of PIE: .00003390074459764938(.00339007445976493800%)
CPID: cc1e0c9545fadadb2cb893ccd5c12fe8 | DIFF: 840731 | Percentage of PIE: .00475023448438772681(.47502344843877268100%)
CPID: cc639e05fb8bdad47f291dedc6735b36 | DIFF: 38115 | Percentage of PIE: .00021535448005656768(.02153544800565676800%)
CPID: cd2080d1030caa8720436d5beeb47e4e | DIFF: 69497 | Percentage of PIE: .00039266667455047316(.03926666745504731600%)
CPID: cfb288c7f80882f32053b9005d6674e0 | DIFF: 3465 | Percentage of PIE: .00001957768000514251(.00195776800051425100%)
CPID: d1cce5bff444890ff305fe795cfe135e | DIFF: 734642 | Percentage of PIE: .00415081846878438930(.41508184687843893000%)
CPID: d2ae4f8f2b4c17f15903b3a8af575814 | DIFF: 559215 | Percentage of PIE: .00315963414836241633(.31596341483624163300%)
CPID: d3166ebe9c237f34eef6882054cf8b9e | DIFF: 59598 | Percentage of PIE: .00033673609608845129(.03367360960884512900%)
CPID: d35a8d91b8c4d10a81223659c22648da | DIFF: 1375 | Percentage of PIE: .00000776892063696131(.00077689206369613100%)
CPID: d3d915defdbe52a1883248cde241abb0 | DIFF: 81230 | Percentage of PIE: .00045895958061117652(.04589595806111765200%)
CPID: d3e0f595285bbf2861152ca9155aca50 | DIFF: 1096331 | Percentage of PIE: .00619440620424759040(.61944062042475904000%)
CPID: d6f6b5052c07f79393f9c7d480a072e6 | DIFF: 3465 | Percentage of PIE: .00001957768000514251(.00195776800051425100%)
CPID: d9bb71a966fbbad06096aa65fbba302c | DIFF: 3465 | Percentage of PIE: .00001957768000514251(.00195776800051425100%)
CPID: da1883d94f81db1c682fa5d70e65843a | DIFF: 14465 | Percentage of PIE: .00008172904510083304(.00817290451008330400%)
CPID: daeb3ba6a208df35e74a4c1dd6f62310 | DIFF: 1993153 | Percentage of PIE: .01126156179950644244(1.12615617995064424400%)
CPID: db3cf00a057e85fa2d8fa41cebca423c | DIFF: 259875 | Percentage of PIE: .00146832600038568877(.14683260003856887700%)
CPID: db73605e4d2ce8191e050aaa9920ba8b | DIFF: 1067976 | Percentage of PIE: .00603419693540319904(.60341969354031990400%)
CPID: dc8d6b9bb81cdbf77c16cde8ad7be576 | DIFF: 41194 | Percentage of PIE: .00023275121215926142(.02327512121592614200%)
CPID: ddb74fcdac5cf61508277e86c123face | DIFF: 515820 | Percentage of PIE: .00291444701305991719(.29144470130599171900%)
CPID: df2d7e7503d83073d79b1f8fcb30e58b | DIFF: 56133 | Percentage of PIE: .00031715841608330877(.03171584160833087700%)
CPID: e0540c8b272b684d88ea8ce4c249dfcd | DIFF: 1266314 | Percentage of PIE: .00715483124907129616(.71548312490712961600%)
CPID: e1086045126d6885bc638bf691e2b5a7 | DIFF: 69365 | Percentage of PIE: .00039192085816932487(.03919208581693248700%)
CPID: e1a1dfb17f903d46ebc0bf4ecb7b300f | DIFF: 37422 | Percentage of PIE: .00021143894405553918(.02114389440555391800%)
CPID: e3609d2b817e65e79cdcba44c81e0538 | DIFF: 3687 | Percentage of PIE: .00002083200755525554(.00208320075552555400%)
CPID: e41cfa5a598151735ec6568fc94801ed | DIFF: 263340 | Percentage of PIE: .00148790368039083128(.14879036803908312800%)
CPID: e47e1846714a79ba571e1136d45d6840 | DIFF: 3465 | Percentage of PIE: .00001957768000514251(.00195776800051425100%)
CPID: e5e0c31e740d02513dcc0f61f21195ca | DIFF: 14553 | Percentage of PIE: .00008222625602159857(.00822262560215985700%)
CPID: e64c6f0a50af958349a03ee08ab178f7 | DIFF: 110880 | Percentage of PIE: .00062648576016456054(.06264857601645605400%)
CPID: e6baddf1b470948bc24945a53235666f | DIFF: 103950 | Percentage of PIE: .00058733040015427550(.05873304001542755000%)
CPID: e77947498c48595582fd449525d9c0b0 | DIFF: 34650 | Percentage of PIE: .00019577680005142516(.01957768000514251600%)
CPID: e7c76a516a37c15b042f2104e64ce3a8 | DIFF: 9693 | Percentage of PIE: .00005476665289750257(.00547666528975025700%)
CPID: e7f90818e3e87c0bbefe83ad3cfe27e1 | DIFF: 15063267 | Percentage of PIE: .08510932789553336388(8.51093278955333638800%)
CPID: e830b1a54013d281112327170548e420 | DIFF: 252945 | Percentage of PIE: .00142917064037540373(.14291706403754037300%)
CPID: e87aa0e3e5883617b68779047b251f79 | DIFF: 301455 | Percentage of PIE: .00170325816044739897(.17032581604473989700%)
CPID: e9d11ff7b70b498e47869fa4973350fc | DIFF: 10458 | Percentage of PIE: .00005908899783370286(.00590889978337028600%)
CPID: ec14f03fae87bfec46d1d8a0e11bbd3e | DIFF: 3472 | Percentage of PIE: .00001961723087383977(.00196172308738397700%)
CPID: edaee446c871a16c3e4e9aa6fc895641 | DIFF: 43729 | Percentage of PIE: .00024707427675176828(.02470742767517682800%)
CPID: ee2c8c9a73e894ec812ee0c16ebabd1d | DIFF: 65065 | Percentage of PIE: .00036762532454100948(.03676253245410094800%)
CPID: ee56a9299d9b1accb9f23c3938ec14e7 | DIFF: 171 | Percentage of PIE: .00000096617122103300(.00009661712210330000%)
CPID: eea3e62ef771958a7f1f1816cd7463fa | DIFF: 3461183 | Percentage of PIE: .01955611348145431233(1.95561134814543123300%)
CPID: efb9bd313e37c809262e47485735aaf3 | DIFF: 1036039 | Percentage of PIE: .00585374892203401100(.58537489220340110000%)
CPID: efe7f0d4adf1a22cfdc489499d261376 | DIFF: 6930 | Percentage of PIE: .00003915536001028503(.00391553600102850300%)
CPID: f32eb8f17277674ca22558672b671622 | DIFF: 3375 | Percentage of PIE: .00001906916883617777(.00190691688361777700%)
CPID: f34b4767ef9b5944a3c392ed4e69a7a0 | DIFF: 29237 | Percentage of PIE: .00016519267830024582(.01651926783002458200%)
CPID: f362f7a1cd00a16e9d91740a6723af01 | DIFF: 129591 | Percentage of PIE: .00073220523219233013(.07322052321923301300%)
CPID: f3bc8e8c111c75bf02069df5df2e4643 | DIFF: 519969 | Percentage of PIE: .00293788937794919174(.29378893779491917400%)
CPID: f5e5133282f34c97a70111a4a79fa110 | DIFF: 810238 | Percentage of PIE: .00457794525021837305(.45779452502183730500%)
CPID: f7478106736d348e0a65cc8e7b612d4c | DIFF: 49010 | Percentage of PIE: .00027691258212179935(.02769125821217993500%)
CPID: fa2bdc16b2ff029a58754aa8f215a8dc | DIFF: 2 | Percentage of PIE: .00000001130024819921(.00000113002481992100%)
CPID: fafd4b41d8bc85f2388784a427c826d8 | DIFF: 28 | Percentage of PIE: .00000015820347478903(.00001582034747890300%)
CPID: fb22df7cbffb4dc2e383830cee502ba3 | DIFF: 4160 | Percentage of PIE: .00002350451625437023(.00235045162543702300%)
CPID: fb7b6e3eac813306bf7e4292b8a7d3a4 | DIFF: 45045 | Percentage of PIE: .00025450984006685272(.02545098400668527200%)
CPID: fb7c8f84f10b3047cfece557362f5aa8 | DIFF: 188 | Percentage of PIE: .00000106222333072634(.00010622233307263400%)
CPID: fbaa9ad38365baf185e3db993677dd25 | DIFF: 1445918 | Percentage of PIE: .00816961613785733270(.81696161378573327000%)
CPID: fd8bf94446105ffa781c54414e287dc6 | DIFF: 2384733 | Percentage of PIE: .01347403739443103315(1.34740373944310331500%)
CPID: fdc7e04c70a57f8963fb823f619e8964 | DIFF: 2772 | Percentage of PIE: .00001566214400411401(.00156621440041140100%)
CPID: fdcf855bfa10a3cb48589eb3532e7fc9 | DIFF: 2 | Percentage of PIE: .00000001130024819921(.00000113002481992100%)
CPID: fe4a710fb94501cd94aabd1ed17b6a56 | DIFF: 34657 | Percentage of PIE: .00019581635092012242(.01958163509201224200%)
Total percenatge calculated is .99999999999999999846
