All percent data in json file will be stored 0.25.. which means 25%
Total Diff from 3e4e5ee66e0105c11dff0eed0519cf2f is 2126.89259227207 bringing totaldiffcount to 2126.89259227207
Total Diff from 557f16594dbbe040d13155009e949783 is 150.00000000000 bringing totaldiffcount to 2276.89259227207
Total Diff from 64c2f22136127a6c2f77ba038c9dcd6c is 900.0000000000 bringing totaldiffcount to 3176.89259227207
Total Diff from 18c25e9a719c92bedd77a3e1c5ac536d is 1247.62676341490 bringing totaldiffcount to 4424.51935568697
Total Diff from bf82f01e52a4e90a6490833e81e811c1 is 254.244397022596 bringing totaldiffcount to 4678.763752709566
Total Diff from fdc7e04c70a57f8963fb823f619e8964 is 24358.33950093368 bringing totaldiffcount to 29037.103253643246
Total Diff from 2e2d8005f09feef6ecd400aedfd9cf82 is 450.00000000000 bringing totaldiffcount to 29487.103253643246
Total Diff from 5f72c050e6113cfbfcc964bd5eddd359 is 9790.12207509870 bringing totaldiffcount to 39277.225328741946
Total Diff from d2ba1846426099335fd80b6014e92fb9 is 728.28748657337 bringing totaldiffcount to 40005.512815315316
Total Diff from f6a5fdbf4e0742e13e3937b68ed76739 is 10996.5903506121 bringing totaldiffcount to 51002.103165927416
Total Diff from eff724ef3f568039248fbfedb2643b67 is 10794.0551301779 bringing totaldiffcount to 61796.158296105316
Total Diff from c4b0aabb0caebb594b1da76618f40146 is 18511.4120985980 bringing totaldiffcount to 80307.570394703316
Total Diff from 8f6c3ee5d5bb28b38993a36bbba99951 is 4259.1292561152 bringing totaldiffcount to 84566.699650818516
Total Diff from f1cda4e1a3da3b73bbe257ae33016789 is 4020.90962569637 bringing totaldiffcount to 88587.609276514886
Total Diff from 7405df90cf38e7f7ee1b38a6990a809a is 17662.9620500409 bringing totaldiffcount to 106250.571326555786
Total Diff from 05c21278af7999e749b1671ea90bc8f6 is 19017.821348650530 bringing totaldiffcount to 125268.392675206316
Total Diff from bfd4e6e64a9f79fd8fd01c6c4e770c81 is 421283.0697076955 bringing totaldiffcount to 546551.462382901816
Total Diff from d4d20c6261f943f219a6905c8eefea87 is 9879.95678742121 bringing totaldiffcount to 556431.419170323026
Total Diff from d794a48fe6ac954c2fdf7f5d796493d9 is 3234.45919455360 bringing totaldiffcount to 559665.878364876626
Total Diff from ee2c8c9a73e894ec812ee0c16ebabd1d is 7639.36447372452 bringing totaldiffcount to 567305.242838601146
Total Diff from 4255bf7a07011016e9152f2cba514f6e is 39422.778559955430 bringing totaldiffcount to 606728.021398556576
Total Diff from 556aa48600aa6a423dc2a7dc9058f0af is 24021.4251357280 bringing totaldiffcount to 630749.446534284576
Total Diff from be4592de6391c7ac6a625b52b3962b35 is 159523.488438016070 bringing totaldiffcount to 790272.934972300646
Total Diff from 7d0d73fe026d66fd4ab8d5d8da32a611 is 460766.5519585237 bringing totaldiffcount to 1251039.486930824346
Total Diff from b0062d7045aec470cbe3da4df4e68fd7 is 12627.76736262601 bringing totaldiffcount to 1263667.254293450356
Total Diff from db3cf00a057e85fa2d8fa41cebca423c is 56089.54015058561 bringing totaldiffcount to 1319756.794444035966
Total Diff from 16343a0f41ad37bb35a80e81bc97ef8c is 879.76360647166 bringing totaldiffcount to 1320636.558050507626
Total Diff from 2c8d390c601a97a123f71ab061a05a20 is 6906.511882354654 bringing totaldiffcount to 1327543.069932862280
Total Diff from 3081ff717f5e91cd0b47da5349bda89d is 25465.3427459275 bringing totaldiffcount to 1353008.412678789780
Total Diff from 6f4d373809620f9e515deac5d1570a38 is 6368.1311845432 bringing totaldiffcount to 1359376.543863332980
Total Diff from 835ab55044fcfb6b251ea65316477544 is 1909.76670608290 bringing totaldiffcount to 1361286.310569415880
Total Diff from 89b75874203a01e8206f069dcd4ddb60 is 8003.74499954306 bringing totaldiffcount to 1369290.055568958940
Total Diff from df7232dd951335d1a755ab9a4e6a3dd7 is 102521.6432503870 bringing totaldiffcount to 1471811.698819345940
Total Diff from d35a8d91b8c4d10a81223659c22648da is 4600.83397335045 bringing totaldiffcount to 1476412.532792696390
Total Diff from b62cee6d4f1807941bee1bc80cc36aaa is 3191.62111219177 bringing totaldiffcount to 1479604.153904888160
Total Diff from 7a914235a608c65081b80c042d791e62 is 142806.94949229324 bringing totaldiffcount to 1622411.103397181400
Total Diff from 661acb02264b8d5c129fa3c5103b52fb is 1600.00000000000 bringing totaldiffcount to 1624011.103397181400
Total Diff from 30371bd00196619853782bbf95df2880 is 118847.590345874 bringing totaldiffcount to 1742858.693743055400
Total Diff from 0de87e305d5d3a9cd58bde8a9f84339b is 33316.4073017655 bringing totaldiffcount to 1776175.101044820900
Total Diff from 725b0f449e07f3fca83f2e4077c254a3 is 50 bringing totaldiffcount to 1776225.101044820900
Total Diff from ba999ecbe6f9a498861fabae3f6c37c5 is 12831.743682143806 bringing totaldiffcount to 1789056.844726964706
Total Diff from 94caecac9ba0a36e7491227096e11d3c is 10164.7041700660 bringing totaldiffcount to 1799221.548897030706
Total Diff from d2ae4f8f2b4c17f15903b3a8af575814 is 11492.296717198860 bringing totaldiffcount to 1810713.845614229566
Total Diff from 242466d114cc32914e02874e6226716e is 994.113079189320 bringing totaldiffcount to 1811707.958693418886
Total Diff from 0249b19d285e6b0b6c7d255974aefed1 is 6886.90745416640 bringing totaldiffcount to 1818594.866147585286
Total Diff from 4f0fecd04be3a74c46aa9678f780d028 is 6056.11554672179 bringing totaldiffcount to 1824650.981694307076
Total Diff from 354ca887e81a86ff1ce8c5ced91fe1b1 is 2200 bringing totaldiffcount to 1826850.981694307076
Total Diff from 83f63c562e77bce0915860658199349d is 5574.5259403428 bringing totaldiffcount to 1832425.507634649876
Total Diff from 0d7bf78aeb1dae402525a417a38b07e4 is 1685.76702461494 bringing totaldiffcount to 1834111.274659264816
Total Diff from f362f7a1cd00a16e9d91740a6723af01 is 5033.49707679300 bringing totaldiffcount to 1839144.771736057816
Total Diff from 6065aaac6cd4802993fa634eb6d5fa4c is 636.86364958681 bringing totaldiffcount to 1839781.635385644626
Total Diff from d4e905365162436d3202686ddb030e0a is 300 bringing totaldiffcount to 1840081.635385644626
Total Diff from 4a7d815d29be5adc1b7052f465f0d1ea is 134730.83144378360 bringing totaldiffcount to 1974812.466829428226
Total Diff from 0221c3feb81bf9e73d820036fbf02a96 is 1978.32951871836 bringing totaldiffcount to 1976790.796348146586
Total Diff from 6e22d722d4f2a68b69b1de8bae5a92f3 is 5045.56612747027 bringing totaldiffcount to 1981836.362475616856
Total Diff from db73605e4d2ce8191e050aaa9920ba8b is 121838.4889206020 bringing totaldiffcount to 2103674.851396218856
Total Diff from a0462ef12d6f11deac43fb0fb3c8e86c is 11493.00081889226 bringing totaldiffcount to 2115167.852215111116
Total Diff from 193cd7c15933c9ca00ab79a9f92a54ed is 707.168187280584 bringing totaldiffcount to 2115875.020402391700
Total Diff from 8873d40664afb7a2888b6996a6f1d934 is 60106.22391280584 bringing totaldiffcount to 2175981.244315197540
Total Diff from b697bbfcb028365be7f6918ac1e9407d is 1059.2745367058 bringing totaldiffcount to 2177040.518851903340
Total Diff from 6387eda1469f5c8f07bfd57eec3b16df is 2938.122122647025 bringing totaldiffcount to 2179978.640974550365
Total Diff from d811112ee0c90355ed442f956bc4b5a9 is 19002.64772619721 bringing totaldiffcount to 2198981.288700747575
Total Diff from e0540c8b272b684d88ea8ce4c249dfcd is 118249.3074880793 bringing totaldiffcount to 2317230.596188826875
Total Diff from 306843250cc1a70f0a83ca5f63d58eac is 17829.5628002600 bringing totaldiffcount to 2335060.158989086875
Total Diff from 55a0cb448335518eb401631a8c31de48 is 30123.18053334193 bringing totaldiffcount to 2365183.339522428805
Total Diff from 9ce6f19e20f69790601c9bf9c0b03928 is 7583.193084223058 bringing totaldiffcount to 2372766.532606651863
Total Diff from 61805f016f1cdf5cbde9b7c3db811c61 is 9105.245341647651 bringing totaldiffcount to 2381871.777948299514
Total Diff from aa1c62826fb9c377832292169da8b6e9 is 2085.17019243812 bringing totaldiffcount to 2383956.948140737634
Total Diff from 59900fe7ef44fe33aa2afdf98301ec1c is 32127.0722971820 bringing totaldiffcount to 2416084.020437919634
Total Diff from 6fef768a3a12d4fbbf71293346bb3fa2 is 13998.11605713514 bringing totaldiffcount to 2430082.136495054774
Total Diff from e3609d2b817e65e79cdcba44c81e0538 is 5450.000000000000 bringing totaldiffcount to 2435532.136495054774
Total Diff from 8bec951f6364cb21bd80e8ab356d3286 is 41694.1123610940 bringing totaldiffcount to 2477226.248856148774
Total Diff from 89c03d27ba3d8fea5d79c11cf02e81dd is 1475.092220444853 bringing totaldiffcount to 2478701.341076593627
Total Diff from 54b70986cfe93a59dabfcda63d3fb522 is 411.19167807996170 bringing totaldiffcount to 2479112.53275467358870
Total Diff from fd5ef6cdb1c2611dc39e106faea20bb7 is 30458.5133853145 bringing totaldiffcount to 2509571.04613998808870
Total Diff from fd8bf94446105ffa781c54414e287dc6 is 18683.86990267800 bringing totaldiffcount to 2528254.91604266608870
Total Diff from 36426c381e65c5e28ba4a1dda2ddc692 is 28814.1857365145 bringing totaldiffcount to 2557069.10177918058870
Total Diff from 4f4c22865751a0ddec009df96db4c9ae is 412540.9736000467 bringing totaldiffcount to 2969610.07537922728870
Total Diff from 0b5ef259411ec18e8dac2be0b732fd23 is 9356.8348869551 bringing totaldiffcount to 2978966.91026618238870
Total Diff from 1a8309fae79be20b42354b049e392fb3 is 134180.34560077250 bringing totaldiffcount to 3113147.25586695488870
Total Diff from 2082de95f77c4a69fc878de0bb3b2af5 is 16932.622027602937 bringing totaldiffcount to 3130079.87789455782570
Total Diff from 61d48c317d3978c522c7eae8111730c7 is 59259.35182016318 bringing totaldiffcount to 3189339.22971472100570
Total Diff from e7f90818e3e87c0bbefe83ad3cfe27e1 is 998596.3459393400 bringing totaldiffcount to 4187935.57565406100570
Total Diff from 0d7f1e96b8cd94f85090f0afcefd6959 is 10617.95519196340 bringing totaldiffcount to 4198553.53084602440570
Total Diff from 55d5bff8d4a1f038692788cff11fc400 is 6816.37932988780 bringing totaldiffcount to 4205369.91017591220570
Total Diff from cb44d23b2c25625262ac95cfc5792b7e is 3322.63800410586 bringing totaldiffcount to 4208692.54818001806570
Total Diff from 5dcc2cda74bbec9addeb5ab85b19486c is 1767.98268146018 bringing totaldiffcount to 4210460.53086147824570
Total Diff from 9a516e998ffbcb50012f95726aebbf7f is 12355.2361482921 bringing totaldiffcount to 4222815.76700977034570
Total Diff from 757b02cee20ff252bcc5df3fb8f74088 is 3074.672033075989 bringing totaldiffcount to 4225890.43904284633470
Total Diff from 204d178f9b6d4de25297c99fed0ed860 is 1834748.939224260 bringing totaldiffcount to 6060639.37826710633470
Total Diff from a2e48b7a0466a6166dab13ec6ca1bff5 is 46638.39616921690 bringing totaldiffcount to 6107277.77443632323470
Total Diff from 01a499929b07373568b3eea3b3afe75e is 86383.9888186873 bringing totaldiffcount to 6193661.76325501053470
Total Diff from 6ad54a9f1c4d97c9f1857b31c6a4127c is 617147.58321121694 bringing totaldiffcount to 6810809.34646622747470
Total Diff from 3df6e3662e9fb9653957f8c0866c4e0e is 9949.7838064297 bringing totaldiffcount to 6820759.13027265717470
Total Diff from 642964c79125b793fae14c0844fa701d is 1478.160196054500 bringing totaldiffcount to 6822237.29046871167470
Total Diff from 2bebcc51ce6b307d8410ba59a9072039 is 309512.423120894 bringing totaldiffcount to 7131749.71358960567470
Total Diff from 0c130640a79aab9f1eaed36277bc51fc is 3609488.24259369340 bringing totaldiffcount to 10741237.95618329907470
Total Diff from 259b837e185e461410bf4289ad7a0383 is 3933.5563609508445 bringing totaldiffcount to 10745171.51254424991920
Total Diff from e8263087783a8e867bfe470a2c3d9d48 is 16738.1455065263 bringing totaldiffcount to 10761909.65805077621920
Total Diff from 67a729ff15af29ce4565354a843846c8 is 19069.521706459614 bringing totaldiffcount to 10780979.17975723583320
Total Diff from 82c8cbf96c2e9b738dc6c9f126a21baf is 35.86314950226065 bringing totaldiffcount to 10781015.04290673809385
Total Diff from 3b3faf83b8d631ce312eeaedecd761b5 is 100.0000000 bringing totaldiffcount to 10781115.04290673809385
Total Diff from fb22df7cbffb4dc2e383830cee502ba3 is 1429.22815336750 bringing totaldiffcount to 10782544.27106010559385
Total Diff from fbaa9ad38365baf185e3db993677dd25 is 28979.7177665366 bringing totaldiffcount to 10811523.98882664219385
Total Diff from 1ff457bcb9860833f66db19b48a3d9f4 is 15180.69827954282 bringing totaldiffcount to 10826704.68710618501385
Total Diff from af5cf5f6c1867f07aebe79ac30271f17 is 7910.5168998906153 bringing totaldiffcount to 10834615.20400607562915
Total Diff from 8c8744ca3866631f621851199aa79e49 is 2644.29435939916 bringing totaldiffcount to 10837259.49836547478915
Total Diff from 2569d8ca4a6d4fded8091f85f2e3946d is 250139.221691005 bringing totaldiffcount to 11087398.72005647978915
Total Diff from bcf6ab65157c4652faa77b95adf3bf5c is 1471.69132978570 bringing totaldiffcount to 11088870.41138626548915
Total Diff from 906d42bcc2a97c2395b5ca63e86c9ef9 is 69570.009018768950 bringing totaldiffcount to 11158440.42040503443915
Total Diff from cb61a738fa12189d9f86c75499a6b010 is 3290.446948860143 bringing totaldiffcount to 11161730.86735389458215
Total Diff from b837ffae734b258adde58c5ba921fc0b is 51767.2292868775855 bringing totaldiffcount to 11213498.09664077216765
Total Diff from 4eda14a2be77e7d16c988d56adee4af9 is 27093.9477887840 bringing totaldiffcount to 11240592.04442955616765
Total Diff from 996f951cf6784629e42d68316c67badb is 13630.52393584474 bringing totaldiffcount to 11254222.56836540090765
Total Diff from 1ac793c529cd6ffa942afaef7c5068c2 is 115969.973193119162 bringing totaldiffcount to 11370192.54155852006965
Total Diff from b0a778e2e8b5e53f50fb27928d8ab695 is 82102.6344139099 bringing totaldiffcount to 11452295.17597242996965
Total Diff from 46f64d69eb8c5ee9cd24178b589af83f is 9936.9754699941060 bringing totaldiffcount to 11462232.15144242407565
Total Diff from f8ce1bcad9522fa360cd0aee2896430f is 11044.542777347105 bringing totaldiffcount to 11473276.69421977118065
Total Diff from 603f1a690bd76ad283d67480e011cec8 is 3323.04740832959 bringing totaldiffcount to 11476599.74162810077065
Total Diff from 67b6ea3ddf94791ae5fb84b575c881c1 is 13871.66133245333 bringing totaldiffcount to 11490471.40296055410065
Total Diff from 0a8d1a37461e99c2d61702857502493f is 16870.34545568095 bringing totaldiffcount to 11507341.74841623505065
Total Diff from b1346d96ccfc02780362db504f496f6b is 5372.84674170298 bringing totaldiffcount to 11512714.59515793803065
Total Diff from 1cdee1e22e5cf4c8d60795d39f91ddf5 is 26371.464751539230 bringing totaldiffcount to 11539086.05990947726065
Total Diff from 1a4cc27c96d37b72cceaff8b664e45c6 is 24517.90800083714 bringing totaldiffcount to 11563603.96791031440065
Total Diff from d855cb1ea1303ab47749286589f245ea is 2990.018530334570 bringing totaldiffcount to 11566593.98644064897065
Total Diff from 07f28ba3a8ec9e74401bd59779c261cb is 38269.72472961126 bringing totaldiffcount to 11604863.71117026023065
Total Diff from 43e87b406ac2cfe501dfbee3c7745ed2 is 2976.58453093809 bringing totaldiffcount to 11607840.29570119832065
Total Diff from 713ef874f593ce679ad648186b675a11 is 12319.147179683445 bringing totaldiffcount to 11620159.44288088176565
Total Diff from 016f6304bcb3dfe119177dfa66fb50ee is 943.574202750733 bringing totaldiffcount to 11621103.01708363249865
Total Diff from 63d16f6259f4af0df85bb60629c86e9a is 16763.328153382705 bringing totaldiffcount to 11637866.34523701520365
Total Diff from 498cd0cce160c06b0efa52064e96531a is 6682.747137993694 bringing totaldiffcount to 11644549.09237500889765
Total Diff from 2fa5216607ecda3cfb99050e305ceb4f is 69198.52581795905 bringing totaldiffcount to 11713747.61819296794765
Total Diff from f977703c3a06398c85ac8e34968c8b9e is 1204.4742438365935 bringing totaldiffcount to 11714952.09243680454115
Total Diff from 274f4aae5a3041085e95e9c6c0acc6fd is 94445.34938483350 bringing totaldiffcount to 11809397.44182163804115
Total Diff from 67b0f504a77b3f91429844591b1bbc2b is 25398.1132508588380 bringing totaldiffcount to 11834795.55507249687915
Total Diff from d5675d8288439f5c59d701eae08d7147 is 2353.242896474258 bringing totaldiffcount to 11837148.79796897113715
Total Diff from d2256d43384f84d75809e3c30de02c54 is 24393.93179340800 bringing totaldiffcount to 11861542.72976237913715
Total Diff from f5e5133282f34c97a70111a4a79fa110 is 26244.611282178603 bringing totaldiffcount to 11887787.34104455774015
Total Diff from 167e1cb1e8ef1d3771ede0175e848120 is 1975.117381342354 bringing totaldiffcount to 11889762.45842590009415
Total Diff from 406c50e3243d7bae9b6d67e732f2ec9f is 31150.91013293006 bringing totaldiffcount to 11920913.36855883015415
Total Diff from f0754c1f86499169dd6eac41e0760dc3 is 33501.287293725176 bringing totaldiffcount to 11954414.65585255533015
Total Diff from f0e488d3d7532d6e4ce6a73d75f3ae67 is 6120.779525101580 bringing totaldiffcount to 11960535.43537765691015
Total Diff from 0fb5cfc30bb9db2a4a346c3a1c2c9265 is 25859.922570442116 bringing totaldiffcount to 11986395.35794809902615
Total Diff from 3d66e11ed9b5f2b2560831c86cb2a5e8 is 2356.9573960339794 bringing totaldiffcount to 11988752.31534413300555
Total Diff from 7c3d563b0a7c3add154b3898cb680fbb is 5782.616946149475 bringing totaldiffcount to 11994534.93229028248055
Total Diff from a8a8dc39a19d56b22056e749bf7e183a is 234518.62553065467 bringing totaldiffcount to 12229053.55782093715055
Total Diff from b12fdfd6dd109895f85df39a8ee31b75 is 3576.78589157821 bringing totaldiffcount to 12232630.34371251536055
Total Diff from 431d0ac8a393f828adc516d173553434 is 22960.27543545846 bringing totaldiffcount to 12255590.61914797382055
Total Diff from 4d7d2b52b8a613eccd9faff50f6d8324 is 15480.0261391608820 bringing totaldiffcount to 12271070.64528713470255
Total Diff from ea4f828a360454b8e0037c28ab660914 is 3416.734220138667 bringing totaldiffcount to 12274487.37950727336955
Total Diff from e60adf6eeb25da8aaf6ed2f460368189 is 116001.888757438040 bringing totaldiffcount to 12390489.26826471140955
Total Diff from c239bce0a139795e37e51a20bb8ae3dc is 8902.1548975760190 bringing totaldiffcount to 12399391.42316228742855
Total Diff from b8239d824b88c566b3ffd6c03b730bea is 20704.1942572703187 bringing totaldiffcount to 12420095.61741955774725
Total Diff from 83149ae4c6040ac57dce0b4efefa8234 is 1292.2367968325537 bringing totaldiffcount to 12421387.85421639030095
Total Diff from 55cd02be28521073d367f7ca38615682 is 0 bringing totaldiffcount to 12421387.85421639030095
Total Diff from 7ace61f1014802fe81b54a3010a9df33 is 82468.601645816854 bringing totaldiffcount to 12503856.45586220715495
Total Diff from e5e0c31e740d02513dcc0f61f21195ca is 3407.265353237721 bringing totaldiffcount to 12507263.72121544487595
Total Diff from 9ff2b091f67327b7d8e5b75fb5337514 is 24724.540604333180 bringing totaldiffcount to 12531988.26181977805595
Total Diff from 2aa2958642bc7b97af20113991e0fca6 is 57954.90161617297 bringing totaldiffcount to 12589943.16343595102595
Total Diff from 96c18bb4a02d15c90224a7138a540cf7 is 51495.7286521087300 bringing totaldiffcount to 12641438.89208805975595
Total Diff from 752bbb4e0821d53e1e29e78602b72f3a is 32940.7937145703250 bringing totaldiffcount to 12674379.68580263008095
Total Diff from cdacaba0c8c74689741b92d2e10b163b is 6254.32901801541450 bringing totaldiffcount to 12680634.01482064549545
Total Diff from 015baf274dd9265b1c53d6aa064cface is 4833856.3071734775 bringing totaldiffcount to 17514490.32199412299545
Total Diff from 36f972e26d76dc93308b26bea9b7348e is 481.1361164986215 bringing totaldiffcount to 17514971.45811062161695
Total Diff from 6a31cdd3f49f27be94c9d665d954e3cb is 1150 bringing totaldiffcount to 17516121.45811062161695
Total Diff from 2cc383decb445b142a7794a5cac707a1 is 7551.034796952539 bringing totaldiffcount to 17523672.49290757415595
Total Diff from 0b44c45c75607eee4c14cd71e9d7aeff is 4258.125547382084 bringing totaldiffcount to 17527930.61845495623995
Total Diff from 1f4d8215cdc884cc2eee7a7a29301cc2 is 4227.165022412178 bringing totaldiffcount to 17532157.78347736841795
Total Diff from 5188365b01e83b3244477e8c9a0062f7 is 11652.990048429072 bringing totaldiffcount to 17543810.77352579748995
Total Diff from f3bc8e8c111c75bf02069df5df2e4643 is 5250 bringing totaldiffcount to 17549060.77352579748995
Total Diff from 93c8e4466049ec095ed49f3288766fca is 6974.202671353186 bringing totaldiffcount to 17556034.97619715067595
Total Diff from 81227c7087fc6f129ece1f581a0c43a7 is 50 bringing totaldiffcount to 17556084.97619715067595
Total Diff from 9d7ae806c4d2adb73085803b323dc583 is 332.6807953853908 bringing totaldiffcount to 17556417.65699253606675
Total Diff from 062c68c850bf90dd52f1d1aeff927d85 is 3456.9461986365905 bringing totaldiffcount to 17559874.60319117265725
Total Diff from 08321f22a670ce593f85cee0aceed378 is 856.7381271153548 bringing totaldiffcount to 17560731.34131828801205
CPID: 3e4e5ee66e0105c11dff0eed0519cf2f | DIFF: 2126.89259227207 | Percentage of PIE: .00012111640175644323(.01211164017564432300%)
CPID: 557f16594dbbe040d13155009e949783 | DIFF: 150.00000000000 | Percentage of PIE: .00000854178548060057(.00085417854806005700%)
CPID: 64c2f22136127a6c2f77ba038c9dcd6c | DIFF: 900.0000000000 | Percentage of PIE: .00005125071288360344(.00512507128836034400%)
CPID: 18c25e9a719c92bedd77a3e1c5ac536d | DIFF: 1247.62676341490 | Percentage of PIE: .00007104640115297387(.00710464011529738700%)
CPID: bf82f01e52a4e90a6490833e81e811c1 | DIFF: 254.244397022596 | Percentage of PIE: .00001447800732674438(.00144780073267443800%)
CPID: fdc7e04c70a57f8963fb823f619e8964 | DIFF: 24358.33950093368 | Percentage of PIE: .00138709140453743164(.13870914045374316400%)
CPID: 2e2d8005f09feef6ecd400aedfd9cf82 | DIFF: 450.00000000000 | Percentage of PIE: .00002562535644180172(.00256253564418017200%)
CPID: 5f72c050e6113cfbfcc964bd5eddd359 | DIFF: 9790.12207509870 | Percentage of PIE: .00055750081729590160(.05575008172959016000%)
CPID: d2ba1846426099335fd80b6014e92fb9 | DIFF: 728.28748657337 | Percentage of PIE: .00004147250319010331(.00414725031901033100%)
CPID: f6a5fdbf4e0742e13e3937b68ed76739 | DIFF: 10996.5903506121 | Percentage of PIE: .00062620343861980542(.06262034386198054200%)
CPID: eff724ef3f568039248fbfedb2643b67 | DIFF: 10794.0551301779 | Percentage of PIE: .00061467002258503818(.06146700225850381800%)
CPID: c4b0aabb0caebb594b1da76618f40146 | DIFF: 18511.4120985980 | Percentage of PIE: .00105413674059478801(.10541367405947880100%)
CPID: 8f6c3ee5d5bb28b38993a36bbba99951 | DIFF: 4259.1292561152 | Percentage of PIE: .00024253712293257293(.02425371229325729300%)
CPID: f1cda4e1a3da3b73bbe257ae33016789 | DIFF: 4020.90962569637 | Percentage of PIE: .00022897164973053562(.02289716497305356200%)
CPID: 7405df90cf38e7f7ee1b38a6990a809a | DIFF: 17662.9620500409 | Percentage of PIE: .00100582155188958875(.10058215518895887500%)
CPID: 05c21278af7999e749b1671ea90bc8f6 | DIFF: 19017.821348650530 | Percentage of PIE: .00108297433512372485(.10829743351237248500%)
CPID: bfd4e6e64a9f79fd8fd01c6c4e770c81 | DIFF: 421283.0697076955 | Percentage of PIE: .02399006405368022025(2.39900640536802202500%)
CPID: d4d20c6261f943f219a6905c8eefea87 | DIFF: 9879.95678742121 | Percentage of PIE: .00056261647623837057(.05626164762383705700%)
CPID: d794a48fe6ac954c2fdf7f5d796493d9 | DIFF: 3234.45919455360 | Percentage of PIE: .00018418704390421979(.01841870439042197900%)
CPID: ee2c8c9a73e894ec812ee0c16ebabd1d | DIFF: 7639.36447372452 | Percentage of PIE: .00043502541695117301(.04350254169511730100%)
CPID: 4255bf7a07011016e9152f2cba514f6e | DIFF: 39422.778559955430 | Percentage of PIE: .00224493945005572605(.22449394500557260500%)
CPID: 556aa48600aa6a423dc2a7dc9058f0af | DIFF: 24021.4251357280 | Percentage of PIE: .00136790573631796739(.13679057363179673900%)
CPID: be4592de6391c7ac6a625b52b3962b35 | DIFF: 159523.488438016070 | Percentage of PIE: .00908410278236399499(.90841027823639949900%)
CPID: 7d0d73fe026d66fd4ab8d5d8da32a611 | DIFF: 460766.5519585237 | Percentage of PIE: .02623846028977138558(2.62384602897713855800%)
CPID: b0062d7045aec470cbe3da4df4e68fd7 | DIFF: 12627.76736262601 | Percentage of PIE: .00071909119940320439(.07190911994032043900%)
CPID: db3cf00a057e85fa2d8fa41cebca423c | DIFF: 56089.54015058561 | Percentage of PIE: .00319403213114556741(.31940321311455674100%)
CPID: 16343a0f41ad37bb35a80e81bc97ef8c | DIFF: 879.76360647166 | Percentage of PIE: .00005009834666746948(.00500983466674694800%)
CPID: 2c8d390c601a97a123f71ab061a05a20 | DIFF: 6906.511882354654 | Percentage of PIE: .00039329295278861550(.03932929527886155000%)
CPID: 3081ff717f5e91cd0b47da5349bda89d | DIFF: 25465.3427459275 | Percentage of PIE: .00145012996617120452(.14501299661712045200%)
CPID: 6f4d373809620f9e515deac5d1570a38 | DIFF: 6368.1311845432 | Percentage of PIE: .00036263473660460561(.03626347366046056100%)
CPID: 835ab55044fcfb6b251ea65316477544 | DIFF: 1909.76670608290 | Percentage of PIE: .00010875211680902199(.01087521168090219900%)
CPID: 89b75874203a01e8206f069dcd4ddb60 | DIFF: 8003.74499954306 | Percentage of PIE: .00045577515218350906(.04557751521835090600%)
CPID: df7232dd951335d1a755ab9a4e6a3dd7 | DIFF: 102521.6432503870 | Percentage of PIE: .00583811922508978361(.58381192250897836100%)
CPID: d35a8d91b8c4d10a81223659c22648da | DIFF: 4600.83397335045 | Percentage of PIE: .00026199557888145815(.02619955788814581500%)
CPID: b62cee6d4f1807941bee1bc80cc36aaa | DIFF: 3191.62111219177 | Percentage of PIE: .00018174761917131944(.01817476191713194400%)
CPID: 7a914235a608c65081b80c042d791e62 | DIFF: 142806.94949229324 | Percentage of PIE: .00813217551801419965(.81321755180141996500%)
CPID: 661acb02264b8d5c129fa3c5103b52fb | DIFF: 1600.00000000000 | Percentage of PIE: .00009111237845973945(.00911123784597394500%)
CPID: 30371bd00196619853782bbf95df2880 | DIFF: 118847.590345874 | Percentage of PIE: .00676780414413834343(.67678041441383434300%)
CPID: 0de87e305d5d3a9cd58bde8a9f84339b | DIFF: 33316.4073017655 | Percentage of PIE: .00189721069437330335(.18972106943733033500%)
CPID: 725b0f449e07f3fca83f2e4077c254a3 | DIFF: 50 | Percentage of PIE: .00000284726182686685(.00028472618268668500%)
CPID: ba999ecbe6f9a498861fabae3f6c37c5 | DIFF: 12831.743682143806 | Percentage of PIE: .00073070667916616074(.07307066791661607400%)
CPID: 94caecac9ba0a36e7491227096e11d3c | DIFF: 10164.7041700660 | Percentage of PIE: .00057883148329646579(.05788314832964657900%)
CPID: d2ae4f8f2b4c17f15903b3a8af575814 | DIFF: 11492.296717198860 | Percentage of PIE: .00065443155491815244(.06544315549181524400%)
CPID: 242466d114cc32914e02874e6226716e | DIFF: 994.113079189320 | Percentage of PIE: .00005661000443929641(.00566100044392964100%)
CPID: 0249b19d285e6b0b6c7d255974aefed1 | DIFF: 6886.90745416640 | Percentage of PIE: .00039217657398825613(.03921765739882561300%)
CPID: 4f0fecd04be3a74c46aa9678f780d028 | DIFF: 6056.11554672179 | Percentage of PIE: .00034486693230551729(.03448669323055172900%)
CPID: 354ca887e81a86ff1ce8c5ced91fe1b1 | DIFF: 2200 | Percentage of PIE: .00012527952038214175(.01252795203821417500%)
CPID: 83f63c562e77bce0915860658199349d | DIFF: 5574.5259403428 | Percentage of PIE: .00031744269825634261(.03174426982563426100%)
CPID: 0d7bf78aeb1dae402525a417a38b07e4 | DIFF: 1685.76702461494 | Percentage of PIE: .00009599640196354083(.00959964019635408300%)
CPID: f362f7a1cd00a16e9d91740a6723af01 | DIFF: 5033.49707679300 | Percentage of PIE: .00028663368164797254(.02866336816479725400%)
CPID: 6065aaac6cd4802993fa634eb6d5fa4c | DIFF: 636.86364958681 | Percentage of PIE: .00003626635116775270(.00362663511677527000%)
CPID: d4e905365162436d3202686ddb030e0a | DIFF: 300 | Percentage of PIE: .00001708357096120114(.00170835709612011400%)
CPID: 4a7d815d29be5adc1b7052f465f0d1ea | DIFF: 134730.83144378360 | Percentage of PIE: .00767227906543836040(.76722790654383604000%)
CPID: 0221c3feb81bf9e73d820036fbf02a96 | DIFF: 1978.32951871836 | Percentage of PIE: .00011265644239221339(.01126564423922133900%)
CPID: 6e22d722d4f2a68b69b1de8bae5a92f3 | DIFF: 5045.56612747027 | Percentage of PIE: .00028732095659357079(.02873209565935707900%)
CPID: db73605e4d2ce8191e050aaa9920ba8b | DIFF: 121838.4889206020 | Percentage of PIE: .00693812157093541398(.69381215709354139800%)
CPID: a0462ef12d6f11deac43fb0fb3c8e86c | DIFF: 11493.00081889226 | Percentage of PIE: .00065447165015562944(.06544716501556294400%)
CPID: 193cd7c15933c9ca00ab79a9f92a54ed | DIFF: 707.168187280584 | Percentage of PIE: .00004026985969637280(.00402698596963728000%)
CPID: 8873d40664afb7a2888b6996a6f1d934 | DIFF: 60106.22391280584 | Percentage of PIE: .00342276313808087974(.34227631380808797400%)
CPID: b697bbfcb028365be7f6918ac1e9407d | DIFF: 1059.2745367058 | Percentage of PIE: .00006032063905069001(.00603206390506900100%)
CPID: 6387eda1469f5c8f07bfd57eec3b16df | DIFF: 2938.122122647025 | Percentage of PIE: .00016731205924971798(.01673120592497179800%)
CPID: d811112ee0c90355ed442f956bc4b5a9 | DIFF: 19002.64772619721 | Percentage of PIE: .00108211026960399230(.10821102696039923000%)
CPID: e0540c8b272b684d88ea8ce4c249dfcd | DIFF: 118249.3074880793 | Percentage of PIE: .00673373478528499019(.67337347852849901900%)
CPID: 306843250cc1a70f0a83ca5f63d58eac | DIFF: 17829.5628002600 | Percentage of PIE: .00101530867101811323(.10153086710181132300%)
CPID: 55a0cb448335518eb401631a8c31de48 | DIFF: 30123.18053334193 | Percentage of PIE: .00171537164072806640(.17153716407280664000%)
CPID: 9ce6f19e20f69790601c9bf9c0b03928 | DIFF: 7583.193084223058 | Percentage of PIE: .00043182672388938136(.04318267238893813600%)
CPID: 61805f016f1cdf5cbde9b7c3db811c61 | DIFF: 9105.245341647651 | Percentage of PIE: .00051850034971061280(.05185003497106128000%)
CPID: aa1c62826fb9c377832292169da8b6e9 | DIFF: 2085.17019243812 | Percentage of PIE: .00011874050982899359(.01187405098289935900%)
CPID: 59900fe7ef44fe33aa2afdf98301ec1c | DIFF: 32127.0722971820 | Percentage of PIE: .00182948373121516096(.18294837312151609600%)
CPID: 6fef768a3a12d4fbbf71293346bb3fa2 | DIFF: 13998.11605713514 | Percentage of PIE: .00079712602995065798(.07971260299506579800%)
CPID: e3609d2b817e65e79cdcba44c81e0538 | DIFF: 5450.000000000000 | Percentage of PIE: .00031035153912848753(.03103515391284875300%)
CPID: 8bec951f6364cb21bd80e8ab356d3286 | DIFF: 41694.1123610940 | Percentage of PIE: .00237428109061681104(.23742810906168110400%)
CPID: 89c03d27ba3d8fea5d79c11cf02e81dd | DIFF: 1475.092220444853 | Percentage of PIE: .00008399947540761804(.00839994754076180400%)
CPID: 54b70986cfe93a59dabfcda63d3fb522 | DIFF: 411.19167807996170 | Percentage of PIE: .00002341540737044801(.00234154073704480100%)
CPID: fd5ef6cdb1c2611dc39e106faea20bb7 | DIFF: 30458.5133853145 | Percentage of PIE: .00173446724930238427(.17344672493023842700%)
CPID: fd8bf94446105ffa781c54414e287dc6 | DIFF: 18683.86990267800 | Percentage of PIE: .00106395739104083336(.10639573910408333600%)
CPID: 36426c381e65c5e28ba4a1dda2ddc692 | DIFF: 28814.1857365145 | Percentage of PIE: .00164083062239658480(.16408306223965848000%)
CPID: 4f4c22865751a0ddec009df96db4c9ae | DIFF: 412540.9736000467 | Percentage of PIE: .02349224332299802482(2.34922433229980248200%)
CPID: 0b5ef259411ec18e8dac2be0b732fd23 | DIFF: 9356.8348869551 | Percentage of PIE: .00053282717587846659(.05328271758784665900%)
CPID: 1a8309fae79be20b42354b049e392fb3 | DIFF: 134180.34560077250 | Percentage of PIE: .00764093151889763786(.76409315188976378600%)
CPID: 2082de95f77c4a69fc878de0bb3b2af5 | DIFF: 16932.622027602937 | Percentage of PIE: .00096423216655917482(.09642321665591748200%)
CPID: 61d48c317d3978c522c7eae8111730c7 | DIFF: 59259.35182016318 | Percentage of PIE: .00337453780644847376(.33745378064484737600%)
CPID: e7f90818e3e87c0bbefe83ad3cfe27e1 | DIFF: 998596.3459393400 | Percentage of PIE: .05686530512483628429(5.68653051248362842900%)
CPID: 0d7f1e96b8cd94f85090f0afcefd6959 | DIFF: 10617.95519196340 | Percentage of PIE: .00060464196994920302(.06046419699492030200%)
CPID: 55d5bff8d4a1f038692788cff11fc400 | DIFF: 6816.37932988780 | Percentage of PIE: .00038816033326867654(.03881603332686765400%)
CPID: cb44d23b2c25625262ac95cfc5792b7e | DIFF: 3322.63800410586 | Percentage of PIE: .00018920840707175404(.01892084070717540400%)
CPID: 5dcc2cda74bbec9addeb5ab85b19486c | DIFF: 1767.98268146018 | Percentage of PIE: .00010067819198966557(.01006781919896655700%)
CPID: 9a516e998ffbcb50012f95726aebbf7f | DIFF: 12355.2361482921 | Percentage of PIE: .00070357184493915215(.07035718449391521500%)
CPID: 757b02cee20ff252bcc5df3fb8f74088 | DIFF: 3074.672033075989 | Percentage of PIE: .00017508792619824754(.01750879261982475400%)
CPID: 204d178f9b6d4de25297c99fed0ed860 | DIFF: 1834748.939224260 | Percentage of PIE: .10448021233075393023(10.44802123307539302300%)
CPID: a2e48b7a0466a6166dab13ec6ca1bff5 | DIFF: 46638.39616921690 | Percentage of PIE: .00265583450157809573(.26558345015780957300%)
CPID: 01a499929b07373568b3eea3b3afe75e | DIFF: 86383.9888186873 | Percentage of PIE: .00491915667631883688(.49191566763188368800%)
CPID: 6ad54a9f1c4d97c9f1857b31c6a4127c | DIFF: 617147.58321121694 | Percentage of PIE: .03514361510440871726(3.51436151044087172600%)
CPID: 3df6e3662e9fb9653957f8c0866c4e0e | DIFF: 9949.7838064297 | Percentage of PIE: .00056659279235250617(.05665927923525061700%)
CPID: 642964c79125b793fae14c0844fa701d | DIFF: 1478.160196054500 | Percentage of PIE: .00008417418200440017(.00841741820044001700%)
CPID: 2bebcc51ce6b307d8410ba59a9072039 | DIFF: 309512.423120894 | Percentage of PIE: .01762525814586369234(1.76252581458636923400%)
CPID: 0c130640a79aab9f1eaed36277bc51fc | DIFF: 3609488.24259369340 | Percentage of PIE: .20554316175323529059(20.55431617532352905900%)
CPID: 259b837e185e461410bf4289ad7a0383 | DIFF: 3933.5563609508445 | Percentage of PIE: .00022399729740729303(.02239972974072930300%)
CPID: e8263087783a8e867bfe470a2c3d9d48 | DIFF: 16738.1455065263 | Percentage of PIE: .00095315765506550729(.09531576550655072900%)
CPID: 67a729ff15af29ce4565354a843846c8 | DIFF: 19069.521706459614 | Percentage of PIE: .00108591842422822811(.10859184242282281100%)
CPID: 82c8cbf96c2e9b738dc6c9f126a21baf | DIFF: 35.86314950226065 | Percentage of PIE: .00000204223553138011(.00020422355313801100%)
CPID: 3b3faf83b8d631ce312eeaedecd761b5 | DIFF: 100.0000000 | Percentage of PIE: .00000569452365373371(.00056945236537337100%)
CPID: fb22df7cbffb4dc2e383830cee502ba3 | DIFF: 1429.22815336750 | Percentage of PIE: .00008138773525933388(.00813877352593338800%)
CPID: fbaa9ad38365baf185e3db993677dd25 | DIFF: 28979.7177665366 | Percentage of PIE: .00165025688300069888(.16502568830006988800%)
CPID: 1ff457bcb9860833f66db19b48a3d9f4 | DIFF: 15180.69827954282 | Percentage of PIE: .00086446845433051318(.08644684543305131800%)
CPID: af5cf5f6c1867f07aebe79ac30271f17 | DIFF: 7910.5168998906153 | Percentage of PIE: .00045046625599687416(.04504662559968741600%)
CPID: 8c8744ca3866631f621851199aa79e49 | DIFF: 2644.29435939916 | Percentage of PIE: .00015057996777033161(.01505799677703316100%)
CPID: 2569d8ca4a6d4fded8091f85f2e3946d | DIFF: 250139.221691005 | Percentage of PIE: .01424423714645969823(1.42442371464596982300%)
CPID: bcf6ab65157c4652faa77b95adf3bf5c | DIFF: 1471.69132978570 | Percentage of PIE: .00008380581088459495(.00838058108845949500%)
CPID: 906d42bcc2a97c2395b5ca63e86c9ef9 | DIFF: 69570.009018768950 | Percentage of PIE: .00396168061947847747(.39616806194784774700%)
CPID: cb61a738fa12189d9f86c75499a6b010 | DIFF: 3290.446948860143 | Percentage of PIE: .00018737527981640019(.01873752798164001900%)
CPID: b837ffae734b258adde58c5ba921fc0b | DIFF: 51767.2292868775855 | Percentage of PIE: .00294789711662381186(.29478971166238118600%)
CPID: 4eda14a2be77e7d16c988d56adee4af9 | DIFF: 27093.9477887840 | Percentage of PIE: .00154287126556256803(.15428712655625680300%)
CPID: 996f951cf6784629e42d68316c67badb | DIFF: 13630.52393584474 | Percentage of PIE: .00077619340965451462(.07761934096545146200%)
CPID: 1ac793c529cd6ffa942afaef7c5068c2 | DIFF: 115969.973193119162 | Percentage of PIE: .00660393755471082050(.66039375547108205000%)
CPID: b0a778e2e8b5e53f50fb27928d8ab695 | DIFF: 82102.6344139099 | Percentage of PIE: .00467535393703861749(.46753539370386174900%)
CPID: 46f64d69eb8c5ee9cd24178b589af83f | DIFF: 9936.9754699941060 | Percentage of PIE: .00056586341860453148(.05658634186045314800%)
CPID: f8ce1bcad9522fa360cd0aee2896430f | DIFF: 11044.542777347105 | Percentage of PIE: .00062893410090276961(.06289341009027696100%)
CPID: 603f1a690bd76ad283d67480e011cec8 | DIFF: 3323.04740832959 | Percentage of PIE: .00018923172069211373(.01892317206921137300%)
CPID: 67b6ea3ddf94791ae5fb84b575c881c1 | DIFF: 13871.66133245333 | Percentage of PIE: .00078992503574238846(.07899250357423884600%)
CPID: 0a8d1a37461e99c2d61702857502493f | DIFF: 16870.34545568095 | Percentage of PIE: .00096068581244034278(.09606858124403427800%)
CPID: b1346d96ccfc02780362db504f496f6b | DIFF: 5372.84674170298 | Percentage of PIE: .00030595802858513745(.03059580285851374500%)
CPID: 1cdee1e22e5cf4c8d60795d39f91ddf5 | DIFF: 26371.464751539230 | Percentage of PIE: .00150172929811245083(.15017292981124508300%)
CPID: 1a4cc27c96d37b72cceaff8b664e45c6 | DIFF: 24517.90800083714 | Percentage of PIE: .00139617807050834223(.13961780705083422300%)
CPID: d855cb1ea1303ab47749286589f245ea | DIFF: 2990.018530334570 | Percentage of PIE: .00017026731246092331(.01702673124609233100%)
CPID: 07f28ba3a8ec9e74401bd59779c261cb | DIFF: 38269.72472961126 | Percentage of PIE: .00217927852694649465(.21792785269464946500%)
CPID: 43e87b406ac2cfe501dfbee3c7745ed2 | DIFF: 2976.58453093809 | Percentage of PIE: .00016950231018764832(.01695023101876483200%)
CPID: 713ef874f593ce679ad648186b675a11 | DIFF: 12319.147179683445 | Percentage of PIE: .00070151675008534376(.07015167500853437600%)
CPID: 016f6304bcb3dfe119177dfa66fb50ee | DIFF: 943.574202750733 | Percentage of PIE: .00005373205616616982(.00537320561661698200%)
CPID: 63d16f6259f4af0df85bb60629c86e9a | DIFF: 16763.328153382705 | Percentage of PIE: .00095459168684738150(.09545916868473815000%)
CPID: 498cd0cce160c06b0efa52064e96531a | DIFF: 6682.747137993694 | Percentage of PIE: .00038055061649226385(.03805506164922638500%)
CPID: 2fa5216607ecda3cfb99050e305ceb4f | DIFF: 69198.52581795905 | Percentage of PIE: .00394052642073871060(.39405264207387106000%)
CPID: f977703c3a06398c85ac8e34968c8b9e | DIFF: 1204.4742438365935 | Percentage of PIE: .00006858907071840513(.00685890707184051300%)
CPID: 274f4aae5a3041085e95e9c6c0acc6fd | DIFF: 94445.34938483350 | Percentage of PIE: .00537821276057079446(.53782127605707944600%)
CPID: 67b0f504a77b3f91429844591b1bbc2b | DIFF: 25398.1132508588380 | Percentage of PIE: .00144630156667223382(.14463015666722338200%)
CPID: d5675d8288439f5c59d701eae08d7147 | DIFF: 2353.242896474258 | Percentage of PIE: .00013400597336953504(.01340059733695350400%)
CPID: d2256d43384f84d75809e3c30de02c54 | DIFF: 24393.93179340800 | Percentage of PIE: .00138911821605128787(.13891182160512878700%)
CPID: f5e5133282f34c97a70111a4a79fa110 | DIFF: 26244.611282178603 | Percentage of PIE: .00149450559729412808(.14945055972941280800%)
CPID: 167e1cb1e8ef1d3771ede0175e848120 | DIFF: 1975.117381342354 | Percentage of PIE: .00011247352646954631(.01124735264695463100%)
CPID: 406c50e3243d7bae9b6d67e732f2ec9f | DIFF: 31150.91013293006 | Percentage of PIE: .00177389594587303527(.17738959458730352700%)
CPID: f0754c1f86499169dd6eac41e0760dc3 | DIFF: 33501.287293725176 | Percentage of PIE: .00190773872924646809(.19077387292464680900%)
CPID: f0e488d3d7532d6e4ce6a73d75f3ae67 | DIFF: 6120.779525101580 | Percentage of PIE: .00034854923784979969(.03485492378497996900%)
CPID: 0fb5cfc30bb9db2a4a346c3a1c2c9265 | DIFF: 25859.922570442116 | Percentage of PIE: .00147259940761105031(.14725994076110503100%)
CPID: 3d66e11ed9b5f2b2560831c86cb2a5e8 | DIFF: 2356.9573960339794 | Percentage of PIE: .00013421749642558121(.01342174964255812100%)
CPID: 7c3d563b0a7c3add154b3898cb680fbb | DIFF: 5782.616946149475 | Percentage of PIE: .00032929248980329612(.03292924898032961200%)
CPID: a8a8dc39a19d56b22056e749bf7e183a | DIFF: 234518.62553065467 | Percentage of PIE: .01335471860325432804(1.33547186032543280400%)
CPID: b12fdfd6dd109895f85df39a8ee31b75 | DIFF: 3576.78589157821 | Percentage of PIE: .00020368091863933156(.02036809186393315600%)
CPID: 431d0ac8a393f828adc516d173553434 | DIFF: 22960.27543545846 | Percentage of PIE: .00130747831563459400(.13074783156345940000%)
CPID: 4d7d2b52b8a613eccd9faff50f6d8324 | DIFF: 15480.0261391608820 | Percentage of PIE: .00088151375009867857(.08815137500986785700%)
CPID: ea4f828a360454b8e0037c28ab660914 | DIFF: 3416.734220138667 | Percentage of PIE: .00019456673835101061(.01945667383510106100%)
CPID: e60adf6eeb25da8aaf6ed2f460368189 | DIFF: 116001.888757438040 | Percentage of PIE: .00660575499407018161(.66057549940701816100%)
CPID: c239bce0a139795e37e51a20bb8ae3dc | DIFF: 8902.1548975760190 | Percentage of PIE: .00050693531633448087(.05069353163344808700%)
CPID: b8239d824b88c566b3ffd6c03b730bea | DIFF: 20704.1942572703187 | Percentage of PIE: .00117900523929523599(.11790052392952359900%)
CPID: 83149ae4c6040ac57dce0b4efefa8234 | DIFF: 1292.2367968325537 | Percentage of PIE: .00007358673005788067(.00735867300578806700%)
CPID: 55cd02be28521073d367f7ca38615682 | DIFF: 0 | Percentage of PIE: 0(0%)
CPID: 7ace61f1014802fe81b54a3010a9df33 | DIFF: 82468.601645816854 | Percentage of PIE: .00469619402762447350(.46961940276244735000%)
CPID: e5e0c31e740d02513dcc0f61f21195ca | DIFF: 3407.265353237721 | Percentage of PIE: .00019402753148559568(.01940275314855956800%)
CPID: 9ff2b091f67327b7d8e5b75fb5337514 | DIFF: 24724.540604333180 | Percentage of PIE: .00140794481299075003(.14079448129907500300%)
CPID: 2aa2958642bc7b97af20113991e0fca6 | DIFF: 57954.90161617297 | Percentage of PIE: .00330025558103107354(.33002555810310735400%)
CPID: 96c18bb4a02d15c90224a7138a540cf7 | DIFF: 51495.7286521087300 | Percentage of PIE: .00293243644875686220(.29324364487568622000%)
CPID: 752bbb4e0821d53e1e29e78602b72f3a | DIFF: 32940.7937145703250 | Percentage of PIE: .00187582128980383639(.18758212898038363900%)
CPID: cdacaba0c8c74689741b92d2e10b163b | DIFF: 6254.32901801541450 | Percentage of PIE: .00035615424531321943(.03561542453132194300%)
CPID: 015baf274dd9265b1c53d6aa064cface | DIFF: 4833856.3071734775 | Percentage of PIE: .27526509079949279781(27.52650907994927978100%)
CPID: 36f972e26d76dc93308b26bea9b7348e | DIFF: 481.1361164986215 | Percentage of PIE: .00002739840996066981(.00273984099606698100%)
CPID: 6a31cdd3f49f27be94c9d665d954e3cb | DIFF: 1150 | Percentage of PIE: .00006548702201793773(.00654870220179377300%)
CPID: 2cc383decb445b142a7794a5cac707a1 | DIFF: 7551.034796952539 | Percentage of PIE: .00042999546261412602(.04299954626141260200%)
CPID: 0b44c45c75607eee4c14cd71e9d7aeff | DIFF: 4258.125547382084 | Percentage of PIE: .00024247996650135105(.02424799665013510500%)
CPID: 1f4d8215cdc884cc2eee7a7a29301cc2 | DIFF: 4227.165022412178 | Percentage of PIE: .00024071691208361962(.02407169120836196200%)
CPID: 5188365b01e83b3244477e8c9a0062f7 | DIFF: 11652.990048429072 | Percentage of PIE: .00066358227467502953(.06635822746750295300%)
CPID: f3bc8e8c111c75bf02069df5df2e4643 | DIFF: 5250 | Percentage of PIE: .00029896249182102009(.02989624918210200900%)
CPID: 93c8e4466049ec095ed49f3288766fca | DIFF: 6974.202671353186 | Percentage of PIE: .00039714762077953588(.03971476207795358800%)
CPID: 81227c7087fc6f129ece1f581a0c43a7 | DIFF: 50 | Percentage of PIE: .00000284726182686685(.00028472618268668500%)
CPID: 9d7ae806c4d2adb73085803b323dc583 | DIFF: 332.6807953853908 | Percentage of PIE: .00001894458658465054(.00189445865846505400%)
CPID: 062c68c850bf90dd52f1d1aeff927d85 | DIFF: 3456.9461986365905 | Percentage of PIE: .00019685661897820918(.01968566189782091800%)
CPID: 08321f22a670ce593f85cee0aceed378 | DIFF: 856.7381271153548 | Percentage of PIE: .00004878715529913911(.00487871552991391100%)
Total percenatge calculated is .99999999999999999916
